Mplus VERSION 8.2
MUTHEN & MUTHEN
04/08/2021   1:55 PM

INPUT INSTRUCTIONS

    TITLE:
    Team 16;

    DATA:
    FILE = C:/data/t16.csv;
    LISTWISE = ON;

    VARIABLE:
    NAMES = country wave
    old unemp inc jobs
    female age age2
    eduP eduS eduT      !tertiary as reference
    gdp_o gdp_wb
    stock_wb stock_un
    stock_o
    net_un
    employ
    socx;

    USEVARIABLES = old unemp inc jobs
    female age age2
    eduP eduS
    gdp_o
    stock_un
    !net_un
    employ
    socx
    cw;

    MISSING = all (-99);

    !CATEGORICAL = old unemp inc jobs;

    WITHIN = female age age2
    eduP eduS;

    BETWEEN = gdp_o
    stock_un
    !net_un
    employ
    socx;

    CLUSTER = cw;

    DEFINE:
    if (old > 4) then old = 3;
    age2 = age2/100;
    gdp_o = gdp_o/1000;
    cw = country * wave;
    unemp = (-1*unemp)+5;
    old = (-1*old)+5;
    inc = (-1*inc)+5;
    jobs = (-1*jobs)+5;

    ANALYSIS:
    TYPE = TWOLEVEL;
    ESTIMATOR = BAYES;
    PROCESSORS = 2;
    !BITERATIONS=(10000);
    !PARAMETERIZATION = THETA;

    MODEL:
    %WITHIN%
    attw by unemp old inc jobs;

    attw on female age age2
    eduP eduS;

    %BETWEEN%
    attb by unemp old inc jobs;

    attb on gdp_o stock_un
    !net_un
    employ socx;

    OUTPUT:
    RESIDUAL STDYX TECH1 TECH4;



INPUT READING TERMINATED NORMALLY




Team 16;

SUMMARY OF ANALYSIS

Number of groups                                                 1
Number of observations                                       51779

Number of dependent variables                                    4
Number of independent variables                                  9
Number of continuous latent variables                            2

Observed dependent variables

  Continuous
   OLD         UNEMP       INC         JOBS

Observed independent variables
   FEMALE      AGE         AGE2        EDUP        EDUS        GDP_O
   STOCK_UN    EMPLOY      SOCX

Continuous latent variables
   ATTW        ATTB

Variables with special functions

  Cluster variable      CW

  Within variables
   FEMALE      AGE         AGE2        EDUP        EDUS

  Between variables
   GDP_O       STOCK_UN    EMPLOY      SOCX


Estimator                                                    BAYES
Specifications for Bayesian Estimation
  Point estimate                                            MEDIAN
  Number of Markov chain Monte Carlo (MCMC) chains               2
  Random seed for the first chain                                0
  Starting value information                           UNPERTURBED
  Algorithm used for Markov chain Monte Carlo           GIBBS(PX1)
  Convergence criterion                                  0.500D-01
  Maximum number of iterations                               50000
  K-th iteration used for thinning                               1

Input data file(s)
  C:/data/t16.csv
Input data format  FREE


SUMMARY OF DATA

     Number of clusters                         40

       Size (s)    Cluster ID with Size s

        717        248744
        759        782432
        785        1656956
        834        1059168
        843        1648696
        879        746232
        898        1516536
        943        742512 1524096
        954        786352
        964        1105784
        970        247504
        992        493476
       1002        72576
       1019        1516032
       1035        1111324
       1043        1508512
       1049        495936
       1069        1500992
       1093        1676640
       1134        1165248
       1151        417248
       1175        499000
       1193        1153688
       1224        1159468
       1291        1693440
       1297        1665216
       1327        504000
       1407        553656
       1422        1685040
       1493        556416
       1577        501500
       1693        1459584
       1736        1243720
       1799        71856
       2172        1508976
       2261        1445104
       2286        72216
       2307        1452344
       3043        550896




UNIVARIATE SAMPLE STATISTICS


     UNIVARIATE HIGHER-ORDER MOMENT DESCRIPTIVE STATISTICS

         Variable/         Mean/     Skewness/   Minimum/ % with                Percentiles
        Sample Size      Variance    Kurtosis    Maximum  Min/Max      20%/60%    40%/80%    Median

     OLD                   3.546      -1.189       1.000    0.72%       3.000      4.000      4.000
           51779.000       0.374       1.254       4.000   60.14%       4.000      4.000
     UNEMP                 2.946      -0.526       1.000    5.95%       2.000      3.000      3.000
           51779.000       0.687      -0.187       4.000   25.85%       3.000      4.000
     INC                   2.972      -0.568       1.000    9.99%       2.000      3.000      3.000
           51779.000       0.973      -0.775       4.000   37.30%       3.000      4.000
     JOBS                  2.754      -0.287       1.000   13.27%       2.000      3.000      3.000
           51779.000       1.001      -1.003       4.000   27.52%       3.000      4.000
     FEMALE                0.507      -0.028       0.000   49.29%       0.000      0.000      1.000
           51779.000       0.250      -1.999       1.000   50.71%       1.000      1.000
     AGE                  48.140       0.156      15.000    0.04%      32.000     42.000     48.000
           51779.000     283.960      -0.834      97.000    0.01%      53.000     64.000
     AGE2                 26.014       0.743       2.250    0.04%      10.240     17.640     23.040
           51779.000     287.034      -0.106      94.090    0.01%      28.090     40.960
     EDUP                  0.195       1.536       0.000   80.45%       0.000      0.000      0.000
           51779.000       0.157       0.359       1.000   19.55%       0.000      0.000
     EDUS                  0.420       0.324       0.000   57.99%       0.000      0.000      0.000
           51779.000       0.244      -1.895       1.000   42.01%       1.000      1.000
     GDP_O                35.752       0.456      16.915    2.50%      23.955     30.844     34.662
              40.000     137.117      -0.525      63.889    2.50%      37.468     44.865
     STOCK_UN             12.957       0.570       1.139    2.50%       7.271     10.683     11.930
              40.000      46.396      -0.080      29.307    2.50%      13.111     17.024
     EMPLOY               57.917      -1.101      39.832    2.50%      52.850     57.898     59.225
              40.000      32.162       0.953      65.382    2.50%      60.506     62.259
     SOCX                 21.587       0.464      14.500    2.50%      16.700     19.100     20.600
              40.000      21.834      -0.904      31.500    2.50%      21.500     25.900


THE MODEL ESTIMATION TERMINATED NORMALLY

     USE THE FBITERATIONS OPTION TO INCREASE THE NUMBER OF ITERATIONS BY A FACTOR
     OF AT LEAST TWO TO CHECK CONVERGENCE AND THAT THE PSR VALUE DOES NOT INCREASE.



MODEL FIT INFORMATION

Number of Free Parameters                              29

Bayesian Posterior Predictive Checking using Chi-Square

          95% Confidence Interval for the Difference Between
          the Observed and the Replicated Chi-Square Values

                               1305.700          1434.233

          Posterior Predictive P-Value              0.000

Information Criteria

          Deviance (DIC)                       454729.210
          Estimated Number of Parameters (pD)     123.184



MODEL RESULTS

                                Posterior  One-Tailed         95% C.I.
                    Estimate       S.D.      P-Value   Lower 2.5%  Upper 2.5%  Significance

Within Level

 ATTW     BY
    UNEMP              1.000       0.000      0.000       1.000       1.000
    OLD                0.619       0.007      0.000       0.606       0.632      *
    INC                1.254       0.013      0.000       1.226       1.276      *
    JOBS               1.166       0.012      0.000       1.142       1.189      *

 ATTW       ON
    FEMALE             0.124       0.005      0.000       0.113       0.133      *
    AGE               -0.002       0.001      0.000      -0.003      -0.001      *
    AGE2               0.003       0.001      0.000       0.002       0.004      *
    EDUP               0.270       0.008      0.000       0.252       0.285      *
    EDUS               0.153       0.006      0.000       0.142       0.164      *

 Residual Variances
    OLD                0.244       0.002      0.000       0.241       0.248      *
    UNEMP              0.347       0.003      0.000       0.341       0.352      *
    INC                0.516       0.005      0.000       0.507       0.526      *
    JOBS               0.544       0.005      0.000       0.536       0.553      *
    ATTW               0.221       0.003      0.000       0.215       0.229      *

Between Level

 ATTB     BY
    UNEMP              1.000       0.000      0.000       1.000       1.000
    OLD                0.518       0.090      0.000       0.356       0.725      *
    INC                0.817       0.129      0.000       0.582       1.100      *
    JOBS               1.058       0.129      0.000       0.821       1.340      *

 ATTB       ON
    GDP_O              0.003       0.004      0.199      -0.005       0.010
    STOCK_UN          -0.014       0.006      0.015      -0.028      -0.001      *
    EMPLOY            -0.013       0.005      0.001      -0.023      -0.005      *
    SOCX               0.016       0.008      0.018       0.002       0.032      *

 Intercepts
    OLD                3.678       0.142      0.000       3.498       3.953      *
    UNEMP              3.228       0.256      0.000       2.880       3.643      *
    INC                3.138       0.214      0.000       2.835       3.540      *
    JOBS               3.020       0.272      0.000       2.642       3.505      *

 Residual Variances
    OLD                0.018       0.005      0.000       0.012       0.032      *
    UNEMP              0.011       0.007      0.000       0.003       0.028      *
    INC                0.025       0.008      0.000       0.013       0.046      *
    JOBS               0.024       0.009      0.000       0.011       0.047      *
    ATTB               0.047       0.017      0.000       0.024       0.091      *


STANDARDIZED MODEL RESULTS


STDYX Standardization

                                Posterior  One-Tailed         95% C.I.
                    Estimate       S.D.      P-Value   Lower 2.5%  Upper 2.5%  Significance
Within Level

 ATTW     BY
    UNEMP              0.638       0.004      0.000       0.631       0.646      *
    OLD                0.521       0.004      0.000       0.512       0.528      *
    INC                0.648       0.004      0.000       0.639       0.655      *
    JOBS               0.610       0.004      0.000       0.602       0.618      *

 ATTW       ON
    FEMALE             0.127       0.005      0.000       0.117       0.136      *
    AGE               -0.063       0.022      0.000      -0.113      -0.030      *
    AGE2               0.105       0.023      0.000       0.066       0.156      *
    EDUP               0.220       0.007      0.000       0.206       0.231      *
    EDUS               0.155       0.006      0.000       0.144       0.166      *

 Residual Variances
    OLD                0.729       0.004      0.000       0.721       0.738      *
    UNEMP              0.594       0.005      0.000       0.583       0.602      *
    INC                0.581       0.005      0.000       0.571       0.591      *
    JOBS               0.628       0.005      0.000       0.617       0.637      *
    ATTW               0.933       0.003      0.000       0.928       0.938      *

Between Level

 ATTB     BY
    UNEMP              0.939       0.042      0.000       0.826       0.986      *
    OLD                0.745       0.087      0.000       0.522       0.865      *
    INC                0.831       0.067      0.000       0.665       0.921      *
    JOBS               0.896       0.046      0.000       0.775       0.954      *

 ATTB       ON
    GDP_O              0.119       0.142      0.199      -0.185       0.394
    STOCK_UN          -0.331       0.141      0.015      -0.589      -0.025      *
    EMPLOY            -0.260       0.091      0.001      -0.436      -0.087      *
    SOCX               0.263       0.111      0.018       0.027       0.472      *

 Intercepts
    OLD               18.035       2.028      0.000      14.207      22.018      *
    UNEMP             10.408       1.422      0.000       7.926      13.411      *
    INC               11.020       1.363      0.000       8.481      13.872      *
    JOBS               8.773       1.204      0.000       6.721      11.152      *

 Residual Variances
    OLD                0.445       0.121      0.000       0.252       0.726      *
    UNEMP              0.119       0.076      0.000       0.027       0.315      *
    INC                0.309       0.106      0.000       0.150       0.555      *
    JOBS               0.197       0.080      0.000       0.089       0.400      *
    ATTB               0.564       0.110      0.000       0.366       0.805      *


R-SQUARE

Within Level

                                Posterior  One-Tailed         95% C.I.
    Variable        Estimate       S.D.      P-Value   Lower 2.5%  Upper 2.5%

    OLD                0.271       0.004      0.000       0.262       0.279
    UNEMP              0.406       0.005      0.000       0.398       0.417
    INC                0.419       0.005      0.000       0.409       0.429
    JOBS               0.372       0.005      0.000       0.363       0.383

                                Posterior  One-Tailed         95% C.I.
    Variable        Estimate       S.D.      P-Value   Lower 2.5%  Upper 2.5%

    ATTW               0.067       0.003      0.000       0.061       0.072

Between Level

                                Posterior  One-Tailed         95% C.I.
    Variable        Estimate       S.D.      P-Value   Lower 2.5%  Upper 2.5%

    OLD                0.555       0.121      0.000       0.273       0.748
    UNEMP              0.881       0.076      0.000       0.682       0.973
    INC                0.691       0.106      0.000       0.442       0.849
    JOBS               0.803       0.080      0.000       0.600       0.910

                                Posterior  One-Tailed         95% C.I.
    Variable        Estimate       S.D.      P-Value   Lower 2.5%  Upper 2.5%

    ATTB               0.436       0.110      0.000       0.194       0.634


RESIDUAL OUTPUT


     ESTIMATED MODEL


     WITHIN LEVEL


           Means
              OLD           UNEMP         INC           JOBS          FEMALE
              ________      ________      ________      ________      ________
                0.105         0.170         0.213         0.198         0.507


           Means
              AGE           AGE2          EDUP          EDUS          GDP_O
              ________      ________      ________      ________      ________
               48.140        26.014         0.195         0.420         0.000


           Means
              STOCK_UN      EMPLOY        SOCX
              ________      ________      ________
                0.000         0.000         0.000


           Covariances
              OLD           UNEMP         INC           JOBS          FEMALE
              ________      ________      ________      ________      ________
 OLD            0.335
 UNEMP          0.147         0.584
 INC            0.184         0.297         0.889
 JOBS           0.171         0.277         0.347         0.866
 FEMALE         0.020         0.032         0.040         0.038         0.250
 AGE            0.376         0.607         0.761         0.708        -0.171
 AGE2           0.413         0.667         0.837         0.778        -0.151
 EDUP           0.020         0.033         0.041         0.038         0.003
 EDUS           0.009         0.014         0.018         0.017         0.003
 GDP_O          0.000         0.000         0.000         0.000         0.000
 STOCK_UN       0.000         0.000         0.000         0.000         0.000
 EMPLOY         0.000         0.000         0.000         0.000         0.000
 SOCX           0.000         0.000         0.000         0.000         0.000


           Covariances
              AGE           AGE2          EDUP          EDUS          GDP_O
              ________      ________      ________      ________      ________
 AGE          283.960
 AGE2         280.878       287.034
 EDUP           1.715         1.812         0.157
 EDUS          -1.039        -0.991        -0.082         0.244
 GDP_O          0.000         0.000         0.000         0.000         0.000
 STOCK_UN       0.000         0.000         0.000         0.000         0.000
 EMPLOY         0.000         0.000         0.000         0.000         0.000
 SOCX           0.000         0.000         0.000         0.000         0.000


           Covariances
              STOCK_UN      EMPLOY        SOCX
              ________      ________      ________
 STOCK_UN       0.000
 EMPLOY         0.000         0.000
 SOCX           0.000         0.000         0.000


           Correlations
              OLD           UNEMP         INC           JOBS          FEMALE
              ________      ________      ________      ________      ________
 OLD            1.000
 UNEMP          0.332         1.000
 INC            0.337         0.413         1.000
 JOBS           0.318         0.389         0.395         1.000
 FEMALE         0.069         0.084         0.086         0.081         1.000
 AGE            0.039         0.047         0.048         0.045        -0.020
 AGE2           0.042         0.052         0.052         0.049        -0.018
 EDUP           0.088         0.108         0.109         0.103         0.017
 EDUS           0.031         0.038         0.039         0.037         0.013
 GDP_O          0.000         0.000         0.000         0.000         0.000
 STOCK_UN       0.000         0.000         0.000         0.000         0.000
 EMPLOY         0.000         0.000         0.000         0.000         0.000
 SOCX           0.000         0.000         0.000         0.000         0.000


           Correlations
              AGE           AGE2          EDUP          EDUS          GDP_O
              ________      ________      ________      ________      ________
 AGE            1.000
 AGE2           0.984         1.000
 EDUP           0.257         0.270         1.000
 EDUS          -0.125        -0.118        -0.420         1.000
 GDP_O          0.000         0.000         0.000         0.000         0.000
 STOCK_UN       0.000         0.000         0.000         0.000         0.000
 EMPLOY         0.000         0.000         0.000         0.000         0.000
 SOCX           0.000         0.000         0.000         0.000         0.000


           Correlations
              STOCK_UN      EMPLOY        SOCX
              ________      ________      ________
 STOCK_UN       0.000
 EMPLOY         0.000         0.000
 SOCX           0.000         0.000         0.000


     BETWEEN LEVEL


           Means
              OLD           UNEMP         INC           JOBS          FEMALE
              ________      ________      ________      ________      ________
                3.417         2.723         2.725         2.486         0.000


           Means
              AGE           AGE2          EDUP          EDUS          GDP_O
              ________      ________      ________      ________      ________
                0.000         0.000         0.000         0.000        35.752


           Means
              STOCK_UN      EMPLOY        SOCX
              ________      ________      ________
               12.957        57.917        21.587


           Covariances
              OLD           UNEMP         INC           JOBS          FEMALE
              ________      ________      ________      ________      ________
 OLD            0.040
 UNEMP          0.042         0.092
 INC            0.034         0.066         0.078
 JOBS           0.044         0.085         0.069         0.113
 FEMALE         0.000         0.000         0.000         0.000         0.000
 AGE            0.000         0.000         0.000         0.000         0.000
 AGE2           0.000         0.000         0.000         0.000         0.000
 EDUP           0.000         0.000         0.000         0.000         0.000
 EDUS           0.000         0.000         0.000         0.000         0.000
 GDP_O         -0.160        -0.308        -0.252        -0.326         0.000
 STOCK_UN      -0.480        -0.928        -0.758        -0.982         0.000
 EMPLOY        -0.408        -0.788        -0.644        -0.834         0.000
 SOCX           0.330         0.638         0.521         0.675         0.000


           Covariances
              AGE           AGE2          EDUP          EDUS          GDP_O
              ________      ________      ________      ________      ________
 AGE            0.000
 AGE2           0.000         0.000
 EDUP           0.000         0.000         0.000
 EDUS           0.000         0.000         0.000         0.000
 GDP_O          0.000         0.000         0.000         0.000       137.117
 STOCK_UN       0.000         0.000         0.000         0.000        32.162
 EMPLOY         0.000         0.000         0.000         0.000        27.368
 SOCX           0.000         0.000         0.000         0.000         6.279


           Covariances
              STOCK_UN      EMPLOY        SOCX
              ________      ________      ________
 STOCK_UN      46.396
 EMPLOY        17.992        32.162
 SOCX          -8.053       -11.518        21.834


           Correlations
              OLD           UNEMP         INC           JOBS          FEMALE
              ________      ________      ________      ________      ________
 OLD            1.000
 UNEMP          0.688         1.000
 INC            0.609         0.774         1.000
 JOBS           0.655         0.832         0.736         1.000
 FEMALE         0.000         0.000         0.000         0.000         0.000
 AGE            0.000         0.000         0.000         0.000         0.000
 AGE2           0.000         0.000         0.000         0.000         0.000
 EDUP           0.000         0.000         0.000         0.000         0.000
 EDUS           0.000         0.000         0.000         0.000         0.000
 GDP_O         -0.068        -0.087        -0.077        -0.083         0.000
 STOCK_UN      -0.354        -0.450        -0.398        -0.428         0.000
 EMPLOY        -0.361        -0.459        -0.406        -0.436         0.000
 SOCX           0.355         0.451         0.399         0.429         0.000


           Correlations
              AGE           AGE2          EDUP          EDUS          GDP_O
              ________      ________      ________      ________      ________
 AGE            0.000
 AGE2           0.000         0.000
 EDUP           0.000         0.000         0.000
 EDUS           0.000         0.000         0.000         0.000
 GDP_O          0.000         0.000         0.000         0.000         1.000
 STOCK_UN       0.000         0.000         0.000         0.000         0.403
 EMPLOY         0.000         0.000         0.000         0.000         0.412
 SOCX           0.000         0.000         0.000         0.000         0.115


           Correlations
              STOCK_UN      EMPLOY        SOCX
              ________      ________      ________
 STOCK_UN       1.000
 EMPLOY         0.466         1.000
 SOCX          -0.253        -0.435         1.000


TECHNICAL 1 OUTPUT


     PARAMETER SPECIFICATION FOR WITHIN


           NU
              OLD           UNEMP         INC           JOBS          FEMALE
              ________      ________      ________      ________      ________
                    0             0             0             0             0


           NU
              AGE           AGE2          EDUP          EDUS
              ________      ________      ________      ________
                    0             0             0             0


           LAMBDA
              ATTW          FEMALE        AGE           AGE2          EDUP
              ________      ________      ________      ________      ________
 OLD                1             0             0             0             0
 UNEMP              0             0             0             0             0
 INC                2             0             0             0             0
 JOBS               3             0             0             0             0
 FEMALE             0             0             0             0             0
 AGE                0             0             0             0             0
 AGE2               0             0             0             0             0
 EDUP               0             0             0             0             0
 EDUS               0             0             0             0             0


           LAMBDA
              EDUS
              ________
 OLD                0
 UNEMP              0
 INC                0
 JOBS               0
 FEMALE             0
 AGE                0
 AGE2               0
 EDUP               0
 EDUS               0


           THETA
              OLD           UNEMP         INC           JOBS          FEMALE
              ________      ________      ________      ________      ________
 OLD                4
 UNEMP              0             5
 INC                0             0             6
 JOBS               0             0             0             7
 FEMALE             0             0             0             0             0
 AGE                0             0             0             0             0
 AGE2               0             0             0             0             0
 EDUP               0             0             0             0             0
 EDUS               0             0             0             0             0


           THETA
              AGE           AGE2          EDUP          EDUS
              ________      ________      ________      ________
 AGE                0
 AGE2               0             0
 EDUP               0             0             0
 EDUS               0             0             0             0


           ALPHA
              ATTW          FEMALE        AGE           AGE2          EDUP
              ________      ________      ________      ________      ________
                    0             0             0             0             0


           ALPHA
              EDUS
              ________
                    0


           BETA
              ATTW          FEMALE        AGE           AGE2          EDUP
              ________      ________      ________      ________      ________
 ATTW               0             8             9            10            11
 FEMALE             0             0             0             0             0
 AGE                0             0             0             0             0
 AGE2               0             0             0             0             0
 EDUP               0             0             0             0             0
 EDUS               0             0             0             0             0


           BETA
              EDUS
              ________
 ATTW              12
 FEMALE             0
 AGE                0
 AGE2               0
 EDUP               0
 EDUS               0


           PSI
              ATTW          FEMALE        AGE           AGE2          EDUP
              ________      ________      ________      ________      ________
 ATTW              13
 FEMALE             0             0
 AGE                0             0             0
 AGE2               0             0             0             0
 EDUP               0             0             0             0             0
 EDUS               0             0             0             0             0


           PSI
              EDUS
              ________
 EDUS               0


     PARAMETER SPECIFICATION FOR BETWEEN


           NU
              OLD           UNEMP         INC           JOBS          GDP_O
              ________      ________      ________      ________      ________
                   14            15            16            17             0


           NU
              STOCK_UN      EMPLOY        SOCX
              ________      ________      ________
                    0             0             0


           LAMBDA
              ATTB          GDP_O         STOCK_UN      EMPLOY        SOCX
              ________      ________      ________      ________      ________
 OLD               18             0             0             0             0
 UNEMP              0             0             0             0             0
 INC               19             0             0             0             0
 JOBS              20             0             0             0             0
 GDP_O              0             0             0             0             0
 STOCK_UN           0             0             0             0             0
 EMPLOY             0             0             0             0             0
 SOCX               0             0             0             0             0


           THETA
              OLD           UNEMP         INC           JOBS          GDP_O
              ________      ________      ________      ________      ________
 OLD               21
 UNEMP              0            22
 INC                0             0            23
 JOBS               0             0             0            24
 GDP_O              0             0             0             0             0
 STOCK_UN           0             0             0             0             0
 EMPLOY             0             0             0             0             0
 SOCX               0             0             0             0             0


           THETA
              STOCK_UN      EMPLOY        SOCX
              ________      ________      ________
 STOCK_UN           0
 EMPLOY             0             0
 SOCX               0             0             0


           ALPHA
              ATTB          GDP_O         STOCK_UN      EMPLOY        SOCX
              ________      ________      ________      ________      ________
                    0             0             0             0             0


           BETA
              ATTB          GDP_O         STOCK_UN      EMPLOY        SOCX
              ________      ________      ________      ________      ________
 ATTB               0            25            26            27            28
 GDP_O              0             0             0             0             0
 STOCK_UN           0             0             0             0             0
 EMPLOY             0             0             0             0             0
 SOCX               0             0             0             0             0


           PSI
              ATTB          GDP_O         STOCK_UN      EMPLOY        SOCX
              ________      ________      ________      ________      ________
 ATTB              29
 GDP_O              0             0
 STOCK_UN           0             0             0
 EMPLOY             0             0             0             0
 SOCX               0             0             0             0             0


     STARTING VALUES FOR WITHIN


           NU
              OLD           UNEMP         INC           JOBS          FEMALE
              ________      ________      ________      ________      ________
                0.000         0.000         0.000         0.000         0.000


           NU
              AGE           AGE2          EDUP          EDUS
              ________      ________      ________      ________
                0.000         0.000         0.000         0.000


           LAMBDA
              ATTW          FEMALE        AGE           AGE2          EDUP
              ________      ________      ________      ________      ________
 OLD            1.000         0.000         0.000         0.000         0.000
 UNEMP          1.000         0.000         0.000         0.000         0.000
 INC            1.000         0.000         0.000         0.000         0.000
 JOBS           1.000         0.000         0.000         0.000         0.000
 FEMALE         0.000         1.000         0.000         0.000         0.000
 AGE            0.000         0.000         1.000         0.000         0.000
 AGE2           0.000         0.000         0.000         1.000         0.000
 EDUP           0.000         0.000         0.000         0.000         1.000
 EDUS           0.000         0.000         0.000         0.000         0.000


           LAMBDA
              EDUS
              ________
 OLD            0.000
 UNEMP          0.000
 INC            0.000
 JOBS           0.000
 FEMALE         0.000
 AGE            0.000
 AGE2           0.000
 EDUP           0.000
 EDUS           1.000


           THETA
              OLD           UNEMP         INC           JOBS          FEMALE
              ________      ________      ________      ________      ________
 OLD            0.187
 UNEMP          0.000         0.343
 INC            0.000         0.000         0.487
 JOBS           0.000         0.000         0.000         0.501
 FEMALE         0.000         0.000         0.000         0.000         0.000
 AGE            0.000         0.000         0.000         0.000         0.000
 AGE2           0.000         0.000         0.000         0.000         0.000
 EDUP           0.000         0.000         0.000         0.000         0.000
 EDUS           0.000         0.000         0.000         0.000         0.000


           THETA
              AGE           AGE2          EDUP          EDUS
              ________      ________      ________      ________
 AGE            0.000
 AGE2           0.000         0.000
 EDUP           0.000         0.000         0.000
 EDUS           0.000         0.000         0.000         0.000


           ALPHA
              ATTW          FEMALE        AGE           AGE2          EDUP
              ________      ________      ________      ________      ________
                0.000         0.000         0.000         0.000         0.000


           ALPHA
              EDUS
              ________
                0.000


           BETA
              ATTW          FEMALE        AGE           AGE2          EDUP
              ________      ________      ________      ________      ________
 ATTW           0.000         0.000         0.000         0.000         0.000
 FEMALE         0.000         0.000         0.000         0.000         0.000
 AGE            0.000         0.000         0.000         0.000         0.000
 AGE2           0.000         0.000         0.000         0.000         0.000
 EDUP           0.000         0.000         0.000         0.000         0.000
 EDUS           0.000         0.000         0.000         0.000         0.000


           BETA
              EDUS
              ________
 ATTW           0.000
 FEMALE         0.000
 AGE            0.000
 AGE2           0.000
 EDUP           0.000
 EDUS           0.000


           PSI
              ATTW          FEMALE        AGE           AGE2          EDUP
              ________      ________      ________      ________      ________
 ATTW           1.000
 FEMALE         0.000         0.125
 AGE            0.000         0.000       141.980
 AGE2           0.000         0.000         0.000       143.517
 EDUP           0.000         0.000         0.000         0.000         0.079
 EDUS           0.000         0.000         0.000         0.000         0.000


           PSI
              EDUS
              ________
 EDUS           0.122


     STARTING VALUES FOR BETWEEN


           NU
              OLD           UNEMP         INC           JOBS          GDP_O
              ________      ________      ________      ________      ________
                3.546         2.946         2.972         2.754         0.000


           NU
              STOCK_UN      EMPLOY        SOCX
              ________      ________      ________
                0.000         0.000         0.000


           LAMBDA
              ATTB          GDP_O         STOCK_UN      EMPLOY        SOCX
              ________      ________      ________      ________      ________
 OLD            1.000         0.000         0.000         0.000         0.000
 UNEMP          1.000         0.000         0.000         0.000         0.000
 INC            1.000         0.000         0.000         0.000         0.000
 JOBS           1.000         0.000         0.000         0.000         0.000
 GDP_O          0.000         1.000         0.000         0.000         0.000
 STOCK_UN       0.000         0.000         1.000         0.000         0.000
 EMPLOY         0.000         0.000         0.000         1.000         0.000
 SOCX           0.000         0.000         0.000         0.000         1.000


           THETA
              OLD           UNEMP         INC           JOBS          GDP_O
              ________      ________      ________      ________      ________
 OLD            0.187
 UNEMP          0.000         0.343
 INC            0.000         0.000         0.487
 JOBS           0.000         0.000         0.000         0.501
 GDP_O          0.000         0.000         0.000         0.000         0.000
 STOCK_UN       0.000         0.000         0.000         0.000         0.000
 EMPLOY         0.000         0.000         0.000         0.000         0.000
 SOCX           0.000         0.000         0.000         0.000         0.000


           THETA
              STOCK_UN      EMPLOY        SOCX
              ________      ________      ________
 STOCK_UN       0.000
 EMPLOY         0.000         0.000
 SOCX           0.000         0.000         0.000


           ALPHA
              ATTB          GDP_O         STOCK_UN      EMPLOY        SOCX
              ________      ________      ________      ________      ________
                0.000         0.000         0.000         0.000         0.000


           BETA
              ATTB          GDP_O         STOCK_UN      EMPLOY        SOCX
              ________      ________      ________      ________      ________
 ATTB           0.000         0.000         0.000         0.000         0.000
 GDP_O          0.000         0.000         0.000         0.000         0.000
 STOCK_UN       0.000         0.000         0.000         0.000         0.000
 EMPLOY         0.000         0.000         0.000         0.000         0.000
 SOCX           0.000         0.000         0.000         0.000         0.000


           PSI
              ATTB          GDP_O         STOCK_UN      EMPLOY        SOCX
              ________      ________      ________      ________      ________
 ATTB           1.000
 GDP_O          0.000        65.764
 STOCK_UN       0.000         0.000        22.373
 EMPLOY         0.000         0.000         0.000        19.188
 SOCX           0.000         0.000         0.000         0.000        10.449



     PRIORS FOR ALL PARAMETERS            PRIOR MEAN      PRIOR VARIANCE     PRIOR STD. DEV.

     Parameter 1~N(0.000,infinity)           0.0000            infinity            infinity
     Parameter 2~N(0.000,infinity)           0.0000            infinity            infinity
     Parameter 3~N(0.000,infinity)           0.0000            infinity            infinity
     Parameter 4~IG(-1.000,0.000)          infinity            infinity            infinity
     Parameter 5~IG(-1.000,0.000)          infinity            infinity            infinity
     Parameter 6~IG(-1.000,0.000)          infinity            infinity            infinity
     Parameter 7~IG(-1.000,0.000)          infinity            infinity            infinity
     Parameter 8~N(0.000,infinity)           0.0000            infinity            infinity
     Parameter 9~N(0.000,infinity)           0.0000            infinity            infinity
     Parameter 10~N(0.000,infinity)          0.0000            infinity            infinity
     Parameter 11~N(0.000,infinity)          0.0000            infinity            infinity
     Parameter 12~N(0.000,infinity)          0.0000            infinity            infinity
     Parameter 13~IG(-1.000,0.000)         infinity            infinity            infinity
     Parameter 14~N(0.000,infinity)          0.0000            infinity            infinity
     Parameter 15~N(0.000,infinity)          0.0000            infinity            infinity
     Parameter 16~N(0.000,infinity)          0.0000            infinity            infinity
     Parameter 17~N(0.000,infinity)          0.0000            infinity            infinity
     Parameter 18~N(0.000,infinity)          0.0000            infinity            infinity
     Parameter 19~N(0.000,infinity)          0.0000            infinity            infinity
     Parameter 20~N(0.000,infinity)          0.0000            infinity            infinity
     Parameter 21~IG(-1.000,0.000)         infinity            infinity            infinity
     Parameter 22~IG(-1.000,0.000)         infinity            infinity            infinity
     Parameter 23~IG(-1.000,0.000)         infinity            infinity            infinity
     Parameter 24~IG(-1.000,0.000)         infinity            infinity            infinity
     Parameter 25~N(0.000,infinity)          0.0000            infinity            infinity
     Parameter 26~N(0.000,infinity)          0.0000            infinity            infinity
     Parameter 27~N(0.000,infinity)          0.0000            infinity            infinity
     Parameter 28~N(0.000,infinity)          0.0000            infinity            infinity
     Parameter 29~IG(-1.000,0.000)         infinity            infinity            infinity


TECHNICAL 4 OUTPUT


     ESTIMATES DERIVED FROM THE MODEL FOR WITHIN


           ESTIMATED MEANS FOR THE LATENT VARIABLES
              ATTW          ATTB          FEMALE        AGE           AGE2
              ________      ________      ________      ________      ________
                0.170         0.000         0.507        48.140        26.014


           ESTIMATED MEANS FOR THE LATENT VARIABLES
              EDUP          EDUS          GDP_O         STOCK_UN      EMPLOY
              ________      ________      ________      ________      ________
                0.195         0.420         0.000         0.000         0.000


           ESTIMATED MEANS FOR THE LATENT VARIABLES
              SOCX
              ________
                0.000


           ESTIMATED COVARIANCE MATRIX FOR THE LATENT VARIABLES
              ATTW          ATTB          FEMALE        AGE           AGE2
              ________      ________      ________      ________      ________
 ATTW           0.237
 ATTB           0.000         0.000
 FEMALE         0.032         0.000         0.250
 AGE            0.607         0.000        -0.171       283.960
 AGE2           0.667         0.000        -0.151       280.878       287.034
 EDUP           0.033         0.000         0.003         1.715         1.812
 EDUS           0.014         0.000         0.003        -1.039        -0.991
 GDP_O          0.000         0.000         0.000         0.000         0.000
 STOCK_UN       0.000         0.000         0.000         0.000         0.000
 EMPLOY         0.000         0.000         0.000         0.000         0.000
 SOCX           0.000         0.000         0.000         0.000         0.000


           ESTIMATED COVARIANCE MATRIX FOR THE LATENT VARIABLES
              EDUP          EDUS          GDP_O         STOCK_UN      EMPLOY
              ________      ________      ________      ________      ________
 EDUP           0.157
 EDUS          -0.082         0.244
 GDP_O          0.000         0.000         0.000
 STOCK_UN       0.000         0.000         0.000         0.000
 EMPLOY         0.000         0.000         0.000         0.000         0.000
 SOCX           0.000         0.000         0.000         0.000         0.000


           ESTIMATED COVARIANCE MATRIX FOR THE LATENT VARIABLES
              SOCX
              ________
 SOCX           0.000


           ESTIMATED CORRELATION MATRIX FOR THE LATENT VARIABLES
              ATTW          ATTB          FEMALE        AGE           AGE2
              ________      ________      ________      ________      ________
 ATTW           1.000
 ATTB           0.000         0.000
 FEMALE         0.132         0.000         1.000
 AGE            0.074         0.000        -0.020         1.000
 AGE2           0.081         0.000        -0.018         0.984         1.000
 EDUP           0.169         0.000         0.017         0.257         0.270
 EDUS           0.060         0.000         0.013        -0.125        -0.118
 GDP_O          0.000         0.000         0.000         0.000         0.000
 STOCK_UN       0.000         0.000         0.000         0.000         0.000
 EMPLOY         0.000         0.000         0.000         0.000         0.000
 SOCX           0.000         0.000         0.000         0.000         0.000


           ESTIMATED CORRELATION MATRIX FOR THE LATENT VARIABLES
              EDUP          EDUS          GDP_O         STOCK_UN      EMPLOY
              ________      ________      ________      ________      ________
 EDUP           1.000
 EDUS          -0.420         1.000
 GDP_O          0.000         0.000         0.000
 STOCK_UN       0.000         0.000         0.000         0.000
 EMPLOY         0.000         0.000         0.000         0.000         0.000
 SOCX           0.000         0.000         0.000         0.000         0.000


           ESTIMATED CORRELATION MATRIX FOR THE LATENT VARIABLES
              SOCX
              ________
 SOCX           0.000


     ESTIMATES DERIVED FROM THE MODEL FOR BETWEEN


           ESTIMATED MEANS FOR THE LATENT VARIABLES
              ATTW          ATTB          FEMALE        AGE           AGE2
              ________      ________      ________      ________      ________
                0.000        -0.505         0.000         0.000         0.000


           ESTIMATED MEANS FOR THE LATENT VARIABLES
              EDUP          EDUS          GDP_O         STOCK_UN      EMPLOY
              ________      ________      ________      ________      ________
                0.000         0.000        35.752        12.957        57.917


           ESTIMATED MEANS FOR THE LATENT VARIABLES
              SOCX
              ________
               21.587


           ESTIMATED COVARIANCE MATRIX FOR THE LATENT VARIABLES
              ATTW          ATTB          FEMALE        AGE           AGE2
              ________      ________      ________      ________      ________
 ATTW           0.000
 ATTB           0.000         0.080
 FEMALE         0.000         0.000         0.000
 AGE            0.000         0.000         0.000         0.000
 AGE2           0.000         0.000         0.000         0.000         0.000
 EDUP           0.000         0.000         0.000         0.000         0.000
 EDUS           0.000         0.000         0.000         0.000         0.000
 GDP_O          0.000        -0.308         0.000         0.000         0.000
 STOCK_UN       0.000        -0.928         0.000         0.000         0.000
 EMPLOY         0.000        -0.788         0.000         0.000         0.000
 SOCX           0.000         0.638         0.000         0.000         0.000


           ESTIMATED COVARIANCE MATRIX FOR THE LATENT VARIABLES
              EDUP          EDUS          GDP_O         STOCK_UN      EMPLOY
              ________      ________      ________      ________      ________
 EDUP           0.000
 EDUS           0.000         0.000
 GDP_O          0.000         0.000       137.117
 STOCK_UN       0.000         0.000        32.162        46.396
 EMPLOY         0.000         0.000        27.368        17.992        32.162
 SOCX           0.000         0.000         6.279        -8.053       -11.518


           ESTIMATED COVARIANCE MATRIX FOR THE LATENT VARIABLES
              SOCX
              ________
 SOCX          21.834


           ESTIMATED CORRELATION MATRIX FOR THE LATENT VARIABLES
              ATTW          ATTB          FEMALE        AGE           AGE2
              ________      ________      ________      ________      ________
 ATTW           0.000
 ATTB           0.000         1.000
 FEMALE         0.000         0.000         0.000
 AGE            0.000         0.000         0.000         0.000
 AGE2           0.000         0.000         0.000         0.000         0.000
 EDUP           0.000         0.000         0.000         0.000         0.000
 EDUS           0.000         0.000         0.000         0.000         0.000
 GDP_O          0.000        -0.093         0.000         0.000         0.000
 STOCK_UN       0.000        -0.481         0.000         0.000         0.000
 EMPLOY         0.000        -0.491         0.000         0.000         0.000
 SOCX           0.000         0.482         0.000         0.000         0.000


           ESTIMATED CORRELATION MATRIX FOR THE LATENT VARIABLES
              EDUP          EDUS          GDP_O         STOCK_UN      EMPLOY
              ________      ________      ________      ________      ________
 EDUP           0.000
 EDUS           0.000         0.000
 GDP_O          0.000         0.000         1.000
 STOCK_UN       0.000         0.000         0.403         1.000
 EMPLOY         0.000         0.000         0.412         0.466         1.000
 SOCX           0.000         0.000         0.115        -0.253        -0.435


           ESTIMATED CORRELATION MATRIX FOR THE LATENT VARIABLES
              SOCX
              ________
 SOCX           1.000


DIAGRAM INFORMATION

  Mplus diagrams are currently not available for multilevel analysis.
  No diagram output was produced.


     Beginning Time:  13:55:20
        Ending Time:  13:55:45
       Elapsed Time:  00:00:25



MUTHEN & MUTHEN
3463 Stoner Ave.
Los Angeles, CA  90066

Tel: (310) 391-9971
Fax: (310) 391-8971
Web: www.StatModel.com
Support: Support@StatModel.com

Copyright (c) 1998-2018 Muthen & Muthen
