Mplus VERSION 8.2
MUTHEN & MUTHEN
02/27/2020   2:48 PM

INPUT INSTRUCTIONS


  TITLE: 		model;

  DATA: 		FILE IS "C:/data/team77.dat";


  VARIABLE:		NAMES ARE 		cntr job health retire unempl incom hous
  				age female nevmar divorc widow HHsize HHkids
  				suburb rural eduless edusec eduhigh work relinc
  				pctfr ch10yr mignet swfex regsd reglib emplrat;
  			
  		CLUSTER = 		cntr;

        		USEVARIABLES 	pctfr ch10yr mignet swfex
        				emplrat
        			 	factor;
        		
  		MISSING = 		ALL (-99);

  		
  		between =		pctfr ch10yr mignet swfex
  				emplrat;
  		

  		

  DEFINE: 		factor =		(job+health+retire+unempl+incom+hous)/6;


  ANALYSIS: 		TYPE IS  		TWOLEVEL;
  		!Estimator = 	bayes;


  MODEL:		
  		
  		

  		%BETWEEN%

  		factor ON    	pctfr ch10yr mignet swfex
  				emplrat;
  		
  		pctfr ch10yr mignet swfex emplrat;
  		


  OUTPUT:  		STANDARDIZED;
              	CINTERVAL;
              	TECH5;




INPUT READING TERMINATED NORMALLY



model;

SUMMARY OF ANALYSIS

Number of groups                                                 1
Number of observations                                       31751

Number of dependent variables                                    1
Number of independent variables                                  5
Number of continuous latent variables                            0

Observed dependent variables

  Continuous
   FACTOR

Observed independent variables
   PCTFR       CH10YR      MIGNET      SWFEX       EMPLRAT

Variables with special functions

  Cluster variable      CNTR

  Between variables
   PCTFR       CH10YR      MIGNET      SWFEX       EMPLRAT


Estimator                                                      MLR
Information matrix                                        OBSERVED
Maximum number of iterations                                   100
Convergence criterion                                    0.100D-05
Maximum number of EM iterations                                500
Convergence criteria for the EM algorithm
  Loglikelihood change                                   0.100D-02
  Relative loglikelihood change                          0.100D-05
  Derivative                                             0.100D-03
Minimum variance                                         0.100D-03
Maximum number of steepest descent iterations                   20
Maximum number of iterations for H1                           2000
Convergence criterion for H1                             0.100D-03
Optimization algorithm                                         EMA

Input data file(s)
  C:/data/team77.dat
Input data format  FREE


SUMMARY OF DATA

     Number of missing data patterns             2
     Number of clusters                         24

     Average cluster size     1322.958

     Estimated Intraclass Correlations for the Y Variables

                Intraclass
     Variable  Correlation

     FACTOR       0.095



COVARIANCE COVERAGE OF DATA

Minimum covariance coverage value   0.100


     PROPORTION OF DATA PRESENT


           Covariance Coverage
              PCTFR         CH10YR        MIGNET        SWFEX         EMPLRAT
              ________      ________      ________      ________      ________
 PCTFR          1.000
 CH10YR         1.000         1.000
 MIGNET         1.000         1.000         1.000
 SWFEX          0.968         0.968         0.968         0.968
 EMPLRAT        1.000         1.000         1.000         0.968         1.000
 FACTOR         1.000         1.000         1.000         0.968         1.000


           Covariance Coverage
              FACTOR
              ________
 FACTOR         1.000



UNIVARIATE SAMPLE STATISTICS


     UNIVARIATE HIGHER-ORDER MOMENT DESCRIPTIVE STATISTICS

         Variable/         Mean/     Skewness/   Minimum/ % with                Percentiles
        Sample Size      Variance    Kurtosis    Maximum  Min/Max      20%/60%    40%/80%    Median

     PCTFR                11.459       0.840       1.783    4.17%       4.004     10.965     11.886
              24.000      57.199       0.173      29.307    4.17%      12.223     14.706
     CH10YR                0.171      -0.607      -0.388    4.17%       0.073      0.122      0.186
              24.000       0.050       0.719       0.631    4.17%       0.213      0.306
     MIGNET                0.184      -0.719      -0.970    4.17%       0.040      0.090      0.135
              24.000       0.192       1.078       0.980    4.17%       0.290      0.440
     SWFEX                21.178      -0.021      10.400    4.35%      15.200     19.300     20.600
              23.000      34.932      -0.873      31.500    4.35%      22.800     25.300
     EMPLRAT              56.403       0.213      45.078    4.17%      51.206     54.488     57.451
              24.000      33.286       0.249      71.125    4.17%      58.252     59.879
     FACTOR                2.058       3.154       1.000   10.13%       1.333      1.667      1.833
           31751.000       1.091      15.252       9.000    0.45%       2.000      2.500


THE MODEL ESTIMATION TERMINATED NORMALLY



MODEL FIT INFORMATION

Number of Free Parameters                       18

Loglikelihood

          H0 Value                      -44983.636
          H0 Scaling Correction Factor     12.7351
            for MLR
          H1 Value                      -44964.498
          H1 Scaling Correction Factor      8.6002
            for MLR

Information Criteria

          Akaike (AIC)                   90003.272
          Bayesian (BIC)                 90153.854
          Sample-Size Adjusted BIC       90096.650
            (n* = (n + 2) / 24)

Chi-Square Test of Model Fit

          Value                             33.072*
          Degrees of Freedom                    10
          P-Value                           0.0003
          Scaling Correction Factor         1.1573
            for MLR

*   The chi-square value for MLM, MLMV, MLR, ULSMV, WLSM and WLSMV cannot be used
    for chi-square difference testing in the regular way.  MLM, MLR and WLSM
    chi-square difference testing is described on the Mplus website.  MLMV, WLSMV,
    and ULSMV difference testing is done using the DIFFTEST option.

RMSEA (Root Mean Square Error Of Approximation)

          Estimate                           0.009

CFI/TLI

          CFI                                0.180
          TLI                               -0.231

Chi-Square Test of Model Fit for the Baseline Model

          Value                             43.122
          Degrees of Freedom                    15
          P-Value                           0.0002

SRMR (Standardized Root Mean Square Residual)

          Value for Within                   0.000
          Value for Between                  0.266



MODEL RESULTS

                                                    Two-Tailed
                    Estimate       S.E.  Est./S.E.    P-Value

Within Level

 Variances
    FACTOR             0.977      0.113      8.677      0.000

Between Level

 FACTOR     ON
    PCTFR             -0.011      0.013     -0.822      0.411
    CH10YR            -0.544      0.492     -1.104      0.269
    MIGNET             0.298      0.187      1.598      0.110
    SWFEX              0.022      0.009      2.373      0.018
    EMPLRAT            0.029      0.010      3.016      0.003

 Means
    PCTFR             11.459      1.544      7.423      0.000
    CH10YR             0.171      0.046      3.756      0.000
    MIGNET             0.184      0.089      2.055      0.040
    SWFEX             21.219      1.223     17.353      0.000
    EMPLRAT           56.403      1.178     47.893      0.000

 Intercepts
    FACTOR             0.120      0.521      0.231      0.817

 Variances
    PCTFR             57.199     17.212      3.323      0.001
    CH10YR             0.050      0.017      2.971      0.003
    MIGNET             0.192      0.069      2.792      0.005
    SWFEX             34.695      7.633      4.546      0.000
    EMPLRAT           33.286     10.190      3.267      0.001

 Residual Variances
    FACTOR             0.071      0.028      2.508      0.012


STANDARDIZED MODEL RESULTS


STDYX Standardization

                                                    Two-Tailed
                    Estimate       S.E.  Est./S.E.    P-Value

Within Level

 Variances
    FACTOR             1.000      0.000    999.000    999.000

Between Level

 FACTOR     ON
    PCTFR             -0.205      0.199     -1.030      0.303
    CH10YR            -0.310      0.195     -1.586      0.113
    MIGNET             0.333      0.136      2.460      0.014
    SWFEX              0.325      0.111      2.924      0.003
    EMPLRAT            0.426      0.072      5.952      0.000

 Means
    PCTFR              1.515      0.201      7.520      0.000
    CH10YR             0.767      0.279      2.750      0.006
    MIGNET             0.419      0.245      1.714      0.086
    SWFEX              3.602      0.450      8.007      0.000
    EMPLRAT            9.776      1.481      6.600      0.000

 Intercepts
    FACTOR             0.307      1.401      0.219      0.826

 Variances
    PCTFR              1.000      0.000    999.000    999.000
    CH10YR             1.000      0.000    999.000    999.000
    MIGNET             1.000      0.000    999.000    999.000
    SWFEX              1.000      0.000    999.000    999.000
    EMPLRAT            1.000      0.000    999.000    999.000

 Residual Variances
    FACTOR             0.464      0.168      2.758      0.006


STDY Standardization

                                                    Two-Tailed
                    Estimate       S.E.  Est./S.E.    P-Value

Within Level

 Variances
    FACTOR             1.000      0.000    999.000    999.000

Between Level

 FACTOR     ON
    PCTFR             -0.205      0.199     -1.030      0.303
    CH10YR            -0.310      0.195     -1.586      0.113
    MIGNET             0.333      0.136      2.460      0.014
    SWFEX              0.325      0.111      2.924      0.003
    EMPLRAT            0.426      0.072      5.952      0.000

 Means
    PCTFR              1.515      0.201      7.520      0.000
    CH10YR             0.767      0.279      2.750      0.006
    MIGNET             0.419      0.245      1.714      0.086
    SWFEX              3.602      0.450      8.007      0.000
    EMPLRAT            9.776      1.481      6.600      0.000

 Intercepts
    FACTOR             0.307      1.401      0.219      0.826

 Variances
    PCTFR              1.000      0.000    999.000    999.000
    CH10YR             1.000      0.000    999.000    999.000
    MIGNET             1.000      0.000    999.000    999.000
    SWFEX              1.000      0.000    999.000    999.000
    EMPLRAT            1.000      0.000    999.000    999.000

 Residual Variances
    FACTOR             0.464      0.168      2.758      0.006


STD Standardization

                                                    Two-Tailed
                    Estimate       S.E.  Est./S.E.    P-Value

Within Level

 Variances
    FACTOR             0.977      0.113      8.677      0.000

Between Level

 FACTOR     ON
    PCTFR             -0.011      0.013     -0.822      0.411
    CH10YR            -0.544      0.492     -1.104      0.269
    MIGNET             0.298      0.187      1.598      0.110
    SWFEX              0.022      0.009      2.373      0.018
    EMPLRAT            0.029      0.010      3.016      0.003

 Means
    PCTFR             11.459      1.544      7.423      0.000
    CH10YR             0.171      0.046      3.756      0.000
    MIGNET             0.184      0.089      2.055      0.040
    SWFEX             21.219      1.223     17.353      0.000
    EMPLRAT           56.403      1.178     47.893      0.000

 Intercepts
    FACTOR             0.120      0.521      0.231      0.817

 Variances
    PCTFR             57.199     17.212      3.323      0.001
    CH10YR             0.050      0.017      2.971      0.003
    MIGNET             0.192      0.069      2.792      0.005
    SWFEX             34.695      7.633      4.546      0.000
    EMPLRAT           33.286     10.190      3.267      0.001

 Residual Variances
    FACTOR             0.071      0.028      2.508      0.012


R-SQUARE

Within Level

Between Level

    Observed                                        Two-Tailed
    Variable        Estimate       S.E.  Est./S.E.    P-Value

    FACTOR             0.536      0.168      3.184      0.001


QUALITY OF NUMERICAL RESULTS

     Condition Number for the Information Matrix              0.135E-07
       (ratio of smallest to largest eigenvalue)


CONFIDENCE INTERVALS OF MODEL RESULTS

                  Lower .5%  Lower 2.5%    Lower 5%    Estimate    Upper 5%  Upper 2.5%   Upper .5%

Within Level

 Variances
    FACTOR           0.687       0.756       0.792       0.977       1.162       1.198       1.267

Between Level

 FACTOR   ON
    PCTFR           -0.044      -0.036      -0.032      -0.011       0.011       0.015       0.023
    CH10YR          -1.812      -1.508      -1.353      -0.544       0.266       0.421       0.724
    MIGNET          -0.182      -0.067      -0.009       0.298       0.605       0.664       0.778
    SWFEX           -0.002       0.004       0.007       0.022       0.037       0.039       0.045
    EMPLRAT          0.004       0.010       0.013       0.029       0.045       0.048       0.054

 Means
    PCTFR            7.483       8.433       8.919      11.459      13.999      14.485      15.436
    CH10YR           0.054       0.082       0.096       0.171       0.246       0.260       0.288
    MIGNET          -0.047       0.009       0.037       0.184       0.331       0.359       0.414
    SWFEX           18.070      18.823      19.208      21.219      23.231      23.616      24.369
    EMPLRAT         53.369      54.094      54.465      56.403      58.340      58.711      59.436

 Intercepts
    FACTOR          -1.223      -0.902      -0.737       0.120       0.978       1.142       1.463

 Variances
    PCTFR           12.863      23.463      28.885      57.199      85.513      90.935     101.534
    CH10YR           0.007       0.017       0.022       0.050       0.077       0.083       0.093
    MIGNET           0.015       0.057       0.079       0.192       0.305       0.327       0.369
    SWFEX           15.035      19.735      22.139      34.695      47.250      49.654      54.355
    EMPLRAT          7.040      13.314      16.524      33.286      50.048      53.258      59.533

 Residual Variances
    FACTOR          -0.002       0.016       0.024       0.071       0.118       0.127       0.144


CONFIDENCE INTERVALS OF STANDARDIZED MODEL RESULTS


STDYX Standardization

                  Lower .5%  Lower 2.5%    Lower 5%    Estimate    Upper 5%  Upper 2.5%   Upper .5%

Within Level

 Variances
    FACTOR           1.000       1.000       1.000       1.000       1.000       1.000       1.000

Between Level

 FACTOR   ON
    PCTFR           -0.717      -0.595      -0.532      -0.205       0.122       0.185       0.307
    CH10YR          -0.812      -0.692      -0.630      -0.310       0.011       0.073       0.193
    MIGNET          -0.016       0.068       0.110       0.333       0.556       0.599       0.683
    SWFEX            0.039       0.107       0.142       0.325       0.508       0.543       0.611
    EMPLRAT          0.241       0.286       0.308       0.426       0.543       0.566       0.610

 Means
    PCTFR            0.996       1.120       1.184       1.515       1.847       1.910       2.034
    CH10YR           0.049       0.220       0.308       0.767       1.225       1.313       1.485
    MIGNET          -0.211      -0.060       0.017       0.419       0.822       0.899       1.050
    SWFEX            2.444       2.721       2.862       3.602       4.343       4.484       4.761
    EMPLRAT          5.961       6.873       7.340       9.776      12.213      12.679      13.591

 Intercepts
    FACTOR          -3.302      -2.439      -1.998       0.307       2.612       3.054       3.916

 Variances
    PCTFR            1.000       1.000       1.000       1.000       1.000       1.000       1.000
    CH10YR           1.000       1.000       1.000       1.000       1.000       1.000       1.000
    MIGNET           1.000       1.000       1.000       1.000       1.000       1.000       1.000
    SWFEX            1.000       1.000       1.000       1.000       1.000       1.000       1.000
    EMPLRAT          1.000       1.000       1.000       1.000       1.000       1.000       1.000

 Residual Variances
    FACTOR           0.031       0.134       0.187       0.464       0.741       0.794       0.898


STDY Standardization

                  Lower .5%  Lower 2.5%    Lower 5%    Estimate    Upper 5%  Upper 2.5%   Upper .5%

Within Level

 Variances
    FACTOR           1.000       1.000       1.000       1.000       1.000       1.000       1.000

Between Level

 FACTOR   ON
    PCTFR           -0.717      -0.595      -0.532      -0.205       0.122       0.185       0.307
    CH10YR          -0.812      -0.692      -0.630      -0.310       0.011       0.073       0.193
    MIGNET          -0.016       0.068       0.110       0.333       0.556       0.599       0.683
    SWFEX            0.039       0.107       0.142       0.325       0.508       0.543       0.611
    EMPLRAT          0.241       0.286       0.308       0.426       0.543       0.566       0.610

 Means
    PCTFR            0.996       1.120       1.184       1.515       1.847       1.910       2.034
    CH10YR           0.049       0.220       0.308       0.767       1.225       1.313       1.485
    MIGNET          -0.211      -0.060       0.017       0.419       0.822       0.899       1.050
    SWFEX            2.444       2.721       2.862       3.602       4.343       4.484       4.761
    EMPLRAT          5.961       6.873       7.340       9.776      12.213      12.679      13.591

 Intercepts
    FACTOR          -3.302      -2.439      -1.998       0.307       2.612       3.054       3.916

 Variances
    PCTFR            1.000       1.000       1.000       1.000       1.000       1.000       1.000
    CH10YR           1.000       1.000       1.000       1.000       1.000       1.000       1.000
    MIGNET           1.000       1.000       1.000       1.000       1.000       1.000       1.000
    SWFEX            1.000       1.000       1.000       1.000       1.000       1.000       1.000
    EMPLRAT          1.000       1.000       1.000       1.000       1.000       1.000       1.000

 Residual Variances
    FACTOR           0.031       0.134       0.187       0.464       0.741       0.794       0.898


STD Standardization

                  Lower .5%  Lower 2.5%    Lower 5%    Estimate    Upper 5%  Upper 2.5%   Upper .5%

Within Level

 Variances
    FACTOR           0.687       0.756       0.792       0.977       1.162       1.198       1.267

Between Level

 FACTOR   ON
    PCTFR           -0.044      -0.036      -0.032      -0.011       0.011       0.015       0.023
    CH10YR          -1.812      -1.508      -1.353      -0.544       0.266       0.421       0.724
    MIGNET          -0.182      -0.067      -0.009       0.298       0.605       0.664       0.778
    SWFEX           -0.002       0.004       0.007       0.022       0.037       0.039       0.045
    EMPLRAT          0.004       0.010       0.013       0.029       0.045       0.048       0.054

 Means
    PCTFR            7.483       8.433       8.919      11.459      13.999      14.485      15.436
    CH10YR           0.054       0.082       0.096       0.171       0.246       0.260       0.288
    MIGNET          -0.047       0.009       0.037       0.184       0.331       0.359       0.414
    SWFEX           18.070      18.823      19.208      21.219      23.231      23.616      24.369
    EMPLRAT         53.369      54.094      54.465      56.403      58.340      58.711      59.436

 Intercepts
    FACTOR          -1.223      -0.902      -0.737       0.120       0.978       1.142       1.463

 Variances
    PCTFR           12.863      23.463      28.885      57.199      85.513      90.935     101.534
    CH10YR           0.007       0.017       0.022       0.050       0.077       0.083       0.093
    MIGNET           0.015       0.057       0.079       0.192       0.305       0.327       0.369
    SWFEX           15.035      19.735      22.139      34.695      47.250      49.654      54.355
    EMPLRAT          7.040      13.314      16.524      33.286      50.048      53.258      59.533

 Residual Variances
    FACTOR          -0.002       0.016       0.024       0.071       0.118       0.127       0.144


TECHNICAL 5 OUTPUT


   E STEP  ITER  LOGLIKELIHOOD    ABS CHANGE   REL CHANGE  ALGORITHM

              1 -0.48324765D+05    0.0000000    0.0000000  EM

   E-M STEPS FOR ITERATION 2

   M STEP FOR STRUCTURAL EQUATION MODEL PART

   TECHNICAL OUTPUT FROM QUASI-NEWTON ITERATIONS


   ITERATIONS USING GRADIENT


   ITER STEP   FUNCTION     ABS CHANGE   REL CHANGE   STEP LENGTH   DERIVATIVE

      1   0-0.24051583D+01                           0.000000D+00 -.724959D+00
          1-0.24597310D+01   -0.0545727    0.0226899 0.100000D+00 -.397901D+00
          2-0.24934267D+01   -0.0336957    0.0136989 0.221660D+00 -.178435D+00
          3-0.25055301D+01   -0.0121034    0.0048541 0.320575D+00 -.741036D-01
          4-0.25088641D+01   -0.0033340    0.0013307 0.390832D+00 -.233467D-01
      1   0-0.24051583D+01                           0.000000D+00 -.724958D+00
          1-0.24597309D+01   -0.0545727    0.0226898 0.100000D+00 -.397901D+00
          2-0.24934267D+01   -0.0336958    0.0136990 0.221661D+00 -.178435D+00
          3-0.25055301D+01   -0.0121034    0.0048541 0.320576D+00 -.741036D-01
          4-0.25088642D+01   -0.0033341    0.0013307 0.390833D+00 -.233467D-01
      2   0-0.25088642D+01                           0.000000D+00 -.244081D-01
          1-0.24898816D+01    0.0189825   -0.0075662 0.390832D+00 0.932865D-01
          2-0.25093883D+01   -0.0195067    0.0078344 0.497674D-01 0.232628D-02
      2   0-0.25088642D+01                           0.000000D+00 -.243855D-01
          1-0.24899176D+01    0.0189466   -0.0075518 0.390833D+00 0.931439D-01
          2-0.25093884D+01   -0.0194708    0.0078199 0.498105D-01 0.231995D-02
      3   0-0.25093884D+01                           0.000000D+00 -.782438D-02
          1-0.25059920D+01    0.0033964   -0.0013535 0.497674D-01 0.144740D+00
          2-0.25093985D+01   -0.0034065    0.0013593 0.257265D-02 0.329253D-05
      3   0-0.25093884D+01                           0.000000D+00 -.775512D-02
          1-0.25060528D+01    0.0033357   -0.0013293 0.498105D-01 0.142101D+00
          2-0.25093985D+01   -0.0033457    0.0013351 0.259800D-02 0.321046D-05
      4   0-0.25093985D+01                           0.000000D+00 -.639752D-02
          1-0.25094067D+01   -0.0000082    0.0000033 0.257265D-02 0.500541D-04
      4   0-0.25093985D+01                           0.000000D+00 -.631337D-02
          1-0.25094067D+01   -0.0000082    0.0000033 0.259800D-02 0.183460D-04
      5   0-0.25094067D+01                           0.000000D+00 -.641015D-02
          1-0.25094131D+01   -0.0000065    0.0000026 0.257265D-02 0.137430D-02
          2-0.25094135D+01   -0.0000003    0.0000001 0.211846D-02 -.435686D-06
      5   0-0.25094067D+01                           0.000000D+00 -.632657D-02
          1-0.25094132D+01   -0.0000065    0.0000026 0.259800D-02 0.131958D-02
          2-0.25094135D+01   -0.0000003    0.0000001 0.214963D-02 -.418646D-06
      6   0-0.25094135D+01                           0.000000D+00 -.533910D-02
          1-0.25094193D+01   -0.0000058    0.0000023 0.211846D-02 -.120163D-03
      6   0-0.25094135D+01                           0.000000D+00 -.523959D-02
          1-0.25094193D+01   -0.0000058    0.0000023 0.214963D-02 -.150614D-03
      7   0-0.25094193D+01                           0.000000D+00 -.533902D-02
          1-0.25094242D+01   -0.0000049    0.0000020 0.211846D-02 0.713176D-03
          2-0.25094243D+01   -0.0000001    0.0000000 0.186883D-02 -.215641D-06
      7   0-0.25094193D+01                           0.000000D+00 -.523994D-02
          1-0.25094242D+01   -0.0000049    0.0000020 0.214963D-02 0.662331D-03
          2-0.25094243D+01   -0.0000001    0.0000000 0.190841D-02 -.200500D-06
      8   0-0.25094243D+01                           0.000000D+00 -.478622D-02
          1-0.25094287D+01   -0.0000044    0.0000018 0.186883D-02 0.530906D-04
      8   0-0.25094243D+01                           0.000000D+00 -.467632D-02
          1-0.25094287D+01   -0.0000044    0.0000018 0.190841D-02 0.278955D-04
      9   0-0.25094287D+01                           0.000000D+00 -.478419D-02
          1-0.25094326D+01   -0.0000039    0.0000016 0.186883D-02 0.583744D-03
          2-0.25094327D+01   -0.0000001    0.0000000 0.166560D-02 -.186333D-06
      9   0-0.25094287D+01                           0.000000D+00 -.467472D-02
          1-0.25094326D+01   -0.0000039    0.0000016 0.190841D-02 0.544125D-03
          2-0.25094327D+01   -0.0000001    0.0000000 0.170944D-02 -.173940D-06
     10   0-0.25094327D+01                           0.000000D+00 -.429837D-02
          1-0.25094363D+01   -0.0000036    0.0000014 0.166560D-02 -.574900D-04
     10   0-0.25094327D+01                           0.000000D+00 -.417742D-02
          1-0.25094363D+01   -0.0000036    0.0000015 0.170944D-02 -.809481D-04

   ITERATIONS USING QUASI-NEWTON


   ITER STEP   FUNCTION     ABS CHANGE   REL CHANGE   STEP LENGTH   DERIVATIVE

      1   0-0.25094363D+01                           0.000000D+00 -.428741D-02
          1-0.24957974D+01    0.0136390   -0.0054351 0.100000D+00 0.280033D+00
          2-0.25094397D+01   -0.0136423    0.0054661 0.155588D-02 0.117138D-04
      2   0-0.25094397D+01                           0.000000D+00 -.293818D-02
          1-0.25094441D+01   -0.0000045    0.0000018 0.155588D-02 -.278316D-02
          2-0.25094898D+01   -0.0000456    0.0000182 0.294880D-01 -.660143D-03
          3-0.25094935D+01   -0.0000038    0.0000015 0.432423D-01 0.917165D-04
      3   0-0.25094935D+01                           0.000000D+00 -.373678D-02
          1-0.25093443D+01    0.0001492   -0.0000595 0.432423D-01 0.103396D-01
          2-0.25095139D+01   -0.0001696    0.0000676 0.109562D-01 0.307460D-05
      4   0-0.25095139D+01                           0.000000D+00 -.741456D-03
          1-0.25095205D+01   -0.0000066    0.0000026 0.109562D-01 -.472858D-03
          2-0.25095260D+01   -0.0000055    0.0000022 0.400550D-01 0.576339D-04
      5   0-0.25095260D+01                           0.000000D+00 -.311525D-02
          1-0.25081597D+01    0.0013663   -0.0005444 0.400550D-01 0.743103D-01
          2-0.25095288D+01   -0.0013690    0.0005458 0.181104D-02 0.641603D-04
      6   0-0.25095288D+01                           0.000000D+00 -.368492D-03
          1-0.25095294D+01   -0.0000006    0.0000003 0.181104D-02 -.348579D-03
          2-0.25095354D+01   -0.0000060    0.0000024 0.335131D-01 -.397524D-04
          3-0.25095355D+01   -0.0000001    0.0000000 0.380973D-01 0.136483D-05
      7   0-0.25095355D+01                           0.000000D+00 -.506525D-03
          1-0.25094844D+01    0.0000511   -0.0000204 0.380973D-01 0.404683D-02
          2-0.25095372D+01   -0.0000529    0.0000211 0.770798D-02 0.705961D-04
          3-0.25095373D+01    0.0000000    0.0000000 0.682970D-02 -.203714D-06
      8   0-0.25095373D+01                           0.000000D+00 -.236343D-03
          1-0.25095387D+01   -0.0000014    0.0000006 0.682970D-02 -.181787D-03
          2-0.25095404D+01   -0.0000017    0.0000007 0.295874D-01 0.464538D-04
          3-0.25095405D+01   -0.0000001    0.0000000 0.255473D-01 -.329036D-06
      9   0-0.25095405D+01                           0.000000D+00 -.470080D-03
          1-0.25095503D+01   -0.0000098    0.0000039 0.255473D-01 -.294800D-03
          2-0.25095560D+01   -0.0000057    0.0000023 0.685148D-01 0.370671D-04
     10   0-0.25095560D+01                           0.000000D+00 -.124122D-03
          1-0.25095415D+01    0.0000145   -0.0000058 0.685148D-01 0.519833D-03
          2-0.25095567D+01   -0.0000152    0.0000061 0.119753D-01 0.112203D-05
     10   0-0.25095560D+01                           0.000000D+00 -.393260D-04
          1-0.25095942D+01   -0.0000381    0.0000152 0.100000D+01 -.369836D-04
          2-0.25099821D+01   -0.0003879    0.0001546 0.167889D+02 -.155925D-04
          3-0.25101025D+01   -0.0001205    0.0000480 0.282978D+02 -.467790D-05
          4-0.25101070D+01   -0.0000045    0.0000018 0.332304D+02 0.371952D-05
     11   0-0.25101070D+01                           0.000000D+00 -.230755D-03
          1-0.25101098D+01   -0.0000028    0.0000011 0.119753D-01 -.229140D-03
          2-0.25102129D+01   -0.0001031    0.0000411 0.171123D+01 0.185703D-03
          3-0.25102593D+01   -0.0000464    0.0000185 0.116033D+01 -.417736D-05
     12   0-0.25102593D+01                           0.000000D+00 -.344145D-03
          1                                          0.116033D+01
          2                                          0.580163D+00
          3-0.25101673D+01    0.0000920   -0.0000366 0.290081D+00 0.301818D-02
          4-0.25102938D+01   -0.0001265    0.0000504 0.160237D+00 0.445748D-04
          5-0.25102940D+01   -0.0000002    0.0000001 0.150843D+00 -.869594D-05
     13   0-0.25102940D+01                           0.000000D+00 -.454067D-04
          1-0.25103003D+01   -0.0000064    0.0000025 0.150843D+00 -.391144D-04
          2-0.25103119D+01   -0.0000115    0.0000046 0.108852D+01 0.223831D-04
          3-0.25103147D+01   -0.0000028    0.0000011 0.820542D+00 -.328605D-06
     14   0-0.25103147D+01                           0.000000D+00 -.345852D-04
          1-0.25103145D+01    0.0000002   -0.0000001 0.820542D+00 0.379059D-04
          2-0.25103220D+01   -0.0000075    0.0000030 0.391477D+00 -.215998D-05
     15   0-0.25103220D+01                           0.000000D+00 -.243674D-04
          1-0.25103281D+01   -0.0000061    0.0000024 0.391477D+00 -.718571D-05
          2-0.25103288D+01   -0.0000006    0.0000002 0.555200D+00 -.449095D-06
     16   0-0.25103288D+01                           0.000000D+00 -.626493D-05
          1-0.25103291D+01   -0.0000003    0.0000001 0.555200D+00 0.449938D-05
          2-0.25103297D+01   -0.0000006    0.0000002 0.323132D+00 0.441333D-06
     17   0-0.25103297D+01                           0.000000D+00 -.105372D-05
          1-0.25103299D+01   -0.0000002    0.0000001 0.323132D+00 -.479608D-06
          2-0.25103300D+01   -0.0000001    0.0000000 0.593074D+00 -.338415D-08
     18   0-0.25103300D+01                           0.000000D+00 -.722440D-06
          1-0.25103303D+01   -0.0000003    0.0000001 0.593074D+00 -.312503D-06
          2-0.25103304D+01   -0.0000001    0.0000000 0.104519D+01 0.183244D-08
     19   0-0.25103304D+01                           0.000000D+00 -.510098D-06
          1-0.25103305D+01   -0.0000001    0.0000000 0.104519D+01 0.299671D-06
          2-0.25103305D+01   -0.0000001    0.0000000 0.658394D+00 0.143569D-08
     20   0-0.25103305D+01                           0.000000D+00 -.460617D-06
          1-0.25103306D+01   -0.0000001    0.0000000 0.658394D+00 0.113974D-06
          2-0.25103306D+01    0.0000000    0.0000000 0.527797D+00 0.731403D-09
     20   0-0.25103305D+01                           0.000000D+00 -.279427D-06
          1-0.25103306D+01   -0.0000001    0.0000000 0.100000D+01 0.403002D-07
          2-0.25103306D+01    0.0000000    0.0000000 0.873954D+00 0.516337D-09
     21   0-0.25103306D+01                           0.000000D+00 -.115575D-05
          1-0.25103231D+01    0.0000075   -0.0000030 0.527797D+00 0.297691D-04
          2-0.25103307D+01   -0.0000075    0.0000030 0.197252D-01 -.718044D-08
     22   0-0.25103307D+01                           0.000000D+00 -.453936D-06
          1-0.25103307D+01    0.0000000    0.0000000 0.197252D-01 -.207460D-06
          2-0.25103307D+01    0.0000000    0.0000000 0.363281D-01 0.112706D-09
     23   0-0.25103307D+01                           0.000000D+00 -.304706D-06
          1-0.25103307D+01    0.0000000    0.0000000 0.363281D-01 0.211271D-06
          2-0.25103307D+01    0.0000000    0.0000000 0.214533D-01 0.548699D-10
     24   0-0.25103307D+01                           0.000000D+00 -.214387D-06
          1-0.25103307D+01    0.0000000    0.0000000 0.214533D-01 0.219117D-06
          2-0.25103307D+01    0.0000000    0.0000000 0.106096D-01 0.284933D-10
     25   0-0.25103307D+01                           0.000000D+00 -.188065D-07
          1-0.25103307D+01    0.0000000    0.0000000 0.106096D-01 -.405372D-08
          2-0.25103307D+01    0.0000000    0.0000000 0.135249D-01 0.820851D-12
     26   0-0.25103307D+01                           0.000000D+00 -.126639D-08
          1-0.25103307D+01    0.0000000    0.0000000 0.135249D-01 0.190352D-08
          2-0.25103307D+01    0.0000000    0.0000000 0.540323D-02 0.230935D-12

     THE ESTIMATION OF THE STRUCTURAL EQUATION MODEL PART TERMINATED NORMALLY.



   E STEP  ITER  LOGLIKELIHOOD    ABS CHANGE   REL CHANGE  ALGORITHM

              2 -0.44983640D+05 3341.1249944    0.0691390  EM

   E-M STEPS FOR ITERATION 3

   M STEP FOR STRUCTURAL EQUATION MODEL PART

   TECHNICAL OUTPUT FROM QUASI-NEWTON ITERATIONS


   ITERATIONS USING GRADIENT


   ITER STEP   FUNCTION     ABS CHANGE   REL CHANGE   STEP LENGTH   DERIVATIVE

      1   0-0.25101633D+01                           0.000000D+00 -.346021D-03
          1-0.23306521D+01    0.1795113   -0.0715138 0.100000D+00 0.419236D+01
          2-0.25101633D+01   -0.1795113    0.0770219 0.144925D-04 0.439351D-04
          3-0.25101633D+01    0.0000000    0.0000000 0.128596D-04 -.212108D-08
      1   0-0.25101633D+01                           0.000000D+00 -.345816D-03
          1-0.23309240D+01    0.1792394   -0.0714055 0.100000D+00 0.418549D+01
          2-0.25101633D+01   -0.1792394    0.0768963 0.144995D-04 0.438233D-04
          3-0.25101633D+01    0.0000000    0.0000000 0.128687D-04 -.211580D-08
      2   0-0.25101633D+01                           0.000000D+00 -.237896D-03
          1-0.25101633D+01    0.0000000    0.0000000 0.128596D-04 -.654493D-04
          2-0.25101633D+01    0.0000000    0.0000000 0.177403D-04 0.620863D-08
      2   0-0.25101633D+01                           0.000000D+00 -.237598D-03
          1-0.25101633D+01    0.0000000    0.0000000 0.128687D-04 -.655021D-04
          2-0.25101633D+01    0.0000000    0.0000000 0.177667D-04 0.621436D-08
      3   0-0.25101633D+01                           0.000000D+00 -.328252D-03
          1-0.25101633D+01    0.0000000    0.0000000 0.177403D-04 0.149131D-03
          2-0.25101633D+01    0.0000000    0.0000000 0.121984D-04 -.714507D-08
      3   0-0.25101633D+01                           0.000000D+00 -.328036D-03
          1-0.25101633D+01    0.0000000    0.0000000 0.177667D-04 0.149369D-03
          2-0.25101633D+01    0.0000000    0.0000000 0.122079D-04 -.715694D-08
      4   0-0.25101633D+01                           0.000000D+00 -.225710D-03
          1-0.25101634D+01    0.0000000    0.0000000 0.121984D-04 -.621650D-04
          2-0.25101634D+01    0.0000000    0.0000000 0.168351D-04 0.585662D-08
      4   0-0.25101633D+01                           0.000000D+00 -.225396D-03
          1-0.25101634D+01    0.0000000    0.0000000 0.122079D-04 -.622205D-04
          2-0.25101634D+01    0.0000000    0.0000000 0.168629D-04 0.586260D-08
      5   0-0.25101634D+01                           0.000000D+00 -.311568D-03
          1-0.25101634D+01    0.0000000    0.0000000 0.168351D-04 0.141493D-03
          2-0.25101634D+01    0.0000000    0.0000000 0.115774D-04 -.672757D-08
      5   0-0.25101634D+01                           0.000000D+00 -.311340D-03
          1-0.25101634D+01    0.0000000    0.0000000 0.168629D-04 0.141745D-03
          2-0.25101634D+01    0.0000000    0.0000000 0.115874D-04 -.674000D-08
      6   0-0.25101634D+01                           0.000000D+00 -.214264D-03
          1-0.25101634D+01    0.0000000    0.0000000 0.115774D-04 -.590778D-04
          2-0.25101634D+01    0.0000000    0.0000000 0.159848D-04 0.552755D-08
      6   0-0.25101634D+01                           0.000000D+00 -.213932D-03
          1-0.25101634D+01    0.0000000    0.0000000 0.115874D-04 -.591360D-04
          2-0.25101634D+01    0.0000000    0.0000000 0.160141D-04 0.553379D-08
      7   0-0.25101634D+01                           0.000000D+00 -.295897D-03
          1-0.25101634D+01    0.0000000    0.0000000 0.159848D-04 0.134314D-03
          2-0.25101634D+01    0.0000000    0.0000000 0.109942D-04 -.633756D-08
      7   0-0.25101634D+01                           0.000000D+00 -.295657D-03
          1-0.25101634D+01    0.0000000    0.0000000 0.160141D-04 0.134580D-03
          2-0.25101634D+01    0.0000000    0.0000000 0.110048D-04 -.635058D-08
      8   0-0.25101634D+01                           0.000000D+00 -.203515D-03
          1-0.25101634D+01    0.0000000    0.0000000 0.109942D-04 -.561793D-04
          2-0.25101634D+01    0.0000000    0.0000000 0.151864D-04 0.522025D-08
      8   0-0.25101634D+01                           0.000000D+00 -.203166D-03
          1-0.25101634D+01    0.0000000    0.0000000 0.110048D-04 -.562403D-04
          2-0.25101634D+01    0.0000000    0.0000000 0.152173D-04 0.522675D-08
      9   0-0.25101634D+01                           0.000000D+00 -.281183D-03
          1-0.25101634D+01    0.0000000    0.0000000 0.151864D-04 0.127568D-03
          2-0.25101634D+01    0.0000000    0.0000000 0.104468D-04 -.597332D-08
      9   0-0.25101634D+01                           0.000000D+00 -.280930D-03
          1-0.25101634D+01    0.0000000    0.0000000 0.152173D-04 0.127849D-03
          2-0.25101634D+01    0.0000000    0.0000000 0.104580D-04 -.598694D-08
     10   0-0.25101634D+01                           0.000000D+00 -.193424D-03
          1-0.25101634D+01    0.0000000    0.0000000 0.104468D-04 -.534591D-04
          2-0.25101634D+01    0.0000000    0.0000000 0.144369D-04 0.493336D-08
     10   0-0.25101634D+01                           0.000000D+00 -.193057D-03
          1-0.25101634D+01    0.0000000    0.0000000 0.104580D-04 -.535230D-04
          2-0.25101634D+01    0.0000000    0.0000000 0.144694D-04 0.494012D-08

   ITERATIONS USING QUASI-NEWTON


   ITER STEP   FUNCTION     ABS CHANGE   REL CHANGE   STEP LENGTH   DERIVATIVE

      1   0-0.25101634D+01                           0.000000D+00 -.459270D-06
          1-0.25101634D+01    0.0000000    0.0000000 0.100000D+00 -.359968D-06
          2-0.25101635D+01   -0.0000001    0.0000000 0.462501D+00 -.214468D-09
      2   0-0.25101635D+01                           0.000000D+00 -.991881D-08
          1-0.25101632D+01    0.0000002   -0.0000001 0.462501D+00 0.955451D-06
          2-0.25101635D+01   -0.0000002    0.0000001 0.475202D-02 -.137735D-09

     THE ESTIMATION OF THE STRUCTURAL EQUATION MODEL PART TERMINATED NORMALLY.



   E STEP  ITER  LOGLIKELIHOOD    ABS CHANGE   REL CHANGE  ALGORITHM

              3 -0.44983636D+05    0.0041301    0.0000001  EM

   E-M STEPS FOR ITERATION 4

   M STEP FOR STRUCTURAL EQUATION MODEL PART

   ITERATIONS USING QUASI-NEWTON


   ITER STEP   FUNCTION     ABS CHANGE   REL CHANGE   STEP LENGTH   DERIVATIVE

      1   0-0.25101632D+01                           0.000000D+00 -.497706D-07
          1-0.25101632D+01    0.0000000    0.0000000 0.100000D+00 0.174246D-06
          2-0.25101632D+01    0.0000000    0.0000000 0.222174D-01 0.780932D-11

     THE ESTIMATION OF THE STRUCTURAL EQUATION MODEL PART TERMINATED NORMALLY.



   E STEP  ITER  LOGLIKELIHOOD    ABS CHANGE   REL CHANGE  ALGORITHM

              4 -0.44983636D+05    0.0000194    0.0000000  EM


   TECHNICAL 5 OUTPUT FOR THE H1 MODEL


   E STEP  ITER  LOGLIKELIHOOD    ABS CHANGE   REL CHANGE  ALGORITHM

              1 -0.44964556D+05    0.0000000    0.0000000  EM


   E STEP  ITER  LOGLIKELIHOOD    ABS CHANGE   REL CHANGE  ALGORITHM

              2 -0.44964506D+05    0.0503541    0.0000011  EM


   E STEP  ITER  LOGLIKELIHOOD    ABS CHANGE   REL CHANGE  ALGORITHM

              3 -0.44964499D+05    0.0067636    0.0000002  EM


   E STEP  ITER  LOGLIKELIHOOD    ABS CHANGE   REL CHANGE  ALGORITHM

              4 -0.44964498D+05    0.0010586    0.0000000  EM


   E STEP  ITER  LOGLIKELIHOOD    ABS CHANGE   REL CHANGE  ALGORITHM

              5 -0.44964498D+05    0.0001659    0.0000000  EM


   E STEP  ITER  LOGLIKELIHOOD    ABS CHANGE   REL CHANGE  ALGORITHM

              6 -0.44964498D+05    0.0000260    0.0000000  EM


   TECHNICAL 5 OUTPUT FOR THE BASELINE MODEL




   E STEP  ITER  LOGLIKELIHOOD    ABS CHANGE   REL CHANGE  ALGORITHM

              1 -0.44987997D+05    0.0000000    0.0000000  EM


   E STEP  ITER  LOGLIKELIHOOD    ABS CHANGE   REL CHANGE  ALGORITHM

              2 -0.44987991D+05    0.0060379    0.0000001  EM


   E STEP  ITER  LOGLIKELIHOOD    ABS CHANGE   REL CHANGE  ALGORITHM

              3 -0.44987991D+05    0.0000104    0.0000000  EM


DIAGRAM INFORMATION

  Mplus diagrams are currently not available for multilevel analysis.
  No diagram output was produced.


     Beginning Time:  14:48:29
        Ending Time:  14:48:31
       Elapsed Time:  00:00:02



MUTHEN & MUTHEN
3463 Stoner Ave.
Los Angeles, CA  90066

Tel: (310) 391-9971
Fax: (310) 391-8971
Web: www.StatModel.com
Support: Support@StatModel.com

Copyright (c) 1998-2018 Muthen & Muthen
