Mplus VERSION 8.2
MUTHEN & MUTHEN
02/21/2020   7:23 PM

INPUT INSTRUCTIONS

      TITLE: 96

    DATA: FILE IS "C:\data\96_70.dat";

        VARIABLE:


            NAMES ARE OAgeC Uempl RedInDi Jobs
                      Female age age_sq educ emplcat
                      cntry emprate foreignp socx netmigp;

              MISSING ARE ALL (-999);


            USEVARIABLE IS
            Uempl
            Female age educ emplcat
            foreignp socx emprate netmigp age_sq2;

            CLUSTER IS cntry;

            within = Female age age_sq2 educ emplcat;
            between = foreignp socx emprate netmigp;

            !PI had to add this, Mplus does not allow such high variance
            DEFINE: age_sq2 = age_sq/100;

      ANALYSIS:     TYPE = TWOLEVEL;
      model:
         %within%

                   Uempl on Female age age_sq2 educ emplcat;


         %between%

                   Uempl ON foreignp socx emprate netmigp;

      output: sampstat stdyx CINTERVAL;



*** WARNING
  Data set contains unknown or missing values for GROUPING,
  PATTERN, COHORT, CLUSTER and/or STRATIFICATION variables.
  Number of cases with unknown or missing values:  4316
*** WARNING
  Data set contains cases with missing on x-variables.
  These cases were not included in the analysis.
  Number of cases with missing on x-variables:  10285
*** WARNING
  Data set contains cases with missing on all variables except
  x-variables.  These cases were not included in the analysis.
  Number of cases with missing on all variables except x-variables:  1283
   3 WARNING(S) FOUND IN THE INPUT INSTRUCTIONS



96

SUMMARY OF ANALYSIS

Number of groups                                                 1
Number of observations                                       19429

Number of dependent variables                                    1
Number of independent variables                                  9
Number of continuous latent variables                            0

Observed dependent variables

  Continuous
   UEMPL

Observed independent variables
   FEMALE      AGE         EDUC        EMPLCAT     FOREIGNP    SOCX
   EMPRATE     NETMIGP     AGE_SQ2

Variables with special functions

  Cluster variable      CNTRY

  Within variables
   FEMALE      AGE         EDUC        EMPLCAT     AGE_SQ2

  Between variables
   FOREIGNP    SOCX        EMPRATE     NETMIGP


Estimator                                                      MLR
Information matrix                                        OBSERVED
Maximum number of iterations                                   100
Convergence criterion                                    0.100D-05
Maximum number of EM iterations                                500
Convergence criteria for the EM algorithm
  Loglikelihood change                                   0.100D-02
  Relative loglikelihood change                          0.100D-05
  Derivative                                             0.100D-03
Minimum variance                                         0.100D-03
Maximum number of steepest descent iterations                   20
Maximum number of iterations for H1                           2000
Convergence criterion for H1                             0.100D-03
Optimization algorithm                                         EMA

Input data file(s)
  C:\data\96_70.dat
Input data format  FREE


SUMMARY OF DATA

     Number of missing data patterns             1
     Number of clusters                         13

     Average cluster size     1494.538

     Estimated Intraclass Correlations for the Y Variables

                Intraclass
     Variable  Correlation

     UEMPL        0.138



COVARIANCE COVERAGE OF DATA

Minimum covariance coverage value   0.100


     PROPORTION OF DATA PRESENT


           Covariance Coverage
              UEMPL         FEMALE        AGE           EDUC          EMPLCAT
              ________      ________      ________      ________      ________
 UEMPL          1.000
 FEMALE         1.000         1.000
 AGE            1.000         1.000         1.000
 EDUC           1.000         1.000         1.000         1.000
 EMPLCAT        1.000         1.000         1.000         1.000         1.000
 AGE_SQ2        1.000         1.000         1.000         1.000         1.000
 FOREIGNP       1.000         1.000         1.000         1.000         1.000
 SOCX           1.000         1.000         1.000         1.000         1.000
 EMPRATE        1.000         1.000         1.000         1.000         1.000
 NETMIGP        1.000         1.000         1.000         1.000         1.000


           Covariance Coverage
              AGE_SQ2       FOREIGNP      SOCX          EMPRATE       NETMIGP
              ________      ________      ________      ________      ________
 AGE_SQ2        1.000
 FOREIGNP       1.000         1.000
 SOCX           1.000         1.000         1.000
 EMPRATE        1.000         1.000         1.000         1.000
 NETMIGP        1.000         1.000         1.000         1.000         1.000


SAMPLE STATISTICS

NOTE:  The sample statistics for within and between refer to the
       maximum-likelihood estimated within and between covariance
       matrices, respectively.


     ESTIMATED SAMPLE STATISTICS FOR WITHIN


           Means
              UEMPL         FEMALE        AGE           EDUC          EMPLCAT
              ________      ________      ________      ________      ________
                0.000         0.506        45.341         0.554         0.477


           Means
              AGE_SQ2       FOREIGNP      SOCX          EMPRATE       NETMIGP
              ________      ________      ________      ________      ________
               23.211         0.000         0.000         0.000         0.000


           Covariances
              UEMPL         FEMALE        AGE           EDUC          EMPLCAT
              ________      ________      ________      ________      ________
 UEMPL          0.555
 FEMALE         0.026         0.250
 AGE            0.621         0.093       265.376
 EDUC          -0.027        -0.011        -2.172         0.247
 EMPLCAT       -0.042        -0.083        -2.431         0.043         0.249
 AGE_SQ2        0.652         0.136       254.011        -2.172        -2.719
 FOREIGNP       0.000         0.000         0.000         0.000         0.000
 SOCX           0.000         0.000         0.000         0.000         0.000
 EMPRATE        0.000         0.000         0.000         0.000         0.000
 NETMIGP        0.000         0.000         0.000         0.000         0.000


           Covariances
              AGE_SQ2       FOREIGNP      SOCX          EMPRATE       NETMIGP
              ________      ________      ________      ________      ________
 AGE_SQ2      251.076
 FOREIGNP       0.000         0.000
 SOCX           0.000         0.000         0.000
 EMPRATE        0.000         0.000         0.000         0.000
 NETMIGP        0.000         0.000         0.000         0.000         0.000


           Correlations
              UEMPL         FEMALE        AGE           EDUC          EMPLCAT
              ________      ________      ________      ________      ________
 UEMPL          1.000
 FEMALE         0.071         1.000
 AGE            0.051         0.011         1.000
 EDUC          -0.073        -0.044        -0.268         1.000
 EMPLCAT       -0.113        -0.332        -0.299         0.175         1.000
 AGE_SQ2        0.055         0.017         0.984        -0.276        -0.344
 FOREIGNP       0.000         0.000         0.000         0.000         0.000
 SOCX           0.000         0.000         0.000         0.000         0.000
 EMPRATE        0.000         0.000         0.000         0.000         0.000
 NETMIGP        0.000         0.000         0.000         0.000         0.000


           Correlations
              AGE_SQ2       FOREIGNP      SOCX          EMPRATE       NETMIGP
              ________      ________      ________      ________      ________
 AGE_SQ2        1.000
 FOREIGNP       0.000         0.000
 SOCX           0.000         0.000         0.000
 EMPRATE        0.000         0.000         0.000         0.000
 NETMIGP        0.000         0.000         0.000         0.000         0.000


     ESTIMATED SAMPLE STATISTICS FOR BETWEEN


           Means
              UEMPL         FEMALE        AGE           EDUC          EMPLCAT
              ________      ________      ________      ________      ________
                2.978         0.000         0.000         0.000         0.000


           Means
              AGE_SQ2       FOREIGNP      SOCX          EMPRATE       NETMIGP
              ________      ________      ________      ________      ________
                0.000        10.899        20.531        67.297         0.321


           Covariances
              UEMPL         FEMALE        AGE           EDUC          EMPLCAT
              ________      ________      ________      ________      ________
 UEMPL          0.089
 FEMALE         0.000         0.000
 AGE            0.000         0.000         0.000
 EDUC           0.000         0.000         0.000         0.000
 EMPLCAT        0.000         0.000         0.000         0.000         0.000
 AGE_SQ2        0.000         0.000         0.000         0.000         0.000
 FOREIGNP      -1.149         0.000         0.000         0.000         0.000
 SOCX           0.763         0.000         0.000         0.000         0.000
 EMPRATE       -1.482         0.000         0.000         0.000         0.000
 NETMIGP       -0.040         0.000         0.000         0.000         0.000


           Covariances
              AGE_SQ2       FOREIGNP      SOCX          EMPRATE       NETMIGP
              ________      ________      ________      ________      ________
 AGE_SQ2        0.000
 FOREIGNP       0.000        38.355
 SOCX           0.000        -2.592        28.339
 EMPRATE        0.000        21.387        -8.852        76.534
 NETMIGP        0.000         0.953         0.078         0.978         0.062


           Correlations
              UEMPL         FEMALE        AGE           EDUC          EMPLCAT
              ________      ________      ________      ________      ________
 UEMPL          1.000
 FEMALE         0.000         0.000
 AGE            0.000         0.000         0.000
 EDUC           0.000         0.000         0.000         0.000
 EMPLCAT        0.000         0.000         0.000         0.000         0.000
 AGE_SQ2        0.000         0.000         0.000         0.000         0.000
 FOREIGNP      -0.624         0.000         0.000         0.000         0.000
 SOCX           0.482         0.000         0.000         0.000         0.000
 EMPRATE       -0.569         0.000         0.000         0.000         0.000
 NETMIGP       -0.543         0.000         0.000         0.000         0.000


           Correlations
              AGE_SQ2       FOREIGNP      SOCX          EMPRATE       NETMIGP
              ________      ________      ________      ________      ________
 AGE_SQ2        0.000
 FOREIGNP       0.000         1.000
 SOCX           0.000        -0.079         1.000
 EMPRATE        0.000         0.395        -0.190         1.000
 NETMIGP        0.000         0.619         0.059         0.450         1.000


     MAXIMUM LOG-LIKELIHOOD VALUE FOR THE UNRESTRICTED (H1) MODEL IS -21712.251


UNIVARIATE SAMPLE STATISTICS


     UNIVARIATE HIGHER-ORDER MOMENT DESCRIPTIVE STATISTICS

         Variable/         Mean/     Skewness/   Minimum/ % with                Percentiles
        Sample Size      Variance    Kurtosis    Maximum  Min/Max      20%/60%    40%/80%    Median

     UEMPL                 2.997      -0.599       1.000    5.29%       2.000      3.000      3.000
           19429.000       0.651       0.025       4.000   27.10%       3.000      4.000
     FEMALE                0.506      -0.025       0.000   49.38%       0.000      0.000      1.000
           19429.000       0.250      -1.999       1.000   50.62%       1.000      1.000
     AGE                  45.341       0.309      16.000    0.15%      30.000     39.000     44.000
           19429.000     265.376      -0.777      96.000    0.01%      49.000     61.000
     EDUC                  0.554      -0.219       0.000   44.56%       0.000      0.000      1.000
           19429.000       0.247      -1.952       1.000   55.44%       1.000      1.000
     EMPLCAT               0.477       0.093       0.000   52.32%       0.000      0.000      0.000
           19429.000       0.249      -1.991       1.000   47.68%       1.000      1.000
     AGE_SQ2              23.211       0.892       2.560    0.15%       9.000     15.210     19.360
           19429.000     251.076       0.157      92.160    0.01%      24.010     37.210
     FOREIGNP             10.899       0.241       1.086    7.69%       5.400      7.300     10.500
              13.000      38.355      -0.942      21.300    7.69%      10.700     16.200
     SOCX                 20.531       0.778      14.500    7.69%      15.100     18.000     18.900
              13.000      28.339      -0.593      31.600    7.69%      19.900     22.500
     EMPRATE              67.297      -0.617      47.575    7.69%      58.170     66.951     68.383
              13.000      76.534       0.087      82.601    7.69%      70.341     71.770
     NETMIGP               0.321       0.417      -0.007    7.69%       0.075      0.164      0.259
              13.000       0.062      -1.162       0.777    7.69%       0.341      0.493


THE MODEL ESTIMATION TERMINATED NORMALLY



MODEL FIT INFORMATION

Number of Free Parameters                       12

Loglikelihood

          H0 Value                      -21712.251
          H0 Scaling Correction Factor      6.0397
            for MLR
          H1 Value                      -21712.251
          H1 Scaling Correction Factor      6.0397
            for MLR

Information Criteria

          Akaike (AIC)                   43448.503
          Bayesian (BIC)                 43542.997
          Sample-Size Adjusted BIC       43504.861
            (n* = (n + 2) / 24)

Chi-Square Test of Model Fit

          Value                              0.000*
          Degrees of Freedom                     0
          P-Value                           1.0000
          Scaling Correction Factor         1.0000
            for MLR

*   The chi-square value for MLM, MLMV, MLR, ULSMV, WLSM and WLSMV cannot be used
    for chi-square difference testing in the regular way.  MLM, MLR and WLSM
    chi-square difference testing is described on the Mplus website.  MLMV, WLSMV,
    and ULSMV difference testing is done using the DIFFTEST option.

RMSEA (Root Mean Square Error Of Approximation)

          Estimate                           0.000

CFI/TLI

          CFI                                1.000
          TLI                                1.000

Chi-Square Test of Model Fit for the Baseline Model

          Value                            151.016
          Degrees of Freedom                     9
          P-Value                           0.0000

SRMR (Standardized Root Mean Square Residual)

          Value for Within                   0.000
          Value for Between                  0.000



MODEL RESULTS

                                                    Two-Tailed
                    Estimate       S.E.  Est./S.E.    P-Value

Within Level

 UEMPL      ON
    FEMALE             0.059      0.020      2.981      0.003
    AGE                0.001      0.003      0.326      0.745
    AGE_SQ2           -0.001      0.003     -0.183      0.855
    EDUC              -0.079      0.029     -2.699      0.007
    EMPLCAT           -0.132      0.018     -7.227      0.000

 Residual Variances
    UEMPL              0.546      0.039     14.130      0.000

Between Level

 UEMPL      ON
    FOREIGNP          -0.016      0.008     -1.976      0.048
    SOCX               0.024      0.009      2.744      0.006
    EMPRATE           -0.008      0.006     -1.292      0.196
    NETMIGP           -0.297      0.201     -1.482      0.138

 Intercepts
    UEMPL              3.366      0.488      6.895      0.000

 Residual Variances
    UEMPL              0.028      0.008      3.345      0.001


STANDARDIZED MODEL RESULTS


STDYX Standardization

                                                    Two-Tailed
                    Estimate       S.E.  Est./S.E.    P-Value

Within Level

 UEMPL      ON
    FEMALE             0.039      0.012      3.181      0.001
    AGE                0.021      0.064      0.324      0.746
    AGE_SQ2           -0.011      0.059     -0.182      0.856
    EDUC              -0.053      0.019     -2.769      0.006
    EMPLCAT           -0.089      0.011     -7.814      0.000

 Residual Variances
    UEMPL              0.983      0.004    275.754      0.000

Between Level

 UEMPL      ON
    FOREIGNP          -0.341      0.186     -1.831      0.067
    SOCX               0.424      0.156      2.724      0.006
    EMPRATE           -0.242      0.182     -1.333      0.182
    NETMIGP           -0.248      0.156     -1.593      0.111

 Intercepts
    UEMPL             11.310      2.620      4.317      0.000

 Residual Variances
    UEMPL              0.311      0.141      2.202      0.028


R-SQUARE

Within Level

    Observed                                        Two-Tailed
    Variable        Estimate       S.E.  Est./S.E.    P-Value

    UEMPL              0.017      0.004      4.816      0.000

Between Level

    Observed                                        Two-Tailed
    Variable        Estimate       S.E.  Est./S.E.    P-Value

    UEMPL              0.689      0.141      4.882      0.000


QUALITY OF NUMERICAL RESULTS

     Condition Number for the Information Matrix              0.206E-07
       (ratio of smallest to largest eigenvalue)


CONFIDENCE INTERVALS OF MODEL RESULTS

                  Lower .5%  Lower 2.5%    Lower 5%    Estimate    Upper 5%  Upper 2.5%   Upper .5%

Within Level

 UEMPL    ON
    FEMALE           0.008       0.020       0.026       0.059       0.091       0.097       0.109
    AGE             -0.007      -0.005      -0.004       0.001       0.006       0.007       0.008
    AGE_SQ2         -0.008      -0.006      -0.005      -0.001       0.004       0.005       0.007
    EDUC            -0.155      -0.137      -0.128      -0.079      -0.031      -0.022      -0.004
    EMPLCAT         -0.180      -0.168      -0.163      -0.132      -0.102      -0.096      -0.085

 Residual Variances
    UEMPL            0.446       0.470       0.482       0.546       0.609       0.621       0.645

Between Level

 UEMPL    ON
    FOREIGNP        -0.038      -0.033      -0.030      -0.016      -0.003       0.000       0.005
    SOCX             0.001       0.007       0.009       0.024       0.038       0.041       0.046
    EMPRATE         -0.025      -0.021      -0.019      -0.008       0.002       0.004       0.008
    NETMIGP         -0.814      -0.691      -0.627      -0.297       0.033       0.096       0.219

 Intercepts
    UEMPL            2.109       2.409       2.563       3.366       4.169       4.323       4.624

 Residual Variances
    UEMPL            0.006       0.011       0.014       0.028       0.041       0.044       0.049


CONFIDENCE INTERVALS OF STANDARDIZED MODEL RESULTS


STDYX Standardization

                  Lower .5%  Lower 2.5%    Lower 5%    Estimate    Upper 5%  Upper 2.5%   Upper .5%

Within Level

 UEMPL    ON
    FEMALE           0.007       0.015       0.019       0.039       0.060       0.063       0.071
    AGE             -0.143      -0.104      -0.084       0.021       0.125       0.145       0.184
    AGE_SQ2         -0.163      -0.127      -0.108      -0.011       0.087       0.105       0.142
    EDUC            -0.102      -0.090      -0.084      -0.053      -0.021      -0.015      -0.004
    EMPLCAT         -0.118      -0.111      -0.107      -0.089      -0.070      -0.066      -0.059

 Residual Variances
    UEMPL            0.974       0.976       0.977       0.983       0.989       0.990       0.992

Between Level

 UEMPL    ON
    FOREIGNP        -0.821      -0.706      -0.647      -0.341      -0.035       0.024       0.139
    SOCX             0.023       0.119       0.168       0.424       0.679       0.728       0.824
    EMPRATE         -0.710      -0.598      -0.541      -0.242       0.057       0.114       0.226
    NETMIGP         -0.649      -0.553      -0.504      -0.248       0.008       0.057       0.153

 Intercepts
    UEMPL            4.561       6.175       7.000      11.310      15.621      16.446      18.059

 Residual Variances
    UEMPL           -0.053       0.034       0.079       0.311       0.543       0.587       0.674


DIAGRAM INFORMATION

  Mplus diagrams are currently not available for multilevel analysis.
  No diagram output was produced.


     Beginning Time:  19:23:14
        Ending Time:  19:23:15
       Elapsed Time:  00:00:01



MUTHEN & MUTHEN
3463 Stoner Ave.
Los Angeles, CA  90066

Tel: (310) 391-9971
Fax: (310) 391-8971
Web: www.StatModel.com
Support: Support@StatModel.com

Copyright (c) 1998-2018 Muthen & Muthen
