Mplus VERSION 8.2
MUTHEN & MUTHEN
02/25/2020   1:46 PM

INPUT INSTRUCTIONS

      TITLE: 06

    DATA: FILE IS "C:\data\06_70.dat";

        VARIABLE:


            NAMES ARE OAgeC Uempl RedInDi Jobs
                      Female age age_sq educ emplcat
                      cntry emprate foreignp socx netmigp;

              MISSING ARE ALL (-999);


            USEVARIABLE IS
            Jobs
            Female age educ emplcat
            foreignp socx emprate netmigp age_sq2;

            CLUSTER IS cntry;

            within = Female age age_sq2 educ emplcat;
            between = foreignp socx emprate netmigp;

              !PI had to add this, Mplus does not allow such high variance
              DEFINE: age_sq2 = age_sq/100;

      ANALYSIS:     TYPE = TWOLEVEL;
      model:
         %within%

                   Jobs on Female age age_sq2 educ emplcat;


         %between%

                   Jobs ON foreignp socx emprate netmigp;

      output: sampstat stdyx CINTERVAL;



*** WARNING
  Data set contains cases with missing on x-variables.
  These cases were not included in the analysis.
  Number of cases with missing on x-variables:  27467
*** WARNING
  Data set contains cases with missing on all variables except
  x-variables.  These cases were not included in the analysis.
  Number of cases with missing on all variables except x-variables:  1036
   2 WARNING(S) FOUND IN THE INPUT INSTRUCTIONS



06

SUMMARY OF ANALYSIS

Number of groups                                                 1
Number of observations                                       20138

Number of dependent variables                                    1
Number of independent variables                                  9
Number of continuous latent variables                            0

Observed dependent variables

  Continuous
   JOBS

Observed independent variables
   FEMALE      AGE         EDUC        EMPLCAT     FOREIGNP    SOCX
   EMPRATE     NETMIGP     AGE_SQ2

Variables with special functions

  Cluster variable      CNTRY

  Within variables
   FEMALE      AGE         EDUC        EMPLCAT     AGE_SQ2

  Between variables
   FOREIGNP    SOCX        EMPRATE     NETMIGP


Estimator                                                      MLR
Information matrix                                        OBSERVED
Maximum number of iterations                                   100
Convergence criterion                                    0.100D-05
Maximum number of EM iterations                                500
Convergence criteria for the EM algorithm
  Loglikelihood change                                   0.100D-02
  Relative loglikelihood change                          0.100D-05
  Derivative                                             0.100D-03
Minimum variance                                         0.100D-03
Maximum number of steepest descent iterations                   20
Maximum number of iterations for H1                           2000
Convergence criterion for H1                             0.100D-03
Optimization algorithm                                         EMA

Input data file(s)
  C:\data\06_70.dat
Input data format  FREE


SUMMARY OF DATA

     Number of missing data patterns             1
     Number of clusters                         15

     Average cluster size     1342.533

     Estimated Intraclass Correlations for the Y Variables

                Intraclass
     Variable  Correlation

     JOBS         0.090



COVARIANCE COVERAGE OF DATA

Minimum covariance coverage value   0.100


     PROPORTION OF DATA PRESENT


           Covariance Coverage
              JOBS          FEMALE        AGE           EDUC          EMPLCAT
              ________      ________      ________      ________      ________
 JOBS           1.000
 FEMALE         1.000         1.000
 AGE            1.000         1.000         1.000
 EDUC           1.000         1.000         1.000         1.000
 EMPLCAT        1.000         1.000         1.000         1.000         1.000
 AGE_SQ2        1.000         1.000         1.000         1.000         1.000
 FOREIGNP       1.000         1.000         1.000         1.000         1.000
 SOCX           1.000         1.000         1.000         1.000         1.000
 EMPRATE        1.000         1.000         1.000         1.000         1.000
 NETMIGP        1.000         1.000         1.000         1.000         1.000


           Covariance Coverage
              AGE_SQ2       FOREIGNP      SOCX          EMPRATE       NETMIGP
              ________      ________      ________      ________      ________
 AGE_SQ2        1.000
 FOREIGNP       1.000         1.000
 SOCX           1.000         1.000         1.000
 EMPRATE        1.000         1.000         1.000         1.000
 NETMIGP        1.000         1.000         1.000         1.000         1.000


SAMPLE STATISTICS

NOTE:  The sample statistics for within and between refer to the
       maximum-likelihood estimated within and between covariance
       matrices, respectively.


     ESTIMATED SAMPLE STATISTICS FOR WITHIN


           Means
              JOBS          FEMALE        AGE           EDUC          EMPLCAT
              ________      ________      ________      ________      ________
                0.000         0.520        48.845         0.599         0.495


           Means
              AGE_SQ2       FOREIGNP      SOCX          EMPRATE       NETMIGP
              ________      ________      ________      ________      ________
               26.711         0.000         0.000         0.000         0.000


           Covariances
              JOBS          FEMALE        AGE           EDUC          EMPLCAT
              ________      ________      ________      ________      ________
 JOBS           0.911
 FEMALE         0.045         0.250
 AGE            0.314        -0.410       285.246
 EDUC          -0.083        -0.004        -1.826         0.240
 EMPLCAT       -0.048        -0.050        -2.872         0.046         0.250
 AGE_SQ2        0.514        -0.405       285.227        -1.976        -3.353
 FOREIGNP       0.000         0.000         0.000         0.000         0.000
 SOCX           0.000         0.000         0.000         0.000         0.000
 EMPRATE        0.000         0.000         0.000         0.000         0.000
 NETMIGP        0.000         0.000         0.000         0.000         0.000


           Covariances
              AGE_SQ2       FOREIGNP      SOCX          EMPRATE       NETMIGP
              ________      ________      ________      ________      ________
 AGE_SQ2      294.982
 FOREIGNP       0.000         0.000
 SOCX           0.000         0.000         0.000
 EMPRATE        0.000         0.000         0.000         0.000
 NETMIGP        0.000         0.000         0.000         0.000         0.000


           Correlations
              JOBS          FEMALE        AGE           EDUC          EMPLCAT
              ________      ________      ________      ________      ________
 JOBS           1.000
 FEMALE         0.093         1.000
 AGE            0.019        -0.049         1.000
 EDUC          -0.178        -0.016        -0.221         1.000
 EMPLCAT       -0.101        -0.200        -0.340         0.186         1.000
 AGE_SQ2        0.031        -0.047         0.983        -0.235        -0.390
 FOREIGNP       0.000         0.000         0.000         0.000         0.000
 SOCX           0.000         0.000         0.000         0.000         0.000
 EMPRATE        0.000         0.000         0.000         0.000         0.000
 NETMIGP        0.000         0.000         0.000         0.000         0.000


           Correlations
              AGE_SQ2       FOREIGNP      SOCX          EMPRATE       NETMIGP
              ________      ________      ________      ________      ________
 AGE_SQ2        1.000
 FOREIGNP       0.000         0.000
 SOCX           0.000         0.000         0.000
 EMPRATE        0.000         0.000         0.000         0.000
 NETMIGP        0.000         0.000         0.000         0.000         0.000


     ESTIMATED SAMPLE STATISTICS FOR BETWEEN


           Means
              JOBS          FEMALE        AGE           EDUC          EMPLCAT
              ________      ________      ________      ________      ________
                2.659         0.000         0.000         0.000         0.000


           Means
              AGE_SQ2       FOREIGNP      SOCX          EMPRATE       NETMIGP
              ________      ________      ________      ________      ________
                0.000        12.258        21.440        72.864         2.331


           Covariances
              JOBS          FEMALE        AGE           EDUC          EMPLCAT
              ________      ________      ________      ________      ________
 JOBS           0.091
 FEMALE         0.000         0.000
 AGE            0.000         0.000         0.000
 EDUC           0.000         0.000         0.000         0.000
 EMPLCAT        0.000         0.000         0.000         0.000         0.000
 AGE_SQ2        0.000         0.000         0.000         0.000         0.000
 FOREIGNP      -1.090         0.000         0.000         0.000         0.000
 SOCX           0.589         0.000         0.000         0.000         0.000
 EMPRATE       -0.493         0.000         0.000         0.000         0.000
 NETMIGP        0.078         0.000         0.000         0.000         0.000


           Covariances
              AGE_SQ2       FOREIGNP      SOCX          EMPRATE       NETMIGP
              ________      ________      ________      ________      ________
 AGE_SQ2        0.000
 FOREIGNP       0.000        38.687
 SOCX           0.000       -12.394        19.609
 EMPRATE        0.000         8.552        -5.967        26.756
 NETMIGP        0.000         4.807        -2.760        -2.340         2.577


           Correlations
              JOBS          FEMALE        AGE           EDUC          EMPLCAT
              ________      ________      ________      ________      ________
 JOBS           1.000
 FEMALE         0.000         0.000
 AGE            0.000         0.000         0.000
 EDUC           0.000         0.000         0.000         0.000
 EMPLCAT        0.000         0.000         0.000         0.000         0.000
 AGE_SQ2        0.000         0.000         0.000         0.000         0.000
 FOREIGNP      -0.582         0.000         0.000         0.000         0.000
 SOCX           0.442         0.000         0.000         0.000         0.000
 EMPRATE       -0.316         0.000         0.000         0.000         0.000
 NETMIGP        0.160         0.000         0.000         0.000         0.000


           Correlations
              AGE_SQ2       FOREIGNP      SOCX          EMPRATE       NETMIGP
              ________      ________      ________      ________      ________
 AGE_SQ2        0.000
 FOREIGNP       0.000         1.000
 SOCX           0.000        -0.450         1.000
 EMPRATE        0.000         0.266        -0.260         1.000
 NETMIGP        0.000         0.481        -0.388        -0.282         1.000


     MAXIMUM LOG-LIKELIHOOD VALUE FOR THE UNRESTRICTED (H1) MODEL IS -27197.012


UNIVARIATE SAMPLE STATISTICS


     UNIVARIATE HIGHER-ORDER MOMENT DESCRIPTIVE STATISTICS

         Variable/         Mean/     Skewness/   Minimum/ % with                Percentiles
        Sample Size      Variance    Kurtosis    Maximum  Min/Max      20%/60%    40%/80%    Median

     JOBS                  2.699      -0.240       1.000   15.25%       2.000      2.000      3.000
           20138.000       1.037      -1.063       4.000   26.07%       3.000      4.000
     FEMALE                0.520      -0.081       0.000   47.99%       0.000      0.000      1.000
           20138.000       0.250      -1.994       1.000   52.01%       1.000      1.000
     AGE                  48.845       0.136      15.000    0.07%      33.000     43.000     48.000
           20138.000     285.246      -0.780      97.000    0.01%      53.000     65.000
     EDUC                  0.599      -0.404       0.000   40.10%       0.000      0.000      1.000
           20138.000       0.240      -1.837       1.000   59.90%       1.000      1.000
     EMPLCAT               0.495       0.020       0.000   50.51%       0.000      0.000      0.000
           20138.000       0.250      -2.000       1.000   49.49%       1.000      1.000
     AGE_SQ2              26.711       0.743       2.250    0.07%      10.890     18.490     23.040
           20138.000     294.982      -0.080      94.090    0.01%      28.090     42.250
     FOREIGNP             12.258       0.139       1.564    6.67%       7.200     10.600     10.600
              15.000      38.687      -0.967      22.300    6.67%      12.300     19.500
     SOCX                 21.440       0.531      15.900    6.67%      16.700     18.500     20.800
              15.000      19.609      -1.008      29.400    6.67%      21.200     26.100
     EMPRATE              72.864      -0.079      61.847    6.67%      69.339     72.091     72.933
              15.000      26.756       0.576      84.541    6.67%      72.973     76.220
     NETMIGP               2.331       0.789       0.064    6.67%       0.671      1.825      2.064
              15.000       2.577      -0.052       5.769    6.67%       2.480      3.144


THE MODEL ESTIMATION TERMINATED NORMALLY



MODEL FIT INFORMATION

Number of Free Parameters                       12

Loglikelihood

          H0 Value                      -27197.012
          H0 Scaling Correction Factor      3.7608
            for MLR
          H1 Value                      -27197.012
          H1 Scaling Correction Factor      3.7608
            for MLR

Information Criteria

          Akaike (AIC)                   54418.025
          Bayesian (BIC)                 54512.949
          Sample-Size Adjusted BIC       54474.813
            (n* = (n + 2) / 24)

Chi-Square Test of Model Fit

          Value                              0.000*
          Degrees of Freedom                     0
          P-Value                           1.0000
          Scaling Correction Factor         1.0000
            for MLR

*   The chi-square value for MLM, MLMV, MLR, ULSMV, WLSM and WLSMV cannot be used
    for chi-square difference testing in the regular way.  MLM, MLR and WLSM
    chi-square difference testing is described on the Mplus website.  MLMV, WLSMV,
    and ULSMV difference testing is done using the DIFFTEST option.

RMSEA (Root Mean Square Error Of Approximation)

          Estimate                           0.000

CFI/TLI

          CFI                                1.000
          TLI                                1.000

Chi-Square Test of Model Fit for the Baseline Model

          Value                            323.836
          Degrees of Freedom                     9
          P-Value                           0.0000

SRMR (Standardized Root Mean Square Residual)

          Value for Within                   0.000
          Value for Between                  0.000



MODEL RESULTS

                                                    Two-Tailed
                    Estimate       S.E.  Est./S.E.    P-Value

Within Level

 JOBS       ON
    FEMALE             0.149      0.026      5.722      0.000
    AGE               -0.012      0.003     -3.554      0.000
    AGE_SQ2            0.010      0.003      3.187      0.001
    EDUC              -0.333      0.041     -8.164      0.000
    EMPLCAT           -0.105      0.019     -5.466      0.000

 Residual Variances
    JOBS               0.870      0.039     22.450      0.000

Between Level

 JOBS       ON
    FOREIGNP          -0.040      0.009     -4.567      0.000
    SOCX               0.030      0.008      3.690      0.000
    EMPRATE            0.014      0.009      1.609      0.108
    NETMIGP            0.151      0.027      5.654      0.000

 Intercepts
    JOBS               1.596      0.690      2.313      0.021

 Residual Variances
    JOBS               0.024      0.010      2.414      0.016


STANDARDIZED MODEL RESULTS


STDYX Standardization

                                                    Two-Tailed
                    Estimate       S.E.  Est./S.E.    P-Value

Within Level

 JOBS       ON
    FEMALE             0.078      0.013      5.781      0.000
    AGE               -0.212      0.060     -3.535      0.000
    AGE_SQ2            0.182      0.058      3.146      0.002
    EDUC              -0.171      0.019     -8.942      0.000
    EMPLCAT           -0.055      0.010     -5.522      0.000

 Residual Variances
    JOBS               0.955      0.008    119.981      0.000

Between Level

 JOBS       ON
    FOREIGNP          -0.836      0.179     -4.661      0.000
    SOCX               0.443      0.144      3.077      0.002
    EMPRATE            0.248      0.142      1.746      0.081
    NETMIGP            0.805      0.207      3.893      0.000

 Intercepts
    JOBS               5.302      2.907      1.824      0.068

 Residual Variances
    JOBS               0.267      0.103      2.596      0.009


R-SQUARE

Within Level

    Observed                                        Two-Tailed
    Variable        Estimate       S.E.  Est./S.E.    P-Value

    JOBS               0.045      0.008      5.633      0.000

Between Level

    Observed                                        Two-Tailed
    Variable        Estimate       S.E.  Est./S.E.    P-Value

    JOBS               0.733      0.103      7.137      0.000


QUALITY OF NUMERICAL RESULTS

     Condition Number for the Information Matrix              0.104E-08
       (ratio of smallest to largest eigenvalue)


CONFIDENCE INTERVALS OF MODEL RESULTS

                  Lower .5%  Lower 2.5%    Lower 5%    Estimate    Upper 5%  Upper 2.5%   Upper .5%

Within Level

 JOBS     ON
    FEMALE           0.082       0.098       0.106       0.149       0.192       0.200       0.216
    AGE             -0.021      -0.019      -0.018      -0.012      -0.006      -0.005      -0.003
    AGE_SQ2          0.002       0.004       0.005       0.010       0.015       0.016       0.018
    EDUC            -0.437      -0.412      -0.400      -0.333      -0.266      -0.253      -0.228
    EMPLCAT         -0.154      -0.142      -0.136      -0.105      -0.073      -0.067      -0.055

 Residual Variances
    JOBS             0.770       0.794       0.806       0.870       0.934       0.946       0.970

Between Level

 JOBS     ON
    FOREIGNP        -0.063      -0.058      -0.055      -0.040      -0.026      -0.023      -0.018
    SOCX             0.009       0.014       0.017       0.030       0.044       0.046       0.051
    EMPRATE         -0.009      -0.003       0.000       0.014       0.029       0.032       0.038
    NETMIGP          0.082       0.099       0.107       0.151       0.195       0.203       0.220

 Intercepts
    JOBS            -0.181       0.244       0.461       1.596       2.731       2.948       3.373

 Residual Variances
    JOBS            -0.002       0.005       0.008       0.024       0.041       0.044       0.050


CONFIDENCE INTERVALS OF STANDARDIZED MODEL RESULTS


STDYX Standardization

                  Lower .5%  Lower 2.5%    Lower 5%    Estimate    Upper 5%  Upper 2.5%   Upper .5%

Within Level

 JOBS     ON
    FEMALE           0.043       0.051       0.056       0.078       0.100       0.104       0.113
    AGE             -0.367      -0.330      -0.311      -0.212      -0.113      -0.095      -0.058
    AGE_SQ2          0.033       0.069       0.087       0.182       0.277       0.295       0.331
    EDUC            -0.220      -0.208      -0.202      -0.171      -0.139      -0.133      -0.122
    EMPLCAT         -0.081      -0.074      -0.071      -0.055      -0.039      -0.035      -0.029

 Residual Variances
    JOBS             0.935       0.940       0.942       0.955       0.968       0.971       0.976

Between Level

 JOBS     ON
    FOREIGNP        -1.298      -1.188      -1.131      -0.836      -0.541      -0.485      -0.374
    SOCX             0.072       0.161       0.206       0.443       0.679       0.725       0.813
    EMPRATE         -0.118      -0.030       0.014       0.248       0.481       0.526       0.614
    NETMIGP          0.272       0.400       0.465       0.805       1.145       1.210       1.337

 Intercepts
    JOBS            -2.185      -0.395       0.520       5.302      10.083      10.999      12.789

 Residual Variances
    JOBS             0.002       0.065       0.098       0.267       0.436       0.468       0.531


DIAGRAM INFORMATION

  Mplus diagrams are currently not available for multilevel analysis.
  No diagram output was produced.


     Beginning Time:  13:46:17
        Ending Time:  13:46:18
       Elapsed Time:  00:00:01



MUTHEN & MUTHEN
3463 Stoner Ave.
Los Angeles, CA  90066

Tel: (310) 391-9971
Fax: (310) 391-8971
Web: www.StatModel.com
Support: Support@StatModel.com

Copyright (c) 1998-2018 Muthen & Muthen
