Mplus VERSION 8.2
MUTHEN & MUTHEN
03/02/2020   1:43 PM

INPUT INSTRUCTIONS


  TITLE: 		model2;

  DATA: 		FILE IS "C:/data/team77.dat";


  VARIABLE:		NAMES ARE 		cntr job health retire unempl incom hous
  				age female nevmar divorc widow HHsize HHkids
  				suburb rural eduless edusec eduhigh work relinc
  				pctfr ch10yr mignet swfex regsd reglib emplrat;
  			
  		CLUSTER = 		cntr;

        		USEVARIABLES 	pctfr ch10yr mignet swfex
        				emplrat
        			 	factor;
        		
  		MISSING = 		ALL (-99);

  		
  		between =		pctfr ch10yr mignet swfex
  				emplrat;
  		

  		

  DEFINE: 		factor =		(job+health+retire+unempl+incom+hous)/6;


  ANALYSIS: 		TYPE IS  		TWOLEVEL;
  		Estimator = 	bayes;


  MODEL:		
  		
  		

  		%BETWEEN%

  		factor ON    	pctfr ch10yr mignet swfex
  				emplrat;
  		
  		pctfr ch10yr mignet swfex emplrat;
  		


  OUTPUT:  		STANDARDIZED;
              	CINTERVAL;
              	TECH5;




INPUT READING TERMINATED NORMALLY



model2;

SUMMARY OF ANALYSIS

Number of groups                                                 1
Number of observations                                       31751

Number of dependent variables                                    1
Number of independent variables                                  5
Number of continuous latent variables                            0

Observed dependent variables

  Continuous
   FACTOR

Observed independent variables
   PCTFR       CH10YR      MIGNET      SWFEX       EMPLRAT

Variables with special functions

  Cluster variable      CNTR

  Between variables
   PCTFR       CH10YR      MIGNET      SWFEX       EMPLRAT


Estimator                                                    BAYES
Specifications for Bayesian Estimation
  Point estimate                                            MEDIAN
  Number of Markov chain Monte Carlo (MCMC) chains               2
  Random seed for the first chain                                0
  Starting value information                           UNPERTURBED
  Algorithm used for Markov chain Monte Carlo           GIBBS(PX1)
  Convergence criterion                                  0.500D-01
  Maximum number of iterations                               50000
  K-th iteration used for thinning                               1

Input data file(s)
  C:/data/team77.dat
Input data format  FREE


SUMMARY OF DATA

     Number of clusters                         24

       Size (s)    Cluster ID with Size s

       1000        348
       1002        428
       1006        440
       1024        705
       1051        410
       1066        756
       1138        208
       1140        752
       1150        703
       1186        246
       1248        376
       1260        578
       1267        36
       1322        352
       1390        840
       1400        203
       1416        152
       1501        250
       1535        792
       1563        826
       1611        392
       1689        276
       1834        724
       1952        56



COVARIANCE COVERAGE OF DATA

Minimum covariance coverage value   0.100

     Number of missing data patterns             2


     PROPORTION OF DATA PRESENT


           Covariance Coverage
              PCTFR         CH10YR        MIGNET        SWFEX         EMPLRAT
              ________      ________      ________      ________      ________
 PCTFR          1.000
 CH10YR         1.000         1.000
 MIGNET         1.000         1.000         1.000
 SWFEX          0.968         0.968         0.968         0.968
 EMPLRAT        1.000         1.000         1.000         0.968         1.000
 FACTOR         1.000         1.000         1.000         0.968         1.000


           Covariance Coverage
              FACTOR
              ________
 FACTOR         1.000



UNIVARIATE SAMPLE STATISTICS


     UNIVARIATE HIGHER-ORDER MOMENT DESCRIPTIVE STATISTICS

         Variable/         Mean/     Skewness/   Minimum/ % with                Percentiles
        Sample Size      Variance    Kurtosis    Maximum  Min/Max      20%/60%    40%/80%    Median

     PCTFR                11.459       0.840       1.783    4.17%       4.004     10.965     11.886
              24.000      57.199       0.173      29.307    4.17%      12.223     14.706
     CH10YR                0.171      -0.607      -0.388    4.17%       0.073      0.122      0.186
              24.000       0.050       0.719       0.631    4.17%       0.213      0.306
     MIGNET                0.184      -0.719      -0.970    4.17%       0.040      0.090      0.135
              24.000       0.192       1.078       0.980    4.17%       0.290      0.440
     SWFEX                21.178      -0.021      10.400    4.35%      15.200     19.300     20.600
              23.000      34.932      -0.873      31.500    4.35%      22.800     25.300
     EMPLRAT              56.403       0.213      45.078    4.17%      51.206     54.488     57.451
              24.000      33.286       0.249      71.125    4.17%      58.252     59.879
     FACTOR                2.058       3.154       1.000   10.13%       1.333      1.667      1.833
           31751.000       1.091      15.252       9.000    0.45%       2.000      2.500


THE MODEL ESTIMATION TERMINATED NORMALLY

     USE THE FBITERATIONS OPTION TO INCREASE THE NUMBER OF ITERATIONS BY A FACTOR
     OF AT LEAST TWO TO CHECK CONVERGENCE AND THAT THE PSR VALUE DOES NOT INCREASE.



MODEL FIT INFORMATION

Number of Free Parameters                              18

Bayesian Posterior Predictive Checking using Chi-Square

          95% Confidence Interval for the Difference Between
          the Observed and the Replicated Chi-Square Values

                                 14.822            47.348

          Posterior Predictive P-Value              0.000

Information Criteria

          Deviance (DIC)                        89901.299
          Estimated Number of Parameters (pD)      38.022



MODEL RESULTS

                                Posterior  One-Tailed         95% C.I.
                    Estimate       S.D.      P-Value   Lower 2.5%  Upper 2.5%  Significance

Within Level

 Variances
    FACTOR             0.977       0.008      0.000       0.960       0.989      *

Between Level

 FACTOR     ON
    PCTFR             -0.011       0.011      0.140      -0.033       0.008
    CH10YR            -0.545       0.467      0.090      -1.680       0.361
    MIGNET             0.364       0.292      0.120      -0.241       0.914
    SWFEX              0.024       0.016      0.020       0.000       0.053      *
    EMPLRAT            0.028       0.017      0.020       0.001       0.069      *

 Means
    PCTFR             11.538       1.694      0.000       8.157      15.122      *
    CH10YR             0.158       0.057      0.000       0.064       0.285      *
    MIGNET             0.193       0.102      0.040      -0.012       0.401
    SWFEX             20.990       1.378      0.000      18.410      23.858      *
    EMPLRAT           56.520       1.239      0.000      54.128      58.785      *

 Intercepts
    FACTOR             0.146       1.097      0.440      -2.150       2.089

 Variances
    PCTFR             70.516      23.931      0.000      41.056     136.757      *
    CH10YR             0.058       0.017      0.000       0.034       0.096      *
    MIGNET             0.230       0.079      0.000       0.126       0.480      *
    SWFEX             40.321      13.212      0.000      22.223      69.709      *
    EMPLRAT           40.440      12.286      0.000      25.303      69.474      *

 Residual Variances
    FACTOR             0.106       0.044      0.000       0.055       0.233      *


STANDARDIZED MODEL RESULTS


STDYX Standardization

                                Posterior  One-Tailed         95% C.I.
                    Estimate       S.D.      P-Value   Lower 2.5%  Upper 2.5%  Significance
Within Level

 Variances
    FACTOR             1.000       0.000      0.000       1.000       1.000

Between Level

 FACTOR     ON
    PCTFR             -0.172       0.164      0.140      -0.480       0.151
    CH10YR            -0.279       0.183      0.090      -0.558       0.153
    MIGNET             0.341       0.232      0.120      -0.275       0.676
    SWFEX              0.310       0.164      0.020       0.008       0.565      *
    EMPLRAT            0.355       0.171      0.020       0.009       0.677      *

 Means
    PCTFR              1.413       0.310      0.000       0.759       2.032      *
    CH10YR             0.708       0.255      0.000       0.244       1.167      *
    MIGNET             0.395       0.217      0.040      -0.021       0.805
    SWFEX              3.248       0.566      0.000       2.413       4.768      *
    EMPLRAT            8.830       1.272      0.000       6.609      11.398      *

 Intercepts
    FACTOR             0.289       1.963      0.440      -3.322       4.357

 Variances
    PCTFR              1.000       0.000      0.000       1.000       1.000
    CH10YR             1.000       0.000      0.000       1.000       1.000
    MIGNET             1.000       0.000      0.000       1.000       1.000
    SWFEX              1.000       0.000      0.000       1.000       1.000
    EMPLRAT            1.000       0.000      0.000       1.000       1.000

 Residual Variances
    FACTOR             0.438       0.166      0.000       0.177       0.783      *


STDY Standardization

                                Posterior  One-Tailed         95% C.I.
                    Estimate       S.D.      P-Value   Lower 2.5%  Upper 2.5%  Significance
Within Level

 Variances
    FACTOR             1.000       0.000      0.000       1.000       1.000

Between Level

 FACTOR     ON
    PCTFR             -0.172       0.164      0.140      -0.480       0.151
    CH10YR            -0.279       0.183      0.090      -0.558       0.153
    MIGNET             0.341       0.232      0.120      -0.275       0.676
    SWFEX              0.310       0.164      0.020       0.008       0.565      *
    EMPLRAT            0.355       0.171      0.020       0.009       0.677      *

 Means
    PCTFR              1.413       0.310      0.000       0.759       2.032      *
    CH10YR             0.708       0.255      0.000       0.244       1.167      *
    MIGNET             0.395       0.217      0.040      -0.021       0.805
    SWFEX              3.248       0.566      0.000       2.413       4.768      *
    EMPLRAT            8.830       1.272      0.000       6.609      11.398      *

 Intercepts
    FACTOR             0.289       1.963      0.440      -3.322       4.357

 Variances
    PCTFR              1.000       0.000      0.000       1.000       1.000
    CH10YR             1.000       0.000      0.000       1.000       1.000
    MIGNET             1.000       0.000      0.000       1.000       1.000
    SWFEX              1.000       0.000      0.000       1.000       1.000
    EMPLRAT            1.000       0.000      0.000       1.000       1.000

 Residual Variances
    FACTOR             0.438       0.166      0.000       0.177       0.783      *


STD Standardization

                                Posterior  One-Tailed         95% C.I.
                    Estimate       S.D.      P-Value   Lower 2.5%  Upper 2.5%  Significance
Within Level

 Variances
    FACTOR             0.977       0.008      0.000       0.960       0.989      *

Between Level

 FACTOR     ON
    PCTFR             -0.011       0.011      0.140      -0.033       0.008
    CH10YR            -0.545       0.467      0.090      -1.680       0.361
    MIGNET             0.364       0.292      0.120      -0.241       0.914
    SWFEX              0.024       0.016      0.020       0.000       0.053      *
    EMPLRAT            0.028       0.017      0.020       0.001       0.069      *

 Means
    PCTFR             11.538       1.694      0.000       8.157      15.122      *
    CH10YR             0.158       0.057      0.000       0.064       0.285      *
    MIGNET             0.193       0.102      0.040      -0.012       0.401
    SWFEX             20.990       1.378      0.000      18.410      23.858      *
    EMPLRAT           56.520       1.239      0.000      54.128      58.785      *

 Intercepts
    FACTOR             0.146       1.097      0.440      -2.150       2.089

 Variances
    PCTFR             70.516      23.931      0.000      41.056     136.757      *
    CH10YR             0.058       0.017      0.000       0.034       0.096      *
    MIGNET             0.230       0.079      0.000       0.126       0.480      *
    SWFEX             40.321      13.212      0.000      22.223      69.709      *
    EMPLRAT           40.440      12.286      0.000      25.303      69.474      *

 Residual Variances
    FACTOR             0.106       0.044      0.000       0.055       0.233      *


R-SQUARE

Within Level

Between Level

                                Posterior  One-Tailed         95% C.I.
    Variable        Estimate       S.D.      P-Value   Lower 2.5%  Upper 2.5%

    FACTOR             0.562       0.166      0.000       0.217       0.823


CREDIBILITY INTERVALS OF MODEL RESULTS

                  Lower .5%  Lower 2.5%    Lower 5%    Estimate    Upper 5%  Upper 2.5%   Upper .5%

Within Level

 Variances
    FACTOR           0.952       0.960       0.963       0.977       0.988       0.989       0.998

Between Level

 FACTOR   ON
    PCTFR           -0.041      -0.033      -0.032      -0.011       0.005       0.008       0.016
    CH10YR          -1.843      -1.680      -1.373      -0.545       0.100       0.361       0.614
    MIGNET          -0.406      -0.241      -0.127       0.364       0.807       0.914       1.098
    SWFEX           -0.031       0.000       0.002       0.024       0.048       0.053       0.067
    EMPLRAT         -0.010       0.001       0.004       0.028       0.062       0.069       0.077

 Means
    PCTFR            6.918       8.157       8.812      11.538      14.336      15.122      16.118
    CH10YR           0.008       0.064       0.083       0.158       0.259       0.285       0.330
    MIGNET          -0.050      -0.012       0.012       0.193       0.363       0.401       0.429
    SWFEX           16.548      18.410      19.211      20.990      23.219      23.858      25.198
    EMPLRAT         53.596      54.128      54.350      56.520      58.662      58.785      59.906

 Intercepts
    FACTOR          -3.068      -2.150      -1.909       0.146       1.771       2.089       3.176

 Variances
    PCTFR           28.199      41.056      43.290      70.516     119.912     136.757     175.815
    CH10YR           0.032       0.034       0.036       0.058       0.090       0.096       0.105
    MIGNET           0.117       0.126       0.133       0.230       0.381       0.480       0.497
    SWFEX           20.432      22.223      23.252      40.321      60.615      69.709     105.375
    EMPLRAT         21.810      25.303      25.729      40.440      66.036      69.474      88.040

 Residual Variances
    FACTOR           0.052       0.055       0.057       0.106       0.190       0.233       0.311


CREDIBILITY INTERVALS OF STANDARDIZED MODEL RESULTS


STDYX Standardization

                  Lower .5%  Lower 2.5%    Lower 5%    Estimate    Upper 5%  Upper 2.5%   Upper .5%

Within Level

 Variances
    FACTOR           1.000       1.000       1.000       1.000       1.000       1.000       1.000

Between Level

 FACTOR   ON
    PCTFR           -0.519      -0.480      -0.442      -0.172       0.087       0.151       0.326
    CH10YR          -0.593      -0.558      -0.528      -0.279       0.061       0.153       0.274
    MIGNET          -0.315      -0.275      -0.141       0.341       0.623       0.676       0.830
    SWFEX           -0.281       0.008       0.029       0.310       0.525       0.565       0.589
    EMPLRAT         -0.096       0.009       0.053       0.355       0.622       0.677       0.693

 Means
    PCTFR            0.687       0.759       0.923       1.413       1.817       2.032       2.580
    CH10YR           0.029       0.244       0.303       0.708       1.142       1.167       1.314
    MIGNET          -0.087      -0.021       0.026       0.395       0.736       0.805       1.048
    SWFEX            1.873       2.413       2.548       3.248       4.291       4.768       4.930
    EMPLRAT          5.987       6.609       6.914       8.830      10.942      11.398      12.252

 Intercepts
    FACTOR          -3.996      -3.322      -2.793       0.289       3.834       4.357       5.902

 Variances
    PCTFR            1.000       1.000       1.000       1.000       1.000       1.000       1.000
    CH10YR           1.000       1.000       1.000       1.000       1.000       1.000       1.000
    MIGNET           1.000       1.000       1.000       1.000       1.000       1.000       1.000
    SWFEX            1.000       1.000       1.000       1.000       1.000       1.000       1.000
    EMPLRAT          1.000       1.000       1.000       1.000       1.000       1.000       1.000

 Residual Variances
    FACTOR           0.149       0.177       0.187       0.438       0.713       0.783       0.853


STDY Standardization

                  Lower .5%  Lower 2.5%    Lower 5%    Estimate    Upper 5%  Upper 2.5%   Upper .5%

Within Level

 Variances
    FACTOR           1.000       1.000       1.000       1.000       1.000       1.000       1.000

Between Level

 FACTOR   ON
    PCTFR           -0.519      -0.480      -0.442      -0.172       0.087       0.151       0.326
    CH10YR          -0.593      -0.558      -0.528      -0.279       0.061       0.153       0.274
    MIGNET          -0.315      -0.275      -0.141       0.341       0.623       0.676       0.830
    SWFEX           -0.281       0.008       0.029       0.310       0.525       0.565       0.589
    EMPLRAT         -0.096       0.009       0.053       0.355       0.622       0.677       0.693

 Means
    PCTFR            0.687       0.759       0.923       1.413       1.817       2.032       2.580
    CH10YR           0.029       0.244       0.303       0.708       1.142       1.167       1.314
    MIGNET          -0.087      -0.021       0.026       0.395       0.736       0.805       1.048
    SWFEX            1.873       2.413       2.548       3.248       4.291       4.768       4.930
    EMPLRAT          5.987       6.609       6.914       8.830      10.942      11.398      12.252

 Intercepts
    FACTOR          -3.996      -3.322      -2.793       0.289       3.834       4.357       5.902

 Variances
    PCTFR            1.000       1.000       1.000       1.000       1.000       1.000       1.000
    CH10YR           1.000       1.000       1.000       1.000       1.000       1.000       1.000
    MIGNET           1.000       1.000       1.000       1.000       1.000       1.000       1.000
    SWFEX            1.000       1.000       1.000       1.000       1.000       1.000       1.000
    EMPLRAT          1.000       1.000       1.000       1.000       1.000       1.000       1.000

 Residual Variances
    FACTOR           0.149       0.177       0.187       0.438       0.713       0.783       0.853


STD Standardization

                  Lower .5%  Lower 2.5%    Lower 5%    Estimate    Upper 5%  Upper 2.5%   Upper .5%

Within Level

 Variances
    FACTOR           0.952       0.960       0.963       0.977       0.988       0.989       0.998

Between Level

 FACTOR   ON
    PCTFR           -0.041      -0.033      -0.032      -0.011       0.005       0.008       0.016
    CH10YR          -1.843      -1.680      -1.373      -0.545       0.100       0.361       0.614
    MIGNET          -0.406      -0.241      -0.127       0.364       0.807       0.914       1.098
    SWFEX           -0.031       0.000       0.002       0.024       0.048       0.053       0.067
    EMPLRAT         -0.010       0.001       0.004       0.028       0.062       0.069       0.077

 Means
    PCTFR            6.918       8.157       8.812      11.538      14.336      15.122      16.118
    CH10YR           0.008       0.064       0.083       0.158       0.259       0.285       0.330
    MIGNET          -0.050      -0.012       0.012       0.193       0.363       0.401       0.429
    SWFEX           16.548      18.410      19.211      20.990      23.219      23.858      25.198
    EMPLRAT         53.596      54.128      54.350      56.520      58.662      58.785      59.906

 Intercepts
    FACTOR          -3.068      -2.150      -1.909       0.146       1.771       2.089       3.176

 Variances
    PCTFR           28.199      41.056      43.290      70.516     119.912     136.757     175.815
    CH10YR           0.032       0.034       0.036       0.058       0.090       0.096       0.105
    MIGNET           0.117       0.126       0.133       0.230       0.381       0.480       0.497
    SWFEX           20.432      22.223      23.252      40.321      60.615      69.709     105.375
    EMPLRAT         21.810      25.303      25.729      40.440      66.036      69.474      88.040

 Residual Variances
    FACTOR           0.052       0.055       0.057       0.106       0.190       0.233       0.311


TECHNICAL 5 OUTPUT


DIAGRAM INFORMATION

  Mplus diagrams are currently not available for multilevel analysis.
  No diagram output was produced.


     Beginning Time:  13:43:51
        Ending Time:  13:43:54
       Elapsed Time:  00:00:03



MUTHEN & MUTHEN
3463 Stoner Ave.
Los Angeles, CA  90066

Tel: (310) 391-9971
Fax: (310) 391-8971
Web: www.StatModel.com
Support: Support@StatModel.com

Copyright (c) 1998-2018 Muthen & Muthen
