Mplus VERSION 8.2
MUTHEN & MUTHEN
12/31/2019   9:35 AM

INPUT INSTRUCTIONS

    TITLE:
    Team 16 net mig;

    DATA:
    FILE = C:/data/t16.csv;
    LISTWISE = ON;

    VARIABLE:
    NAMES = country wave
    old unemp inc jobs
    female age age2
    eduP eduS eduT      !tertiary as reference
    gdp_o gdp_wb
    stock_wb stock_un
    stock_o
    net_un
    employ
    socx;

    USEVARIABLES = old unemp inc jobs
    female age age2
    eduP eduS
    gdp_o
    net_un
    employ
    socx
    cw;

    MISSING = all (-99);

    !CATEGORICAL = old unemp inc jobs;

    WITHIN = female age age2
    eduP eduS;

    BETWEEN = gdp_o
    net_un
    employ
    socx;

    CLUSTER = cw;

    DEFINE:
    if (old > 4) then old = 3;
    age2 = age2/100;
    gdp_o = gdp_o/1000;
    cw = country * wave;
    net_un = net_un/10;
    unemp = (-1*unemp)+5;
    old = (-1*old)+5;
    inc = (-1*inc)+5;
    jobs = (-1*jobs)+5;

    ANALYSIS:
    TYPE = TWOLEVEL;
    ESTIMATOR = BAYES;
    PROCESSORS = 2;
    !BITERATIONS=(10000);
    !PARAMETERIZATION = THETA;

    MODEL:
    %WITHIN%
    attw by unemp old inc jobs;

    attw on female age age2
    eduP eduS;

    %BETWEEN%
    attb by unemp old inc jobs;

    attb on gdp_o net_un
    employ socx;

    OUTPUT:
    RESIDUAL STDYX TECH1 TECH4;



INPUT READING TERMINATED NORMALLY




Team 16 net mig;

SUMMARY OF ANALYSIS

Number of groups                                                 1
Number of observations                                       39017

Number of dependent variables                                    4
Number of independent variables                                  9
Number of continuous latent variables                            2

Observed dependent variables

  Continuous
   OLD         UNEMP       INC         JOBS

Observed independent variables
   FEMALE      AGE         AGE2        EDUP        EDUS        GDP_O
   NET_UN      EMPLOY      SOCX

Continuous latent variables
   ATTW        ATTB

Variables with special functions

  Cluster variable      CW

  Within variables
   FEMALE      AGE         AGE2        EDUP        EDUS

  Between variables
   GDP_O       NET_UN      EMPLOY      SOCX


Estimator                                                    BAYES
Specifications for Bayesian Estimation
  Point estimate                                            MEDIAN
  Number of Markov chain Monte Carlo (MCMC) chains               2
  Random seed for the first chain                                0
  Starting value information                           UNPERTURBED
  Algorithm used for Markov chain Monte Carlo           GIBBS(PX1)
  Convergence criterion                                  0.500D-01
  Maximum number of iterations                               50000
  K-th iteration used for thinning                               1

Input data file(s)
  C:/data/t16.csv
Input data format  FREE


SUMMARY OF DATA

     Number of clusters                         30

       Size (s)    Cluster ID with Size s

        717        248744
        727        782432
        785        1656956
        834        1648696 1059168
        879        746232
        898        1516536
        922        247504
        933        742512
        952        1105784
        954        786352
        992        493476
       1035        1111324
       1038        1500992
       1043        1508512
       1048        1676640
       1109        499000
       1151        417248
       1171        1153688
       1224        1159468
       1407        553656
       1422        1685040
       1577        501500
       1736        1243720
       1768        71856
       2125        1508976
       2165        1445104
       2286        72216
       2307        1452344
       2978        550896




UNIVARIATE SAMPLE STATISTICS


     UNIVARIATE HIGHER-ORDER MOMENT DESCRIPTIVE STATISTICS

         Variable/         Mean/     Skewness/   Minimum/ % with                Percentiles
        Sample Size      Variance    Kurtosis    Maximum  Min/Max      20%/60%    40%/80%    Median

     OLD                   3.149      -0.512       1.000    2.20%       2.000      3.000      3.000
           39017.000       0.698      -0.807       4.000   41.30%       4.000      4.000
     UNEMP                 2.954      -0.537       1.000    5.92%       2.000      3.000      3.000
           39017.000       0.688      -0.178       4.000   26.28%       3.000      4.000
     INC                   2.948      -0.536       1.000   10.51%       2.000      3.000      3.000
           39017.000       0.991      -0.830       4.000   36.55%       3.000      4.000
     JOBS                  2.781      -0.322       1.000   12.79%       2.000      3.000      3.000
           39017.000       0.998      -0.980       4.000   28.56%       3.000      4.000
     FEMALE                0.508      -0.032       0.000   49.21%       0.000      0.000      1.000
           39017.000       0.250      -1.999       1.000   50.79%       1.000      1.000
     AGE                  47.294       0.211      15.000    0.03%      31.000     41.000     46.000
           39017.000     275.863      -0.792      97.000    0.01%      51.000     63.000
     AGE2                 25.126       0.805       2.250    0.03%       9.610     16.810     21.160
           39017.000     274.290       0.016      94.090    0.01%      26.010     39.690
     EDUP                  0.235       1.251       0.000   76.52%       0.000      0.000      0.000
           39017.000       0.180      -0.435       1.000   23.48%       0.000      1.000
     EDUS                  0.430       0.282       0.000   56.97%       0.000      0.000      0.000
           39017.000       0.245      -1.921       1.000   43.03%       1.000      1.000
     GDP_O                31.298       0.514      16.915    3.33%      23.225     26.787     30.564
              30.000      80.672      -0.353      54.083    3.33%      33.103     37.822
     NET_UN                0.383       1.124       0.000    3.33%       0.140      0.230      0.365
              30.000       0.079       1.469       1.270    3.33%       0.390      0.590
     EMPLOY               58.110      -1.255      39.832    3.33%      52.850     57.898     59.225
              30.000      32.695       1.513      65.231    3.33%      60.841     62.393
     SOCX                 20.650       0.602      14.500    3.33%      16.400     18.200     19.500
              30.000      19.442      -0.850      29.800    3.33%      20.800     25.300


THE MODEL ESTIMATION TERMINATED NORMALLY

     USE THE FBITERATIONS OPTION TO INCREASE THE NUMBER OF ITERATIONS BY A FACTOR
     OF AT LEAST TWO TO CHECK CONVERGENCE AND THAT THE PSR VALUE DOES NOT INCREASE.



MODEL FIT INFORMATION

Number of Free Parameters                              29

Bayesian Posterior Predictive Checking using Chi-Square

          95% Confidence Interval for the Difference Between
          the Observed and the Replicated Chi-Square Values

                                947.650          1029.553

          Posterior Predictive P-Value              0.000

Information Criteria

          Deviance (DIC)                       355424.582
          Estimated Number of Parameters (pD)      82.886



MODEL RESULTS

                                Posterior  One-Tailed         95% C.I.
                    Estimate       S.D.      P-Value   Lower 2.5%  Upper 2.5%  Significance

Within Level

 ATTW     BY
    UNEMP              1.000       0.000      0.000       1.000       1.000
    OLD                0.612       0.009      0.000       0.595       0.630      *
    INC                1.351       0.015      0.000       1.320       1.377      *
    JOBS               1.241       0.014      0.000       1.214       1.267      *

 ATTW       ON
    FEMALE             0.118       0.006      0.000       0.106       0.129      *
    AGE               -0.003       0.001      0.000      -0.005      -0.002      *
    AGE2               0.005       0.001      0.000       0.003       0.006      *
    EDUP               0.283       0.008      0.000       0.266       0.299      *
    EDUS               0.161       0.007      0.000       0.148       0.173      *

 Residual Variances
    OLD                0.357       0.003      0.000       0.352       0.363      *
    UNEMP              0.365       0.003      0.000       0.359       0.372      *
    INC                0.504       0.006      0.000       0.493       0.514      *
    JOBS               0.520       0.005      0.000       0.511       0.531      *
    ATTW               0.202       0.004      0.000       0.196       0.209      *

Between Level

 ATTB     BY
    UNEMP              1.000       0.000      0.000       1.000       1.000
    OLD                0.292       0.415      0.238      -0.509       1.089
    INC                0.823       0.161      0.000       0.548       1.214      *
    JOBS               1.109       0.181      0.000       0.813       1.527      *

 ATTB       ON
    GDP_O              0.003       0.006      0.309      -0.009       0.013
    NET_UN             0.083       0.163      0.289      -0.228       0.410
    EMPLOY            -0.018       0.005      0.000      -0.029      -0.008      *
    SOCX               0.025       0.009      0.003       0.009       0.045      *

 Intercepts
    OLD                3.188       0.224      0.000       2.795       3.728      *
    UNEMP              3.097       0.212      0.000       2.905       3.599      *
    INC                3.001       0.194      0.000       2.812       3.493      *
    JOBS               2.917       0.258      0.000       2.670       3.559      *

 Residual Variances
    OLD                0.284       0.097      0.000       0.175       0.529      *
    UNEMP              0.016       0.009      0.000       0.004       0.037      *
    INC                0.023       0.010      0.000       0.009       0.048      *
    JOBS               0.020       0.012      0.000       0.005       0.048      *
    ATTB               0.048       0.021      0.000       0.022       0.105      *


STANDARDIZED MODEL RESULTS


STDYX Standardization

                                Posterior  One-Tailed         95% C.I.
                    Estimate       S.D.      P-Value   Lower 2.5%  Upper 2.5%  Significance
Within Level

 ATTW     BY
    UNEMP              0.613       0.004      0.000       0.605       0.621      *
    OLD                0.433       0.005      0.000       0.422       0.443      *
    INC                0.666       0.005      0.000       0.656       0.674      *
    JOBS               0.628       0.004      0.000       0.619       0.636      *

 ATTW       ON
    FEMALE             0.126       0.006      0.000       0.114       0.137      *
    AGE               -0.122       0.030      0.000      -0.167      -0.056      *
    AGE2               0.166       0.030      0.000       0.101       0.214      *
    EDUP               0.256       0.007      0.000       0.241       0.270      *
    EDUS               0.170       0.007      0.000       0.156       0.183      *

 Residual Variances
    OLD                0.812       0.004      0.000       0.804       0.822      *
    UNEMP              0.624       0.005      0.000       0.615       0.634      *
    INC                0.557       0.006      0.000       0.545       0.569      *
    JOBS               0.606       0.005      0.000       0.596       0.616      *
    ATTW               0.921       0.003      0.000       0.915       0.927      *

Between Level

 ATTB     BY
    UNEMP              0.919       0.058      0.000       0.757       0.982      *
    OLD                0.155       0.198      0.238      -0.272       0.504
    INC                0.842       0.077      0.000       0.650       0.947      *
    JOBS               0.916       0.059      0.000       0.741       0.977      *

 ATTB       ON
    GDP_O              0.091       0.179      0.309      -0.247       0.432
    NET_UN             0.085       0.152      0.289      -0.216       0.382
    EMPLOY            -0.363       0.105      0.000      -0.565      -0.159      *
    SOCX               0.395       0.107      0.003       0.144       0.568      *

 Intercepts
    OLD                5.811       0.861      0.000       4.144       7.533      *
    UNEMP             10.122       1.481      0.000       7.438      13.278      *
    INC               10.812       1.486      0.000       7.957      13.795      *
    JOBS               8.498       1.252      0.000       6.310      11.169      *

 Residual Variances
    OLD                0.967       0.071      0.000       0.746       1.000      *
    UNEMP              0.156       0.101      0.000       0.035       0.426      *
    INC                0.291       0.122      0.000       0.103       0.577      *
    JOBS               0.161       0.101      0.000       0.046       0.443      *
    ATTB               0.596       0.125      0.000       0.372       0.854      *


R-SQUARE

Within Level

                                Posterior  One-Tailed         95% C.I.
    Variable        Estimate       S.D.      P-Value   Lower 2.5%  Upper 2.5%

    OLD                0.188       0.004      0.000       0.178       0.196
    UNEMP              0.376       0.005      0.000       0.366       0.385
    INC                0.443       0.006      0.000       0.431       0.455
    JOBS               0.394       0.005      0.000       0.383       0.404

                                Posterior  One-Tailed         95% C.I.
    Variable        Estimate       S.D.      P-Value   Lower 2.5%  Upper 2.5%

    ATTW               0.079       0.003      0.000       0.073       0.085

Between Level

                                Posterior  One-Tailed         95% C.I.
    Variable        Estimate       S.D.      P-Value   Lower 2.5%  Upper 2.5%

    OLD                0.033       0.071      0.000       0.000       0.254
    UNEMP              0.844       0.101      0.000       0.573       0.965
    INC                0.709       0.122      0.000       0.422       0.896
    JOBS               0.839       0.101      0.000       0.549       0.954

                                Posterior  One-Tailed         95% C.I.
    Variable        Estimate       S.D.      P-Value   Lower 2.5%  Upper 2.5%

    ATTB               0.404       0.125      0.000       0.144       0.627


RESIDUAL OUTPUT


     ESTIMATED MODEL


     WITHIN LEVEL


           Means
              OLD           UNEMP         INC           JOBS          FEMALE
              ________      ________      ________      ________      ________
                0.092         0.151         0.203         0.187         0.508


           Means
              AGE           AGE2          EDUP          EDUS          GDP_O
              ________      ________      ________      ________      ________
               47.294        25.126         0.235         0.430         0.000


           Means
              NET_UN        EMPLOY        SOCX
              ________      ________      ________
                0.000         0.000         0.000


           Covariances
              OLD           UNEMP         INC           JOBS          FEMALE
              ________      ________      ________      ________      ________
 OLD            0.440
 UNEMP          0.134         0.585
 INC            0.182         0.297         0.905
 JOBS           0.167         0.273         0.368         0.859
 FEMALE         0.019         0.031         0.042         0.039         0.250
 AGE            0.426         0.696         0.940         0.864        -0.150
 AGE2           0.468         0.765         1.034         0.949        -0.129
 EDUP           0.023         0.038         0.051         0.047         0.004
 EDUS           0.006         0.010         0.014         0.012         0.004
 GDP_O          0.000         0.000         0.000         0.000         0.000
 NET_UN         0.000         0.000         0.000         0.000         0.000
 EMPLOY         0.000         0.000         0.000         0.000         0.000
 SOCX           0.000         0.000         0.000         0.000         0.000


           Covariances
              AGE           AGE2          EDUP          EDUS          GDP_O
              ________      ________      ________      ________      ________
 AGE          275.863
 AGE2         270.597       274.290
 EDUP           2.090         2.189         0.180
 EDUS          -1.221        -1.204        -0.101         0.245
 GDP_O          0.000         0.000         0.000         0.000         0.000
 NET_UN         0.000         0.000         0.000         0.000         0.000
 EMPLOY         0.000         0.000         0.000         0.000         0.000
 SOCX           0.000         0.000         0.000         0.000         0.000


           Covariances
              NET_UN        EMPLOY        SOCX
              ________      ________      ________
 NET_UN         0.000
 EMPLOY         0.000         0.000
 SOCX           0.000         0.000         0.000


           Correlations
              OLD           UNEMP         INC           JOBS          FEMALE
              ________      ________      ________      ________      ________
 OLD            1.000
 UNEMP          0.265         1.000
 INC            0.288         0.408         1.000
 JOBS           0.272         0.385         0.418         1.000
 FEMALE         0.058         0.082         0.089         0.084         1.000
 AGE            0.039         0.055         0.060         0.056        -0.018
 AGE2           0.043         0.060         0.066         0.062        -0.016
 EDUP           0.083         0.117         0.128         0.120         0.019
 EDUS           0.019         0.026         0.029         0.027         0.018
 GDP_O          0.000         0.000         0.000         0.000         0.000
 NET_UN         0.000         0.000         0.000         0.000         0.000
 EMPLOY         0.000         0.000         0.000         0.000         0.000
 SOCX           0.000         0.000         0.000         0.000         0.000


           Correlations
              AGE           AGE2          EDUP          EDUS          GDP_O
              ________      ________      ________      ________      ________
 AGE            1.000
 AGE2           0.984         1.000
 EDUP           0.297         0.312         1.000
 EDUS          -0.148        -0.147        -0.481         1.000
 GDP_O          0.000         0.000         0.000         0.000         0.000
 NET_UN         0.000         0.000         0.000         0.000         0.000
 EMPLOY         0.000         0.000         0.000         0.000         0.000
 SOCX           0.000         0.000         0.000         0.000         0.000


           Correlations
              NET_UN        EMPLOY        SOCX
              ________      ________      ________
 NET_UN         0.000
 EMPLOY         0.000         0.000
 SOCX           0.000         0.000         0.000


     BETWEEN LEVEL


           Means
              OLD           UNEMP         INC           JOBS          FEMALE
              ________      ________      ________      ________      ________
                3.068         2.686         2.663         2.461         0.000


           Means
              AGE           AGE2          EDUP          EDUS          GDP_O
              ________      ________      ________      ________      ________
                0.000         0.000         0.000         0.000        31.298


           Means
              NET_UN        EMPLOY        SOCX
              ________      ________      ________
                0.383        58.110        20.650


           Covariances
              OLD           UNEMP         INC           JOBS          FEMALE
              ________      ________      ________      ________      ________
 OLD            0.291
 UNEMP          0.022         0.092
 INC            0.018         0.063         0.074
 JOBS           0.025         0.084         0.069         0.114
 FEMALE         0.000         0.000         0.000         0.000         0.000
 AGE            0.000         0.000         0.000         0.000         0.000
 AGE2           0.000         0.000         0.000         0.000         0.000
 EDUP           0.000         0.000         0.000         0.000         0.000
 EDUS           0.000         0.000         0.000         0.000         0.000
 GDP_O         -0.080        -0.275        -0.226        -0.305         0.000
 NET_UN        -0.002        -0.007        -0.006        -0.008         0.000
 EMPLOY        -0.212        -0.725        -0.597        -0.804         0.000
 SOCX           0.185         0.634         0.521         0.702         0.000


           Covariances
              AGE           AGE2          EDUP          EDUS          GDP_O
              ________      ________      ________      ________      ________
 AGE            0.000
 AGE2           0.000         0.000
 EDUP           0.000         0.000         0.000
 EDUS           0.000         0.000         0.000         0.000
 GDP_O          0.000         0.000         0.000         0.000        80.672
 NET_UN         0.000         0.000         0.000         0.000         0.588
 EMPLOY         0.000         0.000         0.000         0.000        27.346
 SOCX           0.000         0.000         0.000         0.000        -2.264


           Covariances
              NET_UN        EMPLOY        SOCX
              ________      ________      ________
 NET_UN         0.079
 EMPLOY         0.411        32.695
 SOCX          -0.308        -9.724        19.443


           Correlations
              OLD           UNEMP         INC           JOBS          FEMALE
              ________      ________      ________      ________      ________
 OLD            1.000
 UNEMP          0.136         1.000
 INC            0.124         0.759         1.000
 JOBS           0.135         0.826         0.754         1.000
 FEMALE         0.000         0.000         0.000         0.000         0.000
 AGE            0.000         0.000         0.000         0.000         0.000
 AGE2           0.000         0.000         0.000         0.000         0.000
 EDUP           0.000         0.000         0.000         0.000         0.000
 EDUS           0.000         0.000         0.000         0.000         0.000
 GDP_O         -0.017        -0.101        -0.092        -0.101         0.000
 NET_UN        -0.013        -0.082        -0.075        -0.081         0.000
 EMPLOY        -0.069        -0.419        -0.382        -0.416         0.000
 SOCX           0.078         0.474         0.433         0.472         0.000


           Correlations
              AGE           AGE2          EDUP          EDUS          GDP_O
              ________      ________      ________      ________      ________
 AGE            0.000
 AGE2           0.000         0.000
 EDUP           0.000         0.000         0.000
 EDUS           0.000         0.000         0.000         0.000
 GDP_O          0.000         0.000         0.000         0.000         1.000
 NET_UN         0.000         0.000         0.000         0.000         0.233
 EMPLOY         0.000         0.000         0.000         0.000         0.532
 SOCX           0.000         0.000         0.000         0.000        -0.057


           Correlations
              NET_UN        EMPLOY        SOCX
              ________      ________      ________
 NET_UN         1.000
 EMPLOY         0.256         1.000
 SOCX          -0.248        -0.386         1.000


TECHNICAL 1 OUTPUT


     PARAMETER SPECIFICATION FOR WITHIN


           NU
              OLD           UNEMP         INC           JOBS          FEMALE
              ________      ________      ________      ________      ________
                    0             0             0             0             0


           NU
              AGE           AGE2          EDUP          EDUS
              ________      ________      ________      ________
                    0             0             0             0


           LAMBDA
              ATTW          FEMALE        AGE           AGE2          EDUP
              ________      ________      ________      ________      ________
 OLD                1             0             0             0             0
 UNEMP              0             0             0             0             0
 INC                2             0             0             0             0
 JOBS               3             0             0             0             0
 FEMALE             0             0             0             0             0
 AGE                0             0             0             0             0
 AGE2               0             0             0             0             0
 EDUP               0             0             0             0             0
 EDUS               0             0             0             0             0


           LAMBDA
              EDUS
              ________
 OLD                0
 UNEMP              0
 INC                0
 JOBS               0
 FEMALE             0
 AGE                0
 AGE2               0
 EDUP               0
 EDUS               0


           THETA
              OLD           UNEMP         INC           JOBS          FEMALE
              ________      ________      ________      ________      ________
 OLD                4
 UNEMP              0             5
 INC                0             0             6
 JOBS               0             0             0             7
 FEMALE             0             0             0             0             0
 AGE                0             0             0             0             0
 AGE2               0             0             0             0             0
 EDUP               0             0             0             0             0
 EDUS               0             0             0             0             0


           THETA
              AGE           AGE2          EDUP          EDUS
              ________      ________      ________      ________
 AGE                0
 AGE2               0             0
 EDUP               0             0             0
 EDUS               0             0             0             0


           ALPHA
              ATTW          FEMALE        AGE           AGE2          EDUP
              ________      ________      ________      ________      ________
                    0             0             0             0             0


           ALPHA
              EDUS
              ________
                    0


           BETA
              ATTW          FEMALE        AGE           AGE2          EDUP
              ________      ________      ________      ________      ________
 ATTW               0             8             9            10            11
 FEMALE             0             0             0             0             0
 AGE                0             0             0             0             0
 AGE2               0             0             0             0             0
 EDUP               0             0             0             0             0
 EDUS               0             0             0             0             0


           BETA
              EDUS
              ________
 ATTW              12
 FEMALE             0
 AGE                0
 AGE2               0
 EDUP               0
 EDUS               0


           PSI
              ATTW          FEMALE        AGE           AGE2          EDUP
              ________      ________      ________      ________      ________
 ATTW              13
 FEMALE             0             0
 AGE                0             0             0
 AGE2               0             0             0             0
 EDUP               0             0             0             0             0
 EDUS               0             0             0             0             0


           PSI
              EDUS
              ________
 EDUS               0


     PARAMETER SPECIFICATION FOR BETWEEN


           NU
              OLD           UNEMP         INC           JOBS          GDP_O
              ________      ________      ________      ________      ________
                   14            15            16            17             0


           NU
              NET_UN        EMPLOY        SOCX
              ________      ________      ________
                    0             0             0


           LAMBDA
              ATTB          GDP_O         NET_UN        EMPLOY        SOCX
              ________      ________      ________      ________      ________
 OLD               18             0             0             0             0
 UNEMP              0             0             0             0             0
 INC               19             0             0             0             0
 JOBS              20             0             0             0             0
 GDP_O              0             0             0             0             0
 NET_UN             0             0             0             0             0
 EMPLOY             0             0             0             0             0
 SOCX               0             0             0             0             0


           THETA
              OLD           UNEMP         INC           JOBS          GDP_O
              ________      ________      ________      ________      ________
 OLD               21
 UNEMP              0            22
 INC                0             0            23
 JOBS               0             0             0            24
 GDP_O              0             0             0             0             0
 NET_UN             0             0             0             0             0
 EMPLOY             0             0             0             0             0
 SOCX               0             0             0             0             0


           THETA
              NET_UN        EMPLOY        SOCX
              ________      ________      ________
 NET_UN             0
 EMPLOY             0             0
 SOCX               0             0             0


           ALPHA
              ATTB          GDP_O         NET_UN        EMPLOY        SOCX
              ________      ________      ________      ________      ________
                    0             0             0             0             0


           BETA
              ATTB          GDP_O         NET_UN        EMPLOY        SOCX
              ________      ________      ________      ________      ________
 ATTB               0            25            26            27            28
 GDP_O              0             0             0             0             0
 NET_UN             0             0             0             0             0
 EMPLOY             0             0             0             0             0
 SOCX               0             0             0             0             0


           PSI
              ATTB          GDP_O         NET_UN        EMPLOY        SOCX
              ________      ________      ________      ________      ________
 ATTB              29
 GDP_O              0             0
 NET_UN             0             0             0
 EMPLOY             0             0             0             0
 SOCX               0             0             0             0             0


     STARTING VALUES FOR WITHIN


           NU
              OLD           UNEMP         INC           JOBS          FEMALE
              ________      ________      ________      ________      ________
                0.000         0.000         0.000         0.000         0.000


           NU
              AGE           AGE2          EDUP          EDUS
              ________      ________      ________      ________
                0.000         0.000         0.000         0.000


           LAMBDA
              ATTW          FEMALE        AGE           AGE2          EDUP
              ________      ________      ________      ________      ________
 OLD            1.000         0.000         0.000         0.000         0.000
 UNEMP          1.000         0.000         0.000         0.000         0.000
 INC            1.000         0.000         0.000         0.000         0.000
 JOBS           1.000         0.000         0.000         0.000         0.000
 FEMALE         0.000         1.000         0.000         0.000         0.000
 AGE            0.000         0.000         1.000         0.000         0.000
 AGE2           0.000         0.000         0.000         1.000         0.000
 EDUP           0.000         0.000         0.000         0.000         1.000
 EDUS           0.000         0.000         0.000         0.000         0.000


           LAMBDA
              EDUS
              ________
 OLD            0.000
 UNEMP          0.000
 INC            0.000
 JOBS           0.000
 FEMALE         0.000
 AGE            0.000
 AGE2           0.000
 EDUP           0.000
 EDUS           1.000


           THETA
              OLD           UNEMP         INC           JOBS          FEMALE
              ________      ________      ________      ________      ________
 OLD            0.349
 UNEMP          0.000         0.344
 INC            0.000         0.000         0.495
 JOBS           0.000         0.000         0.000         0.499
 FEMALE         0.000         0.000         0.000         0.000         0.000
 AGE            0.000         0.000         0.000         0.000         0.000
 AGE2           0.000         0.000         0.000         0.000         0.000
 EDUP           0.000         0.000         0.000         0.000         0.000
 EDUS           0.000         0.000         0.000         0.000         0.000


           THETA
              AGE           AGE2          EDUP          EDUS
              ________      ________      ________      ________
 AGE            0.000
 AGE2           0.000         0.000
 EDUP           0.000         0.000         0.000
 EDUS           0.000         0.000         0.000         0.000


           ALPHA
              ATTW          FEMALE        AGE           AGE2          EDUP
              ________      ________      ________      ________      ________
                0.000         0.000         0.000         0.000         0.000


           ALPHA
              EDUS
              ________
                0.000


           BETA
              ATTW          FEMALE        AGE           AGE2          EDUP
              ________      ________      ________      ________      ________
 ATTW           0.000         0.000         0.000         0.000         0.000
 FEMALE         0.000         0.000         0.000         0.000         0.000
 AGE            0.000         0.000         0.000         0.000         0.000
 AGE2           0.000         0.000         0.000         0.000         0.000
 EDUP           0.000         0.000         0.000         0.000         0.000
 EDUS           0.000         0.000         0.000         0.000         0.000


           BETA
              EDUS
              ________
 ATTW           0.000
 FEMALE         0.000
 AGE            0.000
 AGE2           0.000
 EDUP           0.000
 EDUS           0.000


           PSI
              ATTW          FEMALE        AGE           AGE2          EDUP
              ________      ________      ________      ________      ________
 ATTW           1.000
 FEMALE         0.000         0.125
 AGE            0.000         0.000       137.931
 AGE2           0.000         0.000         0.000       137.145
 EDUP           0.000         0.000         0.000         0.000         0.090
 EDUS           0.000         0.000         0.000         0.000         0.000


           PSI
              EDUS
              ________
 EDUS           0.123


     STARTING VALUES FOR BETWEEN


           NU
              OLD           UNEMP         INC           JOBS          GDP_O
              ________      ________      ________      ________      ________
                3.149         2.954         2.948         2.781         0.000


           NU
              NET_UN        EMPLOY        SOCX
              ________      ________      ________
                0.000         0.000         0.000


           LAMBDA
              ATTB          GDP_O         NET_UN        EMPLOY        SOCX
              ________      ________      ________      ________      ________
 OLD            1.000         0.000         0.000         0.000         0.000
 UNEMP          1.000         0.000         0.000         0.000         0.000
 INC            1.000         0.000         0.000         0.000         0.000
 JOBS           1.000         0.000         0.000         0.000         0.000
 GDP_O          0.000         1.000         0.000         0.000         0.000
 NET_UN         0.000         0.000         1.000         0.000         0.000
 EMPLOY         0.000         0.000         0.000         1.000         0.000
 SOCX           0.000         0.000         0.000         0.000         1.000


           THETA
              OLD           UNEMP         INC           JOBS          GDP_O
              ________      ________      ________      ________      ________
 OLD            0.349
 UNEMP          0.000         0.344
 INC            0.000         0.000         0.495
 JOBS           0.000         0.000         0.000         0.499
 GDP_O          0.000         0.000         0.000         0.000         0.000
 NET_UN         0.000         0.000         0.000         0.000         0.000
 EMPLOY         0.000         0.000         0.000         0.000         0.000
 SOCX           0.000         0.000         0.000         0.000         0.000


           THETA
              NET_UN        EMPLOY        SOCX
              ________      ________      ________
 NET_UN         0.000
 EMPLOY         0.000         0.000
 SOCX           0.000         0.000         0.000


           ALPHA
              ATTB          GDP_O         NET_UN        EMPLOY        SOCX
              ________      ________      ________      ________      ________
                0.000         0.000         0.000         0.000         0.000


           BETA
              ATTB          GDP_O         NET_UN        EMPLOY        SOCX
              ________      ________      ________      ________      ________
 ATTB           0.000         0.000         0.000         0.000         0.000
 GDP_O          0.000         0.000         0.000         0.000         0.000
 NET_UN         0.000         0.000         0.000         0.000         0.000
 EMPLOY         0.000         0.000         0.000         0.000         0.000
 SOCX           0.000         0.000         0.000         0.000         0.000


           PSI
              ATTB          GDP_O         NET_UN        EMPLOY        SOCX
              ________      ________      ________      ________      ________
 ATTB           1.000
 GDP_O          0.000        38.514
 NET_UN         0.000         0.000         0.045
 EMPLOY         0.000         0.000         0.000        19.843
 SOCX           0.000         0.000         0.000         0.000         9.453



     PRIORS FOR ALL PARAMETERS            PRIOR MEAN      PRIOR VARIANCE     PRIOR STD. DEV.

     Parameter 1~N(0.000,infinity)           0.0000            infinity            infinity
     Parameter 2~N(0.000,infinity)           0.0000            infinity            infinity
     Parameter 3~N(0.000,infinity)           0.0000            infinity            infinity
     Parameter 4~IG(-1.000,0.000)          infinity            infinity            infinity
     Parameter 5~IG(-1.000,0.000)          infinity            infinity            infinity
     Parameter 6~IG(-1.000,0.000)          infinity            infinity            infinity
     Parameter 7~IG(-1.000,0.000)          infinity            infinity            infinity
     Parameter 8~N(0.000,infinity)           0.0000            infinity            infinity
     Parameter 9~N(0.000,infinity)           0.0000            infinity            infinity
     Parameter 10~N(0.000,infinity)          0.0000            infinity            infinity
     Parameter 11~N(0.000,infinity)          0.0000            infinity            infinity
     Parameter 12~N(0.000,infinity)          0.0000            infinity            infinity
     Parameter 13~IG(-1.000,0.000)         infinity            infinity            infinity
     Parameter 14~N(0.000,infinity)          0.0000            infinity            infinity
     Parameter 15~N(0.000,infinity)          0.0000            infinity            infinity
     Parameter 16~N(0.000,infinity)          0.0000            infinity            infinity
     Parameter 17~N(0.000,infinity)          0.0000            infinity            infinity
     Parameter 18~N(0.000,infinity)          0.0000            infinity            infinity
     Parameter 19~N(0.000,infinity)          0.0000            infinity            infinity
     Parameter 20~N(0.000,infinity)          0.0000            infinity            infinity
     Parameter 21~IG(-1.000,0.000)         infinity            infinity            infinity
     Parameter 22~IG(-1.000,0.000)         infinity            infinity            infinity
     Parameter 23~IG(-1.000,0.000)         infinity            infinity            infinity
     Parameter 24~IG(-1.000,0.000)         infinity            infinity            infinity
     Parameter 25~N(0.000,infinity)          0.0000            infinity            infinity
     Parameter 26~N(0.000,infinity)          0.0000            infinity            infinity
     Parameter 27~N(0.000,infinity)          0.0000            infinity            infinity
     Parameter 28~N(0.000,infinity)          0.0000            infinity            infinity
     Parameter 29~IG(-1.000,0.000)         infinity            infinity            infinity


TECHNICAL 4 OUTPUT


     ESTIMATES DERIVED FROM THE MODEL FOR WITHIN


           ESTIMATED MEANS FOR THE LATENT VARIABLES
              ATTW          ATTB          FEMALE        AGE           AGE2
              ________      ________      ________      ________      ________
                0.151         0.000         0.508        47.294        25.126


           ESTIMATED MEANS FOR THE LATENT VARIABLES
              EDUP          EDUS          GDP_O         NET_UN        EMPLOY
              ________      ________      ________      ________      ________
                0.235         0.430         0.000         0.000         0.000


           ESTIMATED MEANS FOR THE LATENT VARIABLES
              SOCX
              ________
                0.000


           ESTIMATED COVARIANCE MATRIX FOR THE LATENT VARIABLES
              ATTW          ATTB          FEMALE        AGE           AGE2
              ________      ________      ________      ________      ________
 ATTW           0.220
 ATTB           0.000         0.000
 FEMALE         0.031         0.000         0.250
 AGE            0.696         0.000        -0.150       275.863
 AGE2           0.765         0.000        -0.129       270.597       274.290
 EDUP           0.038         0.000         0.004         2.090         2.189
 EDUS           0.010         0.000         0.004        -1.221        -1.204
 GDP_O          0.000         0.000         0.000         0.000         0.000
 NET_UN         0.000         0.000         0.000         0.000         0.000
 EMPLOY         0.000         0.000         0.000         0.000         0.000
 SOCX           0.000         0.000         0.000         0.000         0.000


           ESTIMATED COVARIANCE MATRIX FOR THE LATENT VARIABLES
              EDUP          EDUS          GDP_O         NET_UN        EMPLOY
              ________      ________      ________      ________      ________
 EDUP           0.180
 EDUS          -0.101         0.245
 GDP_O          0.000         0.000         0.000
 NET_UN         0.000         0.000         0.000         0.000
 EMPLOY         0.000         0.000         0.000         0.000         0.000
 SOCX           0.000         0.000         0.000         0.000         0.000


           ESTIMATED COVARIANCE MATRIX FOR THE LATENT VARIABLES
              SOCX
              ________
 SOCX           0.000


           ESTIMATED CORRELATION MATRIX FOR THE LATENT VARIABLES
              ATTW          ATTB          FEMALE        AGE           AGE2
              ________      ________      ________      ________      ________
 ATTW           1.000
 ATTB           0.000         0.000
 FEMALE         0.134         0.000         1.000
 AGE            0.089         0.000        -0.018         1.000
 AGE2           0.099         0.000        -0.016         0.984         1.000
 EDUP           0.192         0.000         0.019         0.297         0.312
 EDUS           0.043         0.000         0.018        -0.148        -0.147
 GDP_O          0.000         0.000         0.000         0.000         0.000
 NET_UN         0.000         0.000         0.000         0.000         0.000
 EMPLOY         0.000         0.000         0.000         0.000         0.000
 SOCX           0.000         0.000         0.000         0.000         0.000


           ESTIMATED CORRELATION MATRIX FOR THE LATENT VARIABLES
              EDUP          EDUS          GDP_O         NET_UN        EMPLOY
              ________      ________      ________      ________      ________
 EDUP           1.000
 EDUS          -0.481         1.000
 GDP_O          0.000         0.000         0.000
 NET_UN         0.000         0.000         0.000         0.000
 EMPLOY         0.000         0.000         0.000         0.000         0.000
 SOCX           0.000         0.000         0.000         0.000         0.000


           ESTIMATED CORRELATION MATRIX FOR THE LATENT VARIABLES
              SOCX
              ________
 SOCX           0.000


     ESTIMATES DERIVED FROM THE MODEL FOR BETWEEN


           ESTIMATED MEANS FOR THE LATENT VARIABLES
              ATTW          ATTB          FEMALE        AGE           AGE2
              ________      ________      ________      ________      ________
                0.000        -0.411         0.000         0.000         0.000


           ESTIMATED MEANS FOR THE LATENT VARIABLES
              EDUP          EDUS          GDP_O         NET_UN        EMPLOY
              ________      ________      ________      ________      ________
                0.000         0.000        31.298         0.383        58.110


           ESTIMATED MEANS FOR THE LATENT VARIABLES
              SOCX
              ________
               20.650


           ESTIMATED COVARIANCE MATRIX FOR THE LATENT VARIABLES
              ATTW          ATTB          FEMALE        AGE           AGE2
              ________      ________      ________      ________      ________
 ATTW           0.000
 ATTB           0.000         0.076
 FEMALE         0.000         0.000         0.000
 AGE            0.000         0.000         0.000         0.000
 AGE2           0.000         0.000         0.000         0.000         0.000
 EDUP           0.000         0.000         0.000         0.000         0.000
 EDUS           0.000         0.000         0.000         0.000         0.000
 GDP_O          0.000        -0.275         0.000         0.000         0.000
 NET_UN         0.000        -0.007         0.000         0.000         0.000
 EMPLOY         0.000        -0.725         0.000         0.000         0.000
 SOCX           0.000         0.634         0.000         0.000         0.000


           ESTIMATED COVARIANCE MATRIX FOR THE LATENT VARIABLES
              EDUP          EDUS          GDP_O         NET_UN        EMPLOY
              ________      ________      ________      ________      ________
 EDUP           0.000
 EDUS           0.000         0.000
 GDP_O          0.000         0.000        80.672
 NET_UN         0.000         0.000         0.588         0.079
 EMPLOY         0.000         0.000        27.346         0.411        32.695
 SOCX           0.000         0.000        -2.264        -0.308        -9.724


           ESTIMATED COVARIANCE MATRIX FOR THE LATENT VARIABLES
              SOCX
              ________
 SOCX          19.443


           ESTIMATED CORRELATION MATRIX FOR THE LATENT VARIABLES
              ATTW          ATTB          FEMALE        AGE           AGE2
              ________      ________      ________      ________      ________
 ATTW           0.000
 ATTB           0.000         1.000
 FEMALE         0.000         0.000         0.000
 AGE            0.000         0.000         0.000         0.000
 AGE2           0.000         0.000         0.000         0.000         0.000
 EDUP           0.000         0.000         0.000         0.000         0.000
 EDUS           0.000         0.000         0.000         0.000         0.000
 GDP_O          0.000        -0.111         0.000         0.000         0.000
 NET_UN         0.000        -0.090         0.000         0.000         0.000
 EMPLOY         0.000        -0.459         0.000         0.000         0.000
 SOCX           0.000         0.521         0.000         0.000         0.000


           ESTIMATED CORRELATION MATRIX FOR THE LATENT VARIABLES
              EDUP          EDUS          GDP_O         NET_UN        EMPLOY
              ________      ________      ________      ________      ________
 EDUP           0.000
 EDUS           0.000         0.000
 GDP_O          0.000         0.000         1.000
 NET_UN         0.000         0.000         0.233         1.000
 EMPLOY         0.000         0.000         0.532         0.256         1.000
 SOCX           0.000         0.000        -0.057        -0.248        -0.386


           ESTIMATED CORRELATION MATRIX FOR THE LATENT VARIABLES
              SOCX
              ________
 SOCX           1.000


DIAGRAM INFORMATION

  Mplus diagrams are currently not available for multilevel analysis.
  No diagram output was produced.


     Beginning Time:  09:35:29
        Ending Time:  09:35:52
       Elapsed Time:  00:00:23



MUTHEN & MUTHEN
3463 Stoner Ave.
Los Angeles, CA  90066

Tel: (310) 391-9971
Fax: (310) 391-8971
Web: www.StatModel.com
Support: Support@StatModel.com

Copyright (c) 1998-2018 Muthen & Muthen
