Mplus VERSION 8.2
MUTHEN & MUTHEN
01/01/2020   6:19 PM

INPUT INSTRUCTIONS

  Title: New model, last part of the replication project


          Data:
          File is C:/data/t48.csv ;


          Variable:
          Names are
          cntry	year	wave	cntrywave	
          emprate	foreignpct	netmig	socx
          	
          jobs1	health1	elderly1	
          unemp1	reduxinc1	housing1	

          sex	age	edu1	edu2	
          employ1	employ3	employ2	employ5	
          income	inc_z
          ;


   USEVARIABLE ARE
          year
          emprate !we loose too many countrywaves	
          foreignpct	
          netmig	! we loose too many countrywaves
          socx !we loose too many countrywaves



          sex	age	edu1	
          !edu2	!we loose lots of countries
          employ1	
          employ3	
          employ2	
          inc_z !we loose 2 country waves
          !employ5	!we loose lots of countries
          !income !we loose lots of countries

          jobs	health	elderly	
          unemp	reduxinc	housing
          age2
          ;

          !SUBPOPULATION ARE (S001 EQ 2);

          CLUSTER = cntry cntrywave  ;
           BETWEEN =

           !independent variable
           foreignpct

           !control variables
           socx !social welfare expenditures as a percent of GDP
           emprate !employment rate
           netmig !netmigration
           year
              ;


          WITHIN =

          ! dependent variables
          !jobs	health	elderly	
          !unemp	reduxinc	housing


          !control variables
          age !age
          age2 !age squared
          sex !sex recoded such 1 = female
          edu1 !education: less than second education
          !edu2 !education: university or above
          employ1 !employment status: part-time
          employ2 !employment status: unemployed
          employ3 !employment status: not in the labor force
          !employ5 !employment status: self-employment


          inc_z !We include relative income  based on country-year-specific z -scores, which
                  !allow for international and over-time comparison without currency convers


          ;


    Missing are all (-9999) ;


    ANALYSIS: TYPE = TWOLEVEL COMPLEX;
    !Type = basic ;


    DEFINE:
        age2 = (age**2)/10;
         !inc = income /1000;


        ! PI added this to be equivalent
        jobs = 5 - jobs1;
        health = 5 - health1;
        elderly = 5 - elderly1;
        unemp = 5 - unemp1;
        reduxinc = 5 - reduxinc1;
        housing = 5 - housing1;
        standardize (jobs);
        standardize (health);
        standardize (elderly);
        standardize (unemp);
        standardize (reduxinc);
        standardize (housing);

       MODEL:

      %WITHIN%

       jobs	health	elderly	on
       sex age edu1  age2 employ1
       employ3
       employ2 inc_z;

          unemp	reduxinc	housing on
          sex age edu1  age2 employ1
          employ3
          employ2 inc_z;




    %BETWEEN%
     DV by reduxinc elderly health unemp jobs			
     		housing;

     DV on year foreignpct
     emprate socx netmig;




  ! PI added
  OUTPUT: CINTERVAL;




*** WARNING
  Input line exceeded 90 characters. Some input may be truncated.
                  !allow for international and over-time comparison without currency conversi
*** WARNING in VARIABLE command
  Note that only the first 8 characters of variable names are used in the output.
  Shorten variable names to avoid any confusion.
*** WARNING
  One or more individual-level variables have no variation within a
  cluster for the following clusters.

     Variable   Cluster IDs with no within-cluster variation

      EDU1        1351 1708 1759 1206 1379 1755 1581 1253 1843 1829 1727 1279
      EMPLOY3     1828 1827 1351 1708 1759 1394 1206 1379 1755 1252 1556 1581 1253 1843 1829 1727
                  1279
      EMPLOY2     1828 1827 1351 1708 1759 1206 1379 1755 1252 1581 1253 1843 1829 1727 1279

*** WARNING
  Data set contains cases with missing on x-variables.
  These cases were not included in the analysis.
  Number of cases with missing on x-variables:  29399
*** WARNING
  Data set contains cases with missing on all variables except
  x-variables.  These cases were not included in the analysis.
  Number of cases with missing on all variables except x-variables:  305
   5 WARNING(S) FOUND IN THE INPUT INSTRUCTIONS



New model, last part of the replication project

SUMMARY OF ANALYSIS

Number of groups                                                 1
Number of observations                                       34251

Number of dependent variables                                    6
Number of independent variables                                 13
Number of continuous latent variables                            1

Observed dependent variables

  Continuous
   JOBS        HEALTH      ELDERLY     UNEMP       REDUXINC    HOUSING

Observed independent variables
   YEAR        EMPRATE     FOREIGNP    NETMIG      SOCX        SEX
   AGE         EDU1        EMPLOY1     EMPLOY3     EMPLOY2     INC_Z
   AGE2

Continuous latent variables
   DV

Variables with special functions

  Cluster variables     CNTRY     CNTRYWAV

  Within variables
   SEX         AGE         EDU1        EMPLOY1     EMPLOY3     EMPLOY2
   INC_Z       AGE2

  Between variables
   YEAR        EMPRATE     FOREIGNP    NETMIG      SOCX


Estimator                                                      MLR
Information matrix                                        OBSERVED
Maximum number of iterations                                   100
Convergence criterion                                    0.100D-05
Maximum number of EM iterations                                500
Convergence criteria for the EM algorithm
  Loglikelihood change                                   0.100D-02
  Relative loglikelihood change                          0.100D-05
  Derivative                                             0.100D-03
Minimum variance                                         0.100D-03
Maximum number of steepest descent iterations                   20
Maximum number of iterations for H1                           2000
Convergence criterion for H1                             0.100D-03
Optimization algorithm                                         EMA

Input data file(s)
  C:/data/t48.csv
Input data format  FREE


SUMMARY OF DATA

     Number of missing data patterns            61
     Number of CNTRY clusters                   14
     Number of CNTRYWAVE clusters               30


COVARIANCE COVERAGE OF DATA

Minimum covariance coverage value   0.100


     PROPORTION OF DATA PRESENT


           Covariance Coverage
              JOBS          HEALTH        ELDERLY       UNEMP         REDUXINC
              ________      ________      ________      ________      ________
 JOBS           0.965
 HEALTH         0.956         0.987
 ELDERLY        0.956         0.978         0.987
 UNEMP          0.933         0.950         0.951         0.959
 REDUXINC       0.932         0.948         0.949         0.929         0.958
 HOUSING        0.931         0.949         0.949         0.930         0.929
 SEX            0.965         0.987         0.987         0.959         0.958
 AGE            0.965         0.987         0.987         0.959         0.958
 EDU1           0.965         0.987         0.987         0.959         0.958
 EMPLOY1        0.965         0.987         0.987         0.959         0.958
 EMPLOY3        0.965         0.987         0.987         0.959         0.958
 EMPLOY2        0.965         0.987         0.987         0.959         0.958
 INC_Z          0.965         0.987         0.987         0.959         0.958
 AGE2           0.965         0.987         0.987         0.959         0.958
 YEAR           0.965         0.987         0.987         0.959         0.958
 EMPRATE        0.965         0.987         0.987         0.959         0.958
 FOREIGNP       0.965         0.987         0.987         0.959         0.958
 NETMIG         0.965         0.987         0.987         0.959         0.958
 SOCX           0.965         0.987         0.987         0.959         0.958


           Covariance Coverage
              HOUSING       SEX           AGE           EDU1          EMPLOY1
              ________      ________      ________      ________      ________
 HOUSING        0.958
 SEX            0.958         1.000
 AGE            0.958         1.000         1.000
 EDU1           0.958         1.000         1.000         1.000
 EMPLOY1        0.958         1.000         1.000         1.000         1.000
 EMPLOY3        0.958         1.000         1.000         1.000         1.000
 EMPLOY2        0.958         1.000         1.000         1.000         1.000
 INC_Z          0.958         1.000         1.000         1.000         1.000
 AGE2           0.958         1.000         1.000         1.000         1.000
 YEAR           0.958         1.000         1.000         1.000         1.000
 EMPRATE        0.958         1.000         1.000         1.000         1.000
 FOREIGNP       0.958         1.000         1.000         1.000         1.000
 NETMIG         0.958         1.000         1.000         1.000         1.000
 SOCX           0.958         1.000         1.000         1.000         1.000


           Covariance Coverage
              EMPLOY3       EMPLOY2       INC_Z         AGE2          YEAR
              ________      ________      ________      ________      ________
 EMPLOY3        1.000
 EMPLOY2        1.000         1.000
 INC_Z          1.000         1.000         1.000
 AGE2           1.000         1.000         1.000         1.000
 YEAR           1.000         1.000         1.000         1.000         1.000
 EMPRATE        1.000         1.000         1.000         1.000         1.000
 FOREIGNP       1.000         1.000         1.000         1.000         1.000
 NETMIG         1.000         1.000         1.000         1.000         1.000
 SOCX           1.000         1.000         1.000         1.000         1.000


           Covariance Coverage
              EMPRATE       FOREIGNP      NETMIG        SOCX
              ________      ________      ________      ________
 EMPRATE        1.000
 FOREIGNP       1.000         1.000
 NETMIG         1.000         1.000         1.000
 SOCX           1.000         1.000         1.000         1.000



UNIVARIATE SAMPLE STATISTICS


     UNIVARIATE HIGHER-ORDER MOMENT DESCRIPTIVE STATISTICS

         Variable/         Mean/     Skewness/   Minimum/ % with                Percentiles
        Sample Size      Variance    Kurtosis    Maximum  Min/Max      20%/60%    40%/80%    Median

     JOBS                  0.000      -0.352      -1.836   11.84%      -0.820      0.196      0.196
           33065.000       1.000      -0.922       1.212   28.81%       0.196      1.212
     HEALTH                0.000      -1.413      -4.074    1.14%      -0.894      0.695      0.695
           33791.000       1.000       2.037       0.695   62.59%       0.695      0.695
     ELDERLY               0.000      -1.163      -4.120    0.77%      -0.868     -0.868      0.758
           33808.000       1.000       1.235       0.758   59.07%       0.758      0.758
     UNEMP                 0.000      -0.508      -2.281    6.71%      -1.081      0.120      0.120
           32832.000       1.000      -0.195       1.320   23.49%       0.120      1.320
     REDUXINC              0.000      -0.580      -2.027    9.63%      -1.003      0.020      0.020
           32821.000       1.000      -0.733       1.044   37.11%       0.020      1.044
     HOUSING               0.000      -0.570      -2.525    4.55%      -1.275     -0.025     -0.025
           32812.000       1.000      -0.048       1.226   28.44%      -0.025      1.226
     SEX                   0.890       0.164       0.000   31.65%       0.000      1.000      1.000
           34251.000       0.511      -1.040       2.000   20.69%       1.000      2.000
     AGE                  48.106       0.195      16.000    0.03%      32.000     42.000     47.000
           34251.000     281.818      -0.831      97.000    0.01%      53.000     64.000
     EDU1                  0.258       1.108       0.000   74.23%       0.000      0.000      0.000
           34251.000       0.191      -0.773       1.000   25.77%       0.000      1.000
     EMPLOY1               0.218       1.366       0.000   78.20%       0.000      0.000      0.000
           34251.000       0.170      -0.134       1.000   21.80%       0.000      1.000
     EMPLOY3               0.008      11.215       0.000   99.22%       0.000      0.000      0.000
           34251.000       0.008     123.771       1.000    0.78%       0.000      0.000
     EMPLOY2               0.023       6.416       0.000   97.73%       0.000      0.000      0.000
           34251.000       0.022      39.161       1.000    2.27%       0.000      0.000
     INC_Z                 0.006       4.388      -2.189    0.03%      -0.688     -0.301     -0.140
           34251.000       0.993     100.530      35.481    0.00%      -0.002      0.600
     AGE2                259.599       0.773      25.600    0.03%     102.400    176.400    220.900
           34251.000   28788.420      -0.060     940.900    0.01%     280.900    409.600
     YEAR               2007.000      -0.188    1996.000   30.00%    1996.000   2006.000   2006.000
              30.000      69.000      -1.526    2016.000   40.00%    2006.000   2016.000
     EMPRATE              65.129      -0.196      46.880    3.33%      57.670     61.660     65.115
              30.000      78.699      -0.769      82.600    3.33%      68.320     72.930
     FOREIGNPCT           12.170       0.545       1.100    3.33%       7.200     10.600     12.150
              30.000      33.317       0.786      28.300    3.33%      12.800     16.000
     NETMIG               16.250      -0.381       0.100    3.33%       1.900     16.100     19.350
              30.000     103.933      -1.226      31.600    3.33%      19.900     25.100
     SOCX                 12.972       0.195       0.290    3.33%       2.470     11.500     12.800
              30.000      89.890      -1.186      29.400    3.33%      15.100     21.200


THE MODEL ESTIMATION TERMINATED NORMALLY



MODEL FIT INFORMATION

Number of Free Parameters                       92

Loglikelihood

          H0 Value                     -246936.148
          H0 Scaling Correction Factor      9.8584
            for MLR
          H1 Value                     -246865.971
          H1 Scaling Correction Factor      7.4699
            for MLR

Information Criteria

          Akaike (AIC)                  494056.297
          Bayesian (BIC)                494832.912
          Sample-Size Adjusted BIC      494540.536
            (n* = (n + 2) / 24)

Chi-Square Test of Model Fit

          Value                            139.397*
          Degrees of Freedom                    34
          P-Value                           0.0000
          Scaling Correction Factor         1.0069
            for MLR

*   The chi-square value for MLM, MLMV, MLR, ULSMV, WLSM and WLSMV cannot be used
    for chi-square difference testing in the regular way.  MLM, MLR and WLSM
    chi-square difference testing is described on the Mplus website.  MLMV, WLSMV,
    and ULSMV difference testing is done using the DIFFTEST option.

RMSEA (Root Mean Square Error Of Approximation)

          Estimate                           0.010

CFI/TLI

          CFI                                0.994
          TLI                                0.981

Chi-Square Test of Model Fit for the Baseline Model

          Value                          18110.399
          Degrees of Freedom                   108
          P-Value                           0.0000

SRMR (Standardized Root Mean Square Residual)

          Value for Within                   0.001
          Value for Between                  0.166



MODEL RESULTS

                                                    Two-Tailed
                    Estimate       S.E.  Est./S.E.    P-Value

Within Level

 JOBS       ON
    SEX                0.128      0.022      5.930      0.000
    AGE               -0.006      0.003     -1.797      0.072
    EDU1               0.281      0.042      6.691      0.000
    AGE2               0.001      0.000      2.761      0.006
    EMPLOY1            0.004      0.021      0.198      0.843
    EMPLOY3            0.109      0.022      5.014      0.000
    EMPLOY2            0.233      0.045      5.133      0.000
    INC_Z             -0.131      0.010    -12.805      0.000

 HEALTH     ON
    SEX                0.066      0.014      4.614      0.000
    AGE                0.007      0.003      2.476      0.013
    EDU1               0.092      0.034      2.705      0.007
    AGE2              -0.001      0.000     -2.968      0.003
    EMPLOY1            0.002      0.013      0.154      0.877
    EMPLOY3            0.019      0.050      0.383      0.702
    EMPLOY2            0.099      0.042      2.371      0.018
    INC_Z             -0.066      0.010     -6.466      0.000

 ELDERLY    ON
    SEX                0.104      0.022      4.736      0.000
    AGE                0.012      0.002      5.198      0.000
    EDU1               0.158      0.036      4.364      0.000
    AGE2              -0.001      0.000     -3.837      0.000
    EMPLOY1            0.004      0.017      0.244      0.807
    EMPLOY3           -0.076      0.057     -1.324      0.186
    EMPLOY2            0.120      0.039      3.104      0.002
    INC_Z             -0.063      0.012     -5.367      0.000

 UNEMP      ON
    SEX                0.056      0.022      2.546      0.011
    AGE                0.003      0.004      0.858      0.391
    EDU1               0.051      0.034      1.476      0.140
    AGE2               0.000      0.000     -0.226      0.821
    EMPLOY1            0.045      0.022      2.059      0.039
    EMPLOY3           -0.017      0.074     -0.237      0.813
    EMPLOY2            0.469      0.023     20.166      0.000
    INC_Z             -0.075      0.015     -5.004      0.000

 REDUXINC   ON
    SEX                0.087      0.027      3.244      0.001
    AGE                0.006      0.003      2.246      0.025
    EDU1               0.269      0.041      6.518      0.000
    AGE2               0.000      0.000     -1.488      0.137
    EMPLOY1            0.012      0.028      0.419      0.676
    EMPLOY3            0.028      0.036      0.770      0.441
    EMPLOY2            0.239      0.029      8.311      0.000
    INC_Z             -0.138      0.016     -8.512      0.000

 HOUSING    ON
    SEX                0.106      0.021      5.073      0.000
    AGE               -0.002      0.003     -0.575      0.565
    EDU1               0.121      0.031      3.879      0.000
    AGE2               0.000      0.000      0.593      0.553
    EMPLOY1            0.024      0.019      1.232      0.218
    EMPLOY3           -0.006      0.087     -0.067      0.947
    EMPLOY2            0.294      0.037      7.976      0.000
    INC_Z             -0.085      0.013     -6.413      0.000

 HEALTH   WITH
    JOBS               0.242      0.031      7.726      0.000

 ELDERLY  WITH
    JOBS               0.254      0.028      9.089      0.000
    HEALTH             0.474      0.058      8.234      0.000

 UNEMP    WITH
    JOBS               0.291      0.027     10.718      0.000
    HEALTH             0.246      0.036      6.890      0.000
    ELDERLY            0.290      0.035      8.228      0.000

 REDUXINC WITH
    JOBS               0.324      0.025     12.824      0.000
    HEALTH             0.241      0.037      6.596      0.000
    ELDERLY            0.256      0.032      7.883      0.000
    UNEMP              0.325      0.031     10.438      0.000

 HOUSING  WITH
    JOBS               0.285      0.019     15.000      0.000
    HEALTH             0.254      0.037      6.863      0.000
    ELDERLY            0.285      0.035      8.136      0.000
    UNEMP              0.407      0.034     12.141      0.000
    REDUXINC           0.345      0.025     13.994      0.000

 Residual Variances
    JOBS               0.836      0.043     19.637      0.000
    HEALTH             0.892      0.101      8.836      0.000
    ELDERLY            0.887      0.089      9.971      0.000
    UNEMP              0.842      0.063     13.407      0.000
    REDUXINC           0.869      0.049     17.576      0.000
    HOUSING            0.852      0.050     17.143      0.000

Between Level

 DV       BY
    REDUXINC           1.000      0.000    999.000    999.000
    ELDERLY            1.926      0.925      2.081      0.037
    HEALTH             1.867      0.813      2.295      0.022
    UNEMP              1.635      0.626      2.611      0.009
    JOBS               1.252      0.295      4.240      0.000
    HOUSING            1.384      0.656      2.109      0.035

 DV         ON
    YEAR              -0.002      0.007     -0.286      0.775
    FOREIGNPCT        -0.009      0.010     -0.883      0.377
    EMPRATE           -0.002      0.010     -0.185      0.853
    SOCX               0.006      0.006      1.133      0.257
    NETMIG             0.005      0.006      0.742      0.458

 Intercepts
    JOBS               5.112     18.701      0.273      0.785
    HEALTH             7.504     28.775      0.261      0.794
    ELDERLY            7.484     30.319      0.247      0.805
    UNEMP              6.513     25.299      0.257      0.797
    REDUXINC           3.784     14.679      0.258      0.797
    HOUSING            5.607     22.552      0.249      0.804

 Residual Variances
    JOBS               0.069      0.018      3.851      0.000
    HEALTH             0.016      0.005      3.569      0.000
    ELDERLY            0.000      0.006      0.031      0.976
    UNEMP              0.069      0.018      3.831      0.000
    REDUXINC           0.063      0.021      2.986      0.003
    HOUSING            0.072      0.022      3.253      0.001
    DV                 0.021      0.018      1.146      0.252


QUALITY OF NUMERICAL RESULTS

     Condition Number for the Information Matrix              0.126E-09
       (ratio of smallest to largest eigenvalue)


CONFIDENCE INTERVALS OF MODEL RESULTS

                  Lower .5%  Lower 2.5%    Lower 5%    Estimate    Upper 5%  Upper 2.5%   Upper .5%

Within Level

 JOBS     ON
    SEX              0.073       0.086       0.093       0.128       0.164       0.171       0.184
    AGE             -0.015      -0.013      -0.012      -0.006      -0.001       0.001       0.003
    EDU1             0.173       0.199       0.212       0.281       0.350       0.363       0.389
    AGE2             0.000       0.000       0.000       0.001       0.001       0.001       0.001
    EMPLOY1         -0.050      -0.037      -0.031       0.004       0.039       0.046       0.059
    EMPLOY3          0.053       0.066       0.073       0.109       0.145       0.152       0.165
    EMPLOY2          0.116       0.144       0.158       0.233       0.308       0.322       0.350
    INC_Z           -0.158      -0.151      -0.148      -0.131      -0.114      -0.111      -0.105

 HEALTH   ON
    SEX              0.029       0.038       0.042       0.066       0.089       0.094       0.103
    AGE              0.000       0.001       0.002       0.007       0.011       0.012       0.014
    EDU1             0.004       0.025       0.036       0.092       0.147       0.158       0.179
    AGE2            -0.001      -0.001      -0.001      -0.001       0.000       0.000       0.000
    EMPLOY1         -0.032      -0.024      -0.020       0.002       0.024       0.028       0.036
    EMPLOY3         -0.110      -0.079      -0.064       0.019       0.102       0.118       0.149
    EMPLOY2         -0.009       0.017       0.030       0.099       0.168       0.181       0.206
    INC_Z           -0.093      -0.086      -0.083      -0.066      -0.049      -0.046      -0.040

 ELDERLY  ON
    SEX              0.047       0.061       0.068       0.104       0.140       0.147       0.161
    AGE              0.006       0.008       0.008       0.012       0.016       0.017       0.018
    EDU1             0.065       0.087       0.099       0.158       0.218       0.229       0.251
    AGE2            -0.001      -0.001      -0.001      -0.001       0.000       0.000       0.000
    EMPLOY1         -0.040      -0.029      -0.024       0.004       0.032       0.037       0.048
    EMPLOY3         -0.224      -0.189      -0.171      -0.076       0.018       0.037       0.072
    EMPLOY2          0.020       0.044       0.056       0.120       0.184       0.196       0.220
    INC_Z           -0.094      -0.086      -0.083      -0.063      -0.044      -0.040      -0.033

 UNEMP    ON
    SEX             -0.001       0.013       0.020       0.056       0.093       0.100       0.113
    AGE             -0.007      -0.004      -0.003       0.003       0.010       0.011       0.013
    EDU1            -0.038      -0.017      -0.006       0.051       0.108       0.118       0.140
    AGE2            -0.001      -0.001      -0.001       0.000       0.001       0.001       0.001
    EMPLOY1         -0.011       0.002       0.009       0.045       0.081       0.088       0.101
    EMPLOY3         -0.207      -0.161      -0.138      -0.017       0.104       0.127       0.172
    EMPLOY2          0.409       0.424       0.431       0.469       0.507       0.515       0.529
    INC_Z           -0.113      -0.104      -0.099      -0.075      -0.050      -0.046      -0.036

 REDUXINC ON
    SEX              0.018       0.034       0.043       0.087       0.131       0.140       0.156
    AGE             -0.001       0.001       0.002       0.006       0.011       0.012       0.013
    EDU1             0.162       0.188       0.201       0.269       0.336       0.349       0.375
    AGE2            -0.001      -0.001      -0.001       0.000       0.000       0.000       0.000
    EMPLOY1         -0.059      -0.042      -0.034       0.012       0.057       0.066       0.083
    EMPLOY3         -0.066      -0.043      -0.032       0.028       0.088       0.099       0.122
    EMPLOY2          0.165       0.183       0.192       0.239       0.287       0.296       0.314
    INC_Z           -0.179      -0.169      -0.164      -0.138      -0.111      -0.106      -0.096

 HOUSING  ON
    SEX              0.052       0.065       0.072       0.106       0.141       0.147       0.160
    AGE             -0.010      -0.008      -0.007      -0.002       0.003       0.004       0.006
    EDU1             0.041       0.060       0.070       0.121       0.172       0.182       0.201
    AGE2            -0.001       0.000       0.000       0.000       0.001       0.001       0.001
    EMPLOY1         -0.026      -0.014      -0.008       0.024       0.056       0.062       0.074
    EMPLOY3         -0.229      -0.175      -0.148      -0.006       0.137       0.164       0.217
    EMPLOY2          0.199       0.222       0.234       0.294       0.355       0.367       0.389
    INC_Z           -0.119      -0.111      -0.106      -0.085      -0.063      -0.059      -0.051

 HEALTH   WITH
    JOBS             0.161       0.180       0.190       0.242       0.293       0.303       0.322

 ELDERLY  WITH
    JOBS             0.182       0.200       0.208       0.254       0.300       0.309       0.326
    HEALTH           0.326       0.361       0.379       0.474       0.569       0.587       0.623

 UNEMP    WITH
    JOBS             0.221       0.237       0.246       0.291       0.335       0.344       0.360
    HEALTH           0.154       0.176       0.187       0.246       0.305       0.316       0.338
    ELDERLY          0.199       0.221       0.232       0.290       0.348       0.359       0.381

 REDUXINC WITH
    JOBS             0.259       0.274       0.282       0.324       0.365       0.373       0.389
    HEALTH           0.147       0.169       0.181       0.241       0.301       0.313       0.335
    ELDERLY          0.172       0.192       0.203       0.256       0.310       0.320       0.340
    UNEMP            0.245       0.264       0.274       0.325       0.376       0.386       0.406

 HOUSING  WITH
    JOBS             0.236       0.247       0.253       0.285       0.316       0.322       0.333
    HEALTH           0.159       0.182       0.193       0.254       0.315       0.327       0.350
    ELDERLY          0.195       0.216       0.228       0.285       0.343       0.354       0.375
    UNEMP            0.321       0.342       0.352       0.407       0.463       0.473       0.494
    REDUXINC         0.282       0.297       0.305       0.345       0.386       0.394       0.409

 Residual Variances
    JOBS             0.727       0.753       0.766       0.836       0.906       0.920       0.946
    HEALTH           0.632       0.694       0.726       0.892       1.058       1.090       1.152
    ELDERLY          0.658       0.713       0.741       0.887       1.034       1.062       1.117
    UNEMP            0.680       0.719       0.739       0.842       0.945       0.965       1.004
    REDUXINC         0.742       0.772       0.788       0.869       0.950       0.966       0.996
    HOUSING          0.724       0.755       0.771       0.852       0.934       0.950       0.980

Between Level

 DV       BY
    REDUXINC         1.000       1.000       1.000       1.000       1.000       1.000       1.000
    ELDERLY         -0.458       0.112       0.404       1.926       3.449       3.740       4.310
    HEALTH          -0.228       0.273       0.529       1.867       3.204       3.460       3.961
    UNEMP            0.022       0.408       0.605       1.635       2.665       2.862       3.248
    JOBS             0.492       0.673       0.766       1.252       1.738       1.831       2.013
    HOUSING         -0.306       0.098       0.304       1.384       2.463       2.669       3.074

 DV       ON
    YEAR            -0.020      -0.016      -0.014      -0.002       0.010       0.012       0.016
    FOREIGNPCT      -0.034      -0.028      -0.025      -0.009       0.007       0.010       0.016
    EMPRATE         -0.027      -0.021      -0.018      -0.002       0.014       0.018       0.024
    SOCX            -0.008      -0.005      -0.003       0.006       0.016       0.018       0.021
    NETMIG          -0.012      -0.008      -0.006       0.005       0.015       0.017       0.021

 Intercepts
    JOBS           -43.059     -31.542     -25.651       5.112      35.876      41.767      53.283
    HEALTH         -66.615     -48.895     -39.831       7.504      54.838      63.902      81.622
    ELDERLY        -70.612     -51.941     -42.391       7.484      57.358      66.909      85.579
    UNEMP          -58.652     -43.073     -35.104       6.513      48.130      56.099      71.679
    REDUXINC       -34.026     -24.987     -20.363       3.784      27.930      32.554      41.593
    HOUSING        -52.484     -38.596     -31.492       5.607      42.706      49.810      63.698

 Residual Variances
    JOBS             0.023       0.034       0.040       0.069       0.099       0.105       0.116
    HEALTH           0.005       0.007       0.009       0.016       0.024       0.025       0.028
    ELDERLY         -0.016      -0.012      -0.010       0.000       0.011       0.013       0.017
    UNEMP            0.023       0.034       0.039       0.069       0.099       0.104       0.115
    REDUXINC         0.009       0.021       0.028       0.063       0.097       0.104       0.117
    HOUSING          0.015       0.029       0.036       0.072       0.109       0.116       0.129
    DV              -0.026      -0.015      -0.009       0.021       0.051       0.057       0.068


DIAGRAM INFORMATION

  Mplus diagrams are currently not available for multilevel analysis.
  No diagram output was produced.


     Beginning Time:  18:19:34
        Ending Time:  18:20:17
       Elapsed Time:  00:00:43



MUTHEN & MUTHEN
3463 Stoner Ave.
Los Angeles, CA  90066

Tel: (310) 391-9971
Fax: (310) 391-8971
Web: www.StatModel.com
Support: Support@StatModel.com

Copyright (c) 1998-2018 Muthen & Muthen
