Mplus VERSION 8.2
MUTHEN & MUTHEN
01/04/2020   3:54 PM

INPUT INSTRUCTIONS

  DATA: file is C:/data/t41.dat;

  VARIABLE:

  NAMES ARE country_year
  V1_n
  ID
  CASEID
  COUNTRY
  ISO
  JOBS
  HEALTH
  OLD
  UNEMP
  INCOME
  HOUSING
  SEX
  AGE
  AGE_CAT
  DK_AGE
  MARITAL
  Mar_1
  Mar_2
  Mar_3
  Mar_4
  Mar_5
  DEGREE
  ATTEND
  ATTEND_C
  ATT_1
  ATT_2
  ATT_3
  URBRURAL
  URBRURAL_R
  UR_1
  UR_2
  UR_3
  HOMPOP
  MAINSTAT
  EMP_1
  EMP_2
  CHILD
  LIB
  SOC
  CONS
  WEIGHT
  deg_1
  deg_2
  deg_3
  mignet_un10
  migstock_wb
  migstock_un
  mignet_un
  socx_oecd
  wdi_unempilo
  AV_stock_un
  AV_net_un
  AV_socx_oecd
  AV_wdi_unempilo
  AV_mignet_un10
  C_Y_stock_un
  C_Y_net_un
  C_Y_socx_oecd
  C_Y_wdi_unemplilo
  C_Y_mignet_un10
  age_2
  age_3
  age_4
  age_5
  age_6
  age_7
  ;

  USEVARIABLES ARE AGE_CAT
  SEX
  V1_n
  HOMPOP
  EMP_1
  deg_3

  C_Y_stock_un
  AV_stock_un
  C_Y_wdi_unemplilo
  AV_wdi_unempilo
  Sum_scale_welfare
  ;

  missing are all (-9999);

  cluster = country country_year;

  weight is weight;

  Within = AGE_CAT
  SEX
  V1_n
  HOMPOP
  EMP_1
  deg_3
  ;

  Between = (country_year) C_Y_stock_un
  C_Y_wdi_unemplilo (country) AV_stock_un AV_wdi_unempilo;



  DEFINE:
  Sum_scale_welfare = (JOBS + HEALTH + OLD + UNEMP + INCOME + HOUSING) / 6;

  ANALYSIS:

  type = threelevel;
  estimator = MLR;

  MODEL:

  %within%
  sum_scale_welfare on AGE_CAT
  SEX
  V1_n
  HOMPOP
  EMP_1
  deg_3
  ;

  %Between country_year%
  sum_scale_welfare on C_Y_stock_un C_Y_wdi_unemplilo;

  %Between country%
  sum_scale_welfare on AV_stock_un AV_wdi_unempilo;

  output: sampstat; cinterval;



*** WARNING in VARIABLE command
  Note that only the first 8 characters of variable names are used in the output.
  Shorten variable names to avoid any confusion.
*** WARNING
  Data set contains cases with missing on x-variables.
  These cases were not included in the analysis.
  Number of cases with missing on x-variables:  5234
*** WARNING
  Data set contains cases with missing on all variables except
  x-variables.  These cases were not included in the analysis.
  Number of cases with missing on all variables except x-variables:  4782
   3 WARNING(S) FOUND IN THE INPUT INSTRUCTIONS




SUMMARY OF ANALYSIS

Number of groups                                                 1
Number of observations                                       29783

Number of dependent variables                                    1
Number of independent variables                                 10
Number of continuous latent variables                            0

Observed dependent variables

  Continuous
   SUM_SCALE_

Observed independent variables
   AGE_CAT     SEX         V1_N        HOMPOP      EMP_1       DEG_3
   C_Y_STOC    AV_STOCK    C_Y_WDI_    AV_WDI_U

Variables with special functions

  Cluster variables     COUNTRY   COUNTRY_
  Weight variable (cluster-size scaling)
    WEIGHT

  Within variables
   AGE_CAT     SEX         V1_N        HOMPOP      EMP_1       DEG_3

  Level 2 between variables
   C_Y_STOC    C_Y_WDI_

  Level 3 between variables
   AV_STOCK    AV_WDI_U


Estimator                                                      MLR
Information matrix                                        OBSERVED
Maximum number of iterations                                   100
Convergence criterion                                    0.100D-05
Maximum number of EM iterations                                500
Convergence criteria for the EM algorithm
  Loglikelihood change                                   0.100D-02
  Relative loglikelihood change                          0.100D-05
  Derivative                                             0.100D-03
Minimum variance                                         0.100D-03
Maximum number of steepest descent iterations                   20
Maximum number of iterations for H1                           2000
Convergence criterion for H1                             0.100D-02
Optimization algorithm                                         EMA

Input data file(s)
  C:/data/t41.dat
Input data format  FREE


SUMMARY OF DATA

     Number of missing data patterns             1
     Number of COUNTRY_YEAR clusters            26
     Number of COUNTRY clusters                 16

     Average cluster size for COUNTRY_YEAR level     1145.500

     Estimated Intraclass Correlations for the Y Variables for COUNTRY_YEAR level

                Intraclass
     Variable  Correlation

     SUM_SCAL     0.011

     Average cluster size for COUNTRY level     1861.438

     Estimated Intraclass Correlations for the Y Variables for COUNTRY level

                Intraclass
     Variable  Correlation

     SUM_SCAL     0.139


COVARIANCE COVERAGE OF DATA

Minimum covariance coverage value   0.100


     PROPORTION OF DATA PRESENT


           Covariance Coverage
              SUM_SCAL      AGE_CAT       SEX           V1_N          HOMPOP
              ________      ________      ________      ________      ________
 SUM_SCAL       1.000
 AGE_CAT        1.000         1.000
 SEX            1.000         1.000         1.000
 V1_N           1.000         1.000         1.000         1.000
 HOMPOP         1.000         1.000         1.000         1.000         1.000
 EMP_1          1.000         1.000         1.000         1.000         1.000
 DEG_3          1.000         1.000         1.000         1.000         1.000
 C_Y_STOC       1.000         1.000         1.000         1.000         1.000
 AV_STOCK       1.000         1.000         1.000         1.000         1.000
 C_Y_WDI_       1.000         1.000         1.000         1.000         1.000
 AV_WDI_U       1.000         1.000         1.000         1.000         1.000


           Covariance Coverage
              EMP_1         DEG_3         C_Y_STOC      AV_STOCK      C_Y_WDI_
              ________      ________      ________      ________      ________
 EMP_1          1.000
 DEG_3          1.000         1.000
 C_Y_STOC       1.000         1.000         1.000
 AV_STOCK       1.000         1.000         1.000         1.000
 C_Y_WDI_       1.000         1.000         1.000         1.000         1.000
 AV_WDI_U       1.000         1.000         1.000         1.000         1.000


           Covariance Coverage
              AV_WDI_U
              ________
 AV_WDI_U       1.000


SAMPLE STATISTICS

NOTE:  The sample statistics for within and between refer to the
       maximum-likelihood estimated within and between covariance
       matrices, respectively.


     ESTIMATED SAMPLE STATISTICS FOR WITHIN


           Means
              SUM_SCAL      AGE_CAT       SEX           V1_N          HOMPOP
              ________      ________      ________      ________      ________
                0.000        48.152         1.500         0.445         2.789


           Means
              EMP_1         DEG_3         C_Y_STOC      AV_STOCK      C_Y_WDI_
              ________      ________      ________      ________      ________
                0.612         0.483         0.000         0.000         0.000


           Means
              AV_WDI_U
              ________
                0.000


           Covariances
              SUM_SCAL      AGE_CAT       SEX           V1_N          HOMPOP
              ________      ________      ________      ________      ________
 SUM_SCAL       0.259
 AGE_CAT       -0.371       245.586
 SEX           -0.028        -0.307         0.250
 V1_N           0.013         0.371        -0.004         0.247
 HOMPOP         0.026        -6.965        -0.001        -0.030         1.925
 EMP_1          0.029        -2.485        -0.023        -0.007         0.112
 DEG_3          0.035        -0.693        -0.003         0.039         0.004
 C_Y_STOC       0.000         0.000         0.000         0.000         0.000
 AV_STOCK       0.000         0.000         0.000         0.000         0.000
 C_Y_WDI_       0.000         0.000         0.000         0.000         0.000
 AV_WDI_U       0.000         0.000         0.000         0.000         0.000


           Covariances
              EMP_1         DEG_3         C_Y_STOC      AV_STOCK      C_Y_WDI_
              ________      ________      ________      ________      ________
 EMP_1          0.238
 DEG_3          0.047         0.250
 C_Y_STOC       0.000         0.000         0.000
 AV_STOCK       0.000         0.000         0.000         0.000
 C_Y_WDI_       0.000         0.000         0.000         0.000         0.000
 AV_WDI_U       0.000         0.000         0.000         0.000         0.000


           Covariances
              AV_WDI_U
              ________
 AV_WDI_U       0.000


           Correlations
              SUM_SCAL      AGE_CAT       SEX           V1_N          HOMPOP
              ________      ________      ________      ________      ________
 SUM_SCAL       1.000
 AGE_CAT       -0.047         1.000
 SEX           -0.109        -0.039         1.000
 V1_N           0.053         0.048        -0.018         1.000
 HOMPOP         0.037        -0.320        -0.001        -0.044         1.000
 EMP_1          0.117        -0.325        -0.093        -0.031         0.166
 DEG_3          0.139        -0.089        -0.012         0.158         0.005
 C_Y_STOC       0.000         0.000         0.000         0.000         0.000
 AV_STOCK       0.000         0.000         0.000         0.000         0.000
 C_Y_WDI_       0.000         0.000         0.000         0.000         0.000
 AV_WDI_U       0.000         0.000         0.000         0.000         0.000


           Correlations
              EMP_1         DEG_3         C_Y_STOC      AV_STOCK      C_Y_WDI_
              ________      ________      ________      ________      ________
 EMP_1          1.000
 DEG_3          0.192         1.000
 C_Y_STOC       0.000         0.000         0.000
 AV_STOCK       0.000         0.000         0.000         0.000
 C_Y_WDI_       0.000         0.000         0.000         0.000         0.000
 AV_WDI_U       0.000         0.000         0.000         0.000         0.000


           Correlations
              AV_WDI_U
              ________
 AV_WDI_U       0.000


     ESTIMATED SAMPLE STATISTICS FOR BETWEEN COUNTRY_YEAR


           Means
              SUM_SCAL      AGE_CAT       SEX           V1_N          HOMPOP
              ________      ________      ________      ________      ________
                0.000         0.000         0.000         0.000         0.000


           Means
              EMP_1         DEG_3         C_Y_STOC      AV_STOCK      C_Y_WDI_
              ________      ________      ________      ________      ________
                0.000         0.000        -0.034         0.000        -0.356


           Means
              AV_WDI_U
              ________
                0.000


           Covariances
              SUM_SCAL      AGE_CAT       SEX           V1_N          HOMPOP
              ________      ________      ________      ________      ________
 SUM_SCAL       0.003
 AGE_CAT        0.000         0.000
 SEX            0.000         0.000         0.000
 V1_N           0.000         0.000         0.000         0.000
 HOMPOP         0.000         0.000         0.000         0.000         0.000
 EMP_1          0.000         0.000         0.000         0.000         0.000
 DEG_3          0.000         0.000         0.000         0.000         0.000
 C_Y_STOC      -0.027         0.000         0.000         0.000         0.000
 AV_STOCK       0.000         0.000         0.000         0.000         0.000
 C_Y_WDI_      -0.032         0.000         0.000         0.000         0.000
 AV_WDI_U       0.000         0.000         0.000         0.000         0.000


           Covariances
              EMP_1         DEG_3         C_Y_STOC      AV_STOCK      C_Y_WDI_
              ________      ________      ________      ________      ________
 EMP_1          0.000
 DEG_3          0.000         0.000
 C_Y_STOC       0.000         0.000         2.606
 AV_STOCK       0.000         0.000         0.000         0.000
 C_Y_WDI_       0.000         0.000         1.210         0.000         4.192
 AV_WDI_U       0.000         0.000         0.000         0.000         0.000


           Covariances
              AV_WDI_U
              ________
 AV_WDI_U       0.000


           Correlations
              SUM_SCAL      AGE_CAT       SEX           V1_N          HOMPOP
              ________      ________      ________      ________      ________
 SUM_SCAL       1.000
 AGE_CAT        0.000         0.000
 SEX            0.000         0.000         0.000
 V1_N           0.000         0.000         0.000         0.000
 HOMPOP         0.000         0.000         0.000         0.000         0.000
 EMP_1          0.000         0.000         0.000         0.000         0.000
 DEG_3          0.000         0.000         0.000         0.000         0.000
 C_Y_STOC      -0.285         0.000         0.000         0.000         0.000
 AV_STOCK       0.000         0.000         0.000         0.000         0.000
 C_Y_WDI_      -0.269         0.000         0.000         0.000         0.000
 AV_WDI_U       0.000         0.000         0.000         0.000         0.000


           Correlations
              EMP_1         DEG_3         C_Y_STOC      AV_STOCK      C_Y_WDI_
              ________      ________      ________      ________      ________
 EMP_1          0.000
 DEG_3          0.000         0.000
 C_Y_STOC       0.000         0.000         1.000
 AV_STOCK       0.000         0.000         0.000         0.000
 C_Y_WDI_       0.000         0.000         0.366         0.000         1.000
 AV_WDI_U       0.000         0.000         0.000         0.000         0.000


           Correlations
              AV_WDI_U
              ________
 AV_WDI_U       0.000


     ESTIMATED SAMPLE STATISTICS FOR BETWEEN COUNTRY


           Means
              SUM_SCAL      AGE_CAT       SEX           V1_N          HOMPOP
              ________      ________      ________      ________      ________
                1.866         0.000         0.000         0.000         0.000


           Means
              EMP_1         DEG_3         C_Y_STOC      AV_STOCK      C_Y_WDI_
              ________      ________      ________      ________      ________
                0.000         0.000         0.000        13.447         0.000


           Means
              AV_WDI_U
              ________
                7.037


           Covariances
              SUM_SCAL      AGE_CAT       SEX           V1_N          HOMPOP
              ________      ________      ________      ________      ________
 SUM_SCAL       0.042
 AGE_CAT        0.000         0.000
 SEX            0.000         0.000         0.000
 V1_N           0.000         0.000         0.000         0.000
 HOMPOP         0.000         0.000         0.000         0.000         0.000
 EMP_1          0.000         0.000         0.000         0.000         0.000
 DEG_3          0.000         0.000         0.000         0.000         0.000
 C_Y_STOC       0.000         0.000         0.000         0.000         0.000
 AV_STOCK       0.426         0.000         0.000         0.000         0.000
 C_Y_WDI_       0.000         0.000         0.000         0.000         0.000
 AV_WDI_U      -0.419         0.000         0.000         0.000         0.000


           Covariances
              EMP_1         DEG_3         C_Y_STOC      AV_STOCK      C_Y_WDI_
              ________      ________      ________      ________      ________
 EMP_1          0.000
 DEG_3          0.000         0.000
 C_Y_STOC       0.000         0.000         0.000
 AV_STOCK       0.000         0.000         0.000        45.991
 C_Y_WDI_       0.000         0.000         0.000         0.000         0.000
 AV_WDI_U       0.000         0.000         0.000        -4.784         0.000


           Covariances
              AV_WDI_U
              ________
 AV_WDI_U       8.278


           Correlations
              SUM_SCAL      AGE_CAT       SEX           V1_N          HOMPOP
              ________      ________      ________      ________      ________
 SUM_SCAL       1.000
 AGE_CAT        0.000         0.000
 SEX            0.000         0.000         0.000
 V1_N           0.000         0.000         0.000         0.000
 HOMPOP         0.000         0.000         0.000         0.000         0.000
 EMP_1          0.000         0.000         0.000         0.000         0.000
 DEG_3          0.000         0.000         0.000         0.000         0.000
 C_Y_STOC       0.000         0.000         0.000         0.000         0.000
 AV_STOCK       0.305         0.000         0.000         0.000         0.000
 C_Y_WDI_       0.000         0.000         0.000         0.000         0.000
 AV_WDI_U      -0.707         0.000         0.000         0.000         0.000


           Correlations
              EMP_1         DEG_3         C_Y_STOC      AV_STOCK      C_Y_WDI_
              ________      ________      ________      ________      ________
 EMP_1          0.000
 DEG_3          0.000         0.000
 C_Y_STOC       0.000         0.000         0.000
 AV_STOCK       0.000         0.000         0.000         1.000
 C_Y_WDI_       0.000         0.000         0.000         0.000         0.000
 AV_WDI_U       0.000         0.000         0.000        -0.245         0.000


           Correlations
              AV_WDI_U
              ________
 AV_WDI_U       1.000


     MAXIMUM LOG-LIKELIHOOD VALUE FOR THE UNRESTRICTED (H1) MODEL IS -21570.154


UNIVARIATE SAMPLE STATISTICS


     UNIVARIATE HIGHER-ORDER MOMENT DESCRIPTIVE STATISTICS

         Variable/         Mean/     Skewness/   Minimum/ % with                Percentiles
        Sample Size      Variance    Kurtosis    Maximum  Min/Max      20%/60%    40%/80%    Median

     SUM_SCALE_WELFA       1.844       0.453       1.000    9.98%       1.333      1.667      1.833
           29783.000       0.316      -0.139       4.000    0.10%       2.000      2.333
     AGE_CAT              48.152      -0.111      22.000    8.48%      31.000     41.000     51.000
           29783.000     245.586      -1.185      70.000   20.40%      51.000     70.000
     SEX                   1.500      -0.002       1.000   49.58%       1.000      1.000      2.000
           29783.000       0.250      -2.000       2.000   50.42%       2.000      2.000
     V1_N                  0.445       0.222       0.000   55.51%       0.000      0.000      0.000
           29783.000       0.247      -1.951       1.000   44.49%       1.000      1.000
     HOMPOP                2.789       1.018       0.000    0.16%       2.000      2.000      2.000
           29783.000       1.925       2.244      17.000    0.00%       3.000      4.000
     EMP_1                 0.612      -0.458       0.000   40.21%       0.000      0.000      1.000
           29783.000       0.238      -1.790       1.000   59.79%       1.000      1.000
     DEG_3                 0.483       0.068       0.000   51.25%       0.000      0.000      0.000
           29783.000       0.250      -1.995       1.000   48.75%       1.000      1.000
     C_Y_STOCK_UN         -0.034       0.095      -3.270    3.85%      -1.670     -0.980     -0.285
              26.000       2.606      -0.789       3.280    3.85%       0.510      1.520
     AV_STOCK_UN          13.447       0.503       1.650    6.25%       7.790     11.070     11.490
              16.000      45.991      -0.371      26.700    6.25%      12.000     19.900
     C_Y_WDI_UNEMPLI      -0.356       0.227      -6.460    3.85%      -1.070     -0.500     -0.045
              26.000       4.192       5.024       6.460    3.85%       0.030      0.500
     AV_WDI_UNEMPILO       7.037       1.528       3.900    6.25%       4.490      5.500      6.325
              16.000       8.278       2.259      15.600    6.25%       6.870      8.880


THE MODEL ESTIMATION TERMINATED NORMALLY



MODEL FIT INFORMATION

Number of Free Parameters                       14

Loglikelihood

          H0 Value                      -21570.154
          H0 Scaling Correction Factor      6.8598
            for MLR
          H1 Value                      -21570.154
          H1 Scaling Correction Factor      6.8598
            for MLR

Information Criteria

          Akaike (AIC)                   43168.307
          Bayesian (BIC)                 43284.531
          Sample-Size Adjusted BIC       43240.039
            (n* = (n + 2) / 24)

Chi-Square Test of Model Fit

          Value                              0.000*
          Degrees of Freedom                     0
          P-Value                           1.0000
          Scaling Correction Factor         1.0000
            for MLR

*   The chi-square value for MLM, MLMV, MLR, ULSMV, WLSM and WLSMV cannot be used
    for chi-square difference testing in the regular way.  MLM, MLR and WLSM
    chi-square difference testing is described on the Mplus website.  MLMV, WLSMV,
    and ULSMV difference testing is done using the DIFFTEST option.

RMSEA (Root Mean Square Error Of Approximation)

          Estimate                           0.000

CFI/TLI

          CFI                                1.000
          TLI                                1.000

Chi-Square Test of Model Fit for the Baseline Model

          Value                            352.329
          Degrees of Freedom                    10
          P-Value                           0.0000

SRMR (Standardized Root Mean Square Residual)

          Value for Within                   0.000
          Value for Between Level 2          0.003
          Value for Between Level 3          0.001



MODEL RESULTS

                                                    Two-Tailed
                    Estimate       S.E.  Est./S.E.    P-Value

Within Level

 SUM_SCALE_ ON
    AGE_CAT            0.000      0.000     -0.632      0.528
    SEX               -0.101      0.015     -6.990      0.000
    V1_N               0.037      0.047      0.789      0.430
    HOMPOP             0.008      0.004      1.995      0.046
    EMP_1              0.084      0.011      7.465      0.000
    DEG_3              0.118      0.013      9.249      0.000

 Residual Variances
    SUM_SCALE_         0.248      0.016     15.228      0.000

Between COUNTRY_YEAR Level

 SUM_SCALE_ ON
    C_Y_STOCK_        -0.008      0.012     -0.664      0.507
    C_Y_WDI_UN        -0.005      0.002     -2.255      0.024

 Residual Variances
    SUM_SCALE_         0.003      0.001      2.492      0.013

Between COUNTRY Level

 SUM_SCALE_ ON
    AV_STOCK_U         0.004      0.007      0.615      0.539
    AV_WDI_UNE        -0.048      0.015     -3.150      0.002

 Intercepts
    SUM_SCALE_         2.165      0.191     11.310      0.000

 Residual Variances
    SUM_SCALE_         0.020      0.010      2.072      0.038


QUALITY OF NUMERICAL RESULTS

     Condition Number for the Information Matrix              0.285E-07
       (ratio of smallest to largest eigenvalue)


CONFIDENCE INTERVALS OF MODEL RESULTS

                  Lower .5%  Lower 2.5%    Lower 5%    Estimate    Upper 5%  Upper 2.5%   Upper .5%

Within Level

 SUM_SCAL ON
    AGE_CAT         -0.001      -0.001      -0.001       0.000       0.000       0.001       0.001
    SEX             -0.139      -0.130      -0.125      -0.101      -0.078      -0.073      -0.064
    V1_N            -0.085      -0.055      -0.040       0.037       0.115       0.130       0.159
    HOMPOP          -0.002       0.000       0.001       0.008       0.014       0.016       0.018
    EMP_1            0.055       0.062       0.065       0.084       0.102       0.106       0.113
    DEG_3            0.085       0.093       0.097       0.118       0.139       0.143       0.151

 Residual Variances
    SUM_SCALE_       0.206       0.216       0.222       0.248       0.275       0.280       0.290

Between COUNTRY_YEAR Level

 SUM_SCAL ON
    C_Y_STOCK_      -0.037      -0.030      -0.027      -0.008       0.011       0.015       0.022
    C_Y_WDI_UN      -0.012      -0.010      -0.009      -0.005      -0.001      -0.001       0.001

 Residual Variances
    SUM_SCALE_       0.000       0.001       0.001       0.003       0.005       0.005       0.006

Between COUNTRY Level

 SUM_SCAL ON
    AV_STOCK_U      -0.014      -0.009      -0.007       0.004       0.016       0.018       0.022
    AV_WDI_UNE      -0.088      -0.078      -0.073      -0.048      -0.023      -0.018      -0.009

 Intercepts
    SUM_SCALE_       1.672       1.790       1.850       2.165       2.480       2.540       2.658

 Residual Variances
    SUM_SCALE_      -0.005       0.001       0.004       0.020       0.037       0.040       0.046


DIAGRAM INFORMATION

  Mplus diagrams are currently not available for multilevel analysis.
  No diagram output was produced.


     Beginning Time:  15:54:03
        Ending Time:  15:54:07
       Elapsed Time:  00:00:04



MUTHEN & MUTHEN
3463 Stoner Ave.
Los Angeles, CA  90066

Tel: (310) 391-9971
Fax: (310) 391-8971
Web: www.StatModel.com
Support: Support@StatModel.com

Copyright (c) 1998-2018 Muthen & Muthen
