Mplus VERSION 8.2
MUTHEN & MUTHEN
01/01/2020   5:11 PM

INPUT INSTRUCTIONS

  Title: New model, last part of the replication project


          Data:
          File is C:/data/t48.csv ;


          Variable:
          Names are
          cntry	year	wave	cntrywave	
          emprate	foreignpct	netmig	socx
          	
          jobs1	health1	elderly1	
          unemp1	reduxinc1	housing1	

          sex	age	edu1	edu2	
          employ1	employ3	employ2	employ5	
          income	inc_z
          ;


   USEVARIABLE ARE

          sex	age	edu1	
          !edu2	!we loose lots of countries
          employ1	
          employ3	
          employ2	
          inc_z !we loose 2 country waves
          !employ5	!we loose lots of countries
          !income !we loose lots of countries



          emprate
          foreignpct	
          netmig
          socx
          year
          age2

          jobs	
          health	
          elderly	
          unemp	
          reduxinc	
          housing
          ;

          !SUBPOPULATION ARE (S001 EQ 2);

          CLUSTER = cntry cntrywave  ;
           BETWEEN =

           !independent variable
           foreignpct

           !control variables
           socx !social welfare expenditures as a percent of GDP
           emprate !employment rate
           netmig !netmigration
           year
              ;


          WITHIN =

          ! dependent variables
          !jobs	health	elderly	
          !unemp	reduxinc	housing


          !control variables
          age !age
          age2 !age squared
          sex !sex recoded such 1 = female
          edu1 !education: less than second education
          !edu2 !education: university or above
          employ1 !employment status: part-time
          employ2 !employment status: unemployed
          employ3 !employment status: not in the labor force
          !employ5 !employment status: self-employment


          inc_z !We include relative income  based on country-year-specific z -scores, which
                  !allow for international and over-time comparison without currency convers


          ;


    Missing are all (-9999) ;


    ANALYSIS: TYPE = TWOLEVEL COMPLEX;
    !Type = basic ;


    DEFINE:
        age2 = (age**2)/10;

        jobs = 5 - jobs1;
        health = 5 - health1;
        elderly = 5 - elderly1;
        unemp = 5 - unemp1;
        reduxinc = 5 - reduxinc1;
        housing = 5 - housing1;


        standardize (jobs);
        standardize (health);
        standardize (elderly);
        standardize (unemp);
        standardize (reduxinc);
        standardize (housing);
        standardize (emprate);
        !standardize (foreignpct); PI removed this step for comprability	
        !standardize (netmig);
        standardize (socx);
        standardize (year);


       MODEL:

      %WITHIN%

       jobs health elderly unemp reduxinc housing	on
       sex age edu1  age2 employ1
       employ3
       employ2 inc_z;




    %BETWEEN%
     jobs health elderly unemp reduxinc housing on
     year netmig socx emprate foreignpct
     ;





  OUTPUT: CINTERVAL;




*** WARNING
  Input line exceeded 90 characters. Some input may be truncated.
                  !allow for international and over-time comparison without currency conversi
*** WARNING in VARIABLE command
  Note that only the first 8 characters of variable names are used in the output.
  Shorten variable names to avoid any confusion.
*** WARNING
  One or more individual-level variables have no variation within a
  cluster for the following clusters.

     Variable   Cluster IDs with no within-cluster variation

      EDU1        1351 1708 1759 1206 1379 1755 1581 1253 1843 1829 1727 1279
      EMPLOY3     1828 1827 1351 1708 1759 1394 1206 1379 1755 1252 1556 1581 1253 1843 1829 1727
                  1279
      EMPLOY2     1828 1827 1351 1708 1759 1206 1379 1755 1252 1581 1253 1843 1829 1727 1279

*** WARNING
  Data set contains cases with missing on x-variables.
  These cases were not included in the analysis.
  Number of cases with missing on x-variables:  29399
*** WARNING
  Data set contains cases with missing on all variables except
  x-variables.  These cases were not included in the analysis.
  Number of cases with missing on all variables except x-variables:  305
   5 WARNING(S) FOUND IN THE INPUT INSTRUCTIONS



New model, last part of the replication project

SUMMARY OF ANALYSIS

Number of groups                                                 1
Number of observations                                       34251

Number of dependent variables                                    6
Number of independent variables                                 13
Number of continuous latent variables                            0

Observed dependent variables

  Continuous
   JOBS        HEALTH      ELDERLY     UNEMP       REDUXINC    HOUSING

Observed independent variables
   SEX         AGE         EDU1        EMPLOY1     EMPLOY3     EMPLOY2
   INC_Z       EMPRATE     FOREIGNP    NETMIG      SOCX        YEAR
   AGE2

Variables with special functions

  Cluster variables     CNTRY     CNTRYWAV

  Within variables
   SEX         AGE         EDU1        EMPLOY1     EMPLOY3     EMPLOY2
   INC_Z       AGE2

  Between variables
   EMPRATE     FOREIGNP    NETMIG      SOCX        YEAR


Estimator                                                      MLR
Information matrix                                        OBSERVED
Maximum number of iterations                                   100
Convergence criterion                                    0.100D-05
Maximum number of EM iterations                                500
Convergence criteria for the EM algorithm
  Loglikelihood change                                   0.100D-02
  Relative loglikelihood change                          0.100D-05
  Derivative                                             0.100D-03
Minimum variance                                         0.100D-03
Maximum number of steepest descent iterations                   20
Maximum number of iterations for H1                           2000
Convergence criterion for H1                             0.100D-03
Optimization algorithm                                         EMA

Input data file(s)
  C:/data/t48.csv
Input data format  FREE


SUMMARY OF DATA

     Number of missing data patterns            61
     Number of CNTRY clusters                   14
     Number of CNTRYWAVE clusters               30


COVARIANCE COVERAGE OF DATA

Minimum covariance coverage value   0.100


     PROPORTION OF DATA PRESENT


           Covariance Coverage
              JOBS          HEALTH        ELDERLY       UNEMP         REDUXINC
              ________      ________      ________      ________      ________
 JOBS           0.965
 HEALTH         0.956         0.987
 ELDERLY        0.956         0.978         0.987
 UNEMP          0.933         0.950         0.951         0.959
 REDUXINC       0.932         0.948         0.949         0.929         0.958
 HOUSING        0.931         0.949         0.949         0.930         0.929
 SEX            0.965         0.987         0.987         0.959         0.958
 AGE            0.965         0.987         0.987         0.959         0.958
 EDU1           0.965         0.987         0.987         0.959         0.958
 EMPLOY1        0.965         0.987         0.987         0.959         0.958
 EMPLOY3        0.965         0.987         0.987         0.959         0.958
 EMPLOY2        0.965         0.987         0.987         0.959         0.958
 INC_Z          0.965         0.987         0.987         0.959         0.958
 AGE2           0.965         0.987         0.987         0.959         0.958
 EMPRATE        0.965         0.987         0.987         0.959         0.958
 FOREIGNP       0.965         0.987         0.987         0.959         0.958
 NETMIG         0.965         0.987         0.987         0.959         0.958
 SOCX           0.965         0.987         0.987         0.959         0.958
 YEAR           0.965         0.987         0.987         0.959         0.958


           Covariance Coverage
              HOUSING       SEX           AGE           EDU1          EMPLOY1
              ________      ________      ________      ________      ________
 HOUSING        0.958
 SEX            0.958         1.000
 AGE            0.958         1.000         1.000
 EDU1           0.958         1.000         1.000         1.000
 EMPLOY1        0.958         1.000         1.000         1.000         1.000
 EMPLOY3        0.958         1.000         1.000         1.000         1.000
 EMPLOY2        0.958         1.000         1.000         1.000         1.000
 INC_Z          0.958         1.000         1.000         1.000         1.000
 AGE2           0.958         1.000         1.000         1.000         1.000
 EMPRATE        0.958         1.000         1.000         1.000         1.000
 FOREIGNP       0.958         1.000         1.000         1.000         1.000
 NETMIG         0.958         1.000         1.000         1.000         1.000
 SOCX           0.958         1.000         1.000         1.000         1.000
 YEAR           0.958         1.000         1.000         1.000         1.000


           Covariance Coverage
              EMPLOY3       EMPLOY2       INC_Z         AGE2          EMPRATE
              ________      ________      ________      ________      ________
 EMPLOY3        1.000
 EMPLOY2        1.000         1.000
 INC_Z          1.000         1.000         1.000
 AGE2           1.000         1.000         1.000         1.000
 EMPRATE        1.000         1.000         1.000         1.000         1.000
 FOREIGNP       1.000         1.000         1.000         1.000         1.000
 NETMIG         1.000         1.000         1.000         1.000         1.000
 SOCX           1.000         1.000         1.000         1.000         1.000
 YEAR           1.000         1.000         1.000         1.000         1.000


           Covariance Coverage
              FOREIGNP      NETMIG        SOCX          YEAR
              ________      ________      ________      ________
 FOREIGNP       1.000
 NETMIG         1.000         1.000
 SOCX           1.000         1.000         1.000
 YEAR           1.000         1.000         1.000         1.000



UNIVARIATE SAMPLE STATISTICS


     UNIVARIATE HIGHER-ORDER MOMENT DESCRIPTIVE STATISTICS

         Variable/         Mean/     Skewness/   Minimum/ % with                Percentiles
        Sample Size      Variance    Kurtosis    Maximum  Min/Max      20%/60%    40%/80%    Median

     JOBS                  0.000      -0.352      -1.836   11.84%      -0.820      0.196      0.196
           33065.000       1.000      -0.922       1.212   28.81%       0.196      1.212
     HEALTH                0.000      -1.413      -4.074    1.14%      -0.894      0.695      0.695
           33791.000       1.000       2.037       0.695   62.59%       0.695      0.695
     ELDERLY               0.000      -1.163      -4.120    0.77%      -0.868     -0.868      0.758
           33808.000       1.000       1.235       0.758   59.07%       0.758      0.758
     UNEMP                 0.000      -0.508      -2.281    6.71%      -1.081      0.120      0.120
           32832.000       1.000      -0.195       1.320   23.49%       0.120      1.320
     REDUXINC              0.000      -0.580      -2.027    9.63%      -1.003      0.020      0.020
           32821.000       1.000      -0.733       1.044   37.11%       0.020      1.044
     HOUSING               0.000      -0.570      -2.525    4.55%      -1.275     -0.025     -0.025
           32812.000       1.000      -0.048       1.226   28.44%      -0.025      1.226
     SEX                   0.890       0.164       0.000   31.65%       0.000      1.000      1.000
           34251.000       0.511      -1.040       2.000   20.69%       1.000      2.000
     AGE                  48.106       0.195      16.000    0.03%      32.000     42.000     47.000
           34251.000     281.818      -0.831      97.000    0.01%      53.000     64.000
     EDU1                  0.258       1.108       0.000   74.23%       0.000      0.000      0.000
           34251.000       0.191      -0.773       1.000   25.77%       0.000      1.000
     EMPLOY1               0.218       1.366       0.000   78.20%       0.000      0.000      0.000
           34251.000       0.170      -0.134       1.000   21.80%       0.000      1.000
     EMPLOY3               0.008      11.215       0.000   99.22%       0.000      0.000      0.000
           34251.000       0.008     123.771       1.000    0.78%       0.000      0.000
     EMPLOY2               0.023       6.416       0.000   97.73%       0.000      0.000      0.000
           34251.000       0.022      39.161       1.000    2.27%       0.000      0.000
     INC_Z                 0.006       4.388      -2.189    0.03%      -0.688     -0.301     -0.140
           34251.000       0.993     100.530      35.481    0.00%      -0.002      0.600
     AGE2                259.599       0.773      25.600    0.03%     102.400    176.400    220.900
           34251.000   28788.420      -0.060     940.900    0.01%     280.900    409.600
     EMPRATE               0.011      -0.196      -1.989    3.33%      -0.807     -0.370      0.009
              30.000       0.945      -0.769       1.925    3.33%       0.360      0.865
     FOREIGNPCT           12.170       0.545       1.100    3.33%       7.200     10.600     12.150
              30.000      33.317       0.786      28.300    3.33%      12.800     16.000
     NETMIG               16.250      -0.381       0.100    3.33%       1.900     16.100     19.350
              30.000     103.933      -1.226      31.600    3.33%      19.900     25.100
     SOCX                  0.011       0.195      -1.371    3.33%      -1.133     -0.149     -0.008
              30.000       1.067      -1.186       1.801    3.33%       0.243      0.907
     YEAR                  0.019      -0.188      -1.290   30.00%      -1.290     -0.100     -0.100
              30.000       0.978      -1.526       1.090   40.00%      -0.100      1.090


THE MODEL ESTIMATION TERMINATED NORMALLY



MODEL FIT INFORMATION

Number of Free Parameters                      126

Loglikelihood

          H0 Value                     -246866.008
          H0 Scaling Correction Factor      7.4693
            for MLR
          H1 Value                     -246865.971
          H1 Scaling Correction Factor      7.4693
            for MLR

Information Criteria

          Akaike (AIC)                  493984.016
          Bayesian (BIC)                495047.641
          Sample-Size Adjusted BIC      494647.214
            (n* = (n + 2) / 24)

Chi-Square Test of Model Fit

          Value                              0.074*
          Degrees of Freedom                     0
          P-Value                           0.0000
          Scaling Correction Factor         1.0000
            for MLR

*   The chi-square value for MLM, MLMV, MLR, ULSMV, WLSM and WLSMV cannot be used
    for chi-square difference testing in the regular way.  MLM, MLR and WLSM
    chi-square difference testing is described on the Mplus website.  MLMV, WLSMV,
    and ULSMV difference testing is done using the DIFFTEST option.

RMSEA (Root Mean Square Error Of Approximation)

          Estimate                           0.000

CFI/TLI

          CFI                                1.000
          TLI                                1.000

Chi-Square Test of Model Fit for the Baseline Model

          Value                          18110.399
          Degrees of Freedom                   108
          P-Value                           0.0000

SRMR (Standardized Root Mean Square Residual)

          Value for Within                   0.000
          Value for Between                  0.000



MODEL RESULTS

                                                    Two-Tailed
                    Estimate       S.E.  Est./S.E.    P-Value

Within Level

 JOBS       ON
    SEX                0.127      0.022      5.778      0.000
    AGE               -0.006      0.003     -1.786      0.074
    EDU1               0.282      0.042      6.741      0.000
    AGE2               0.001      0.000      2.741      0.006
    EMPLOY1            0.004      0.021      0.186      0.852
    EMPLOY3            0.111      0.022      4.966      0.000
    EMPLOY2            0.234      0.045      5.187      0.000
    INC_Z             -0.131      0.010    -12.790      0.000

 HEALTH     ON
    SEX                0.065      0.014      4.582      0.000
    AGE                0.007      0.003      2.479      0.013
    EDU1               0.093      0.034      2.739      0.006
    AGE2              -0.001      0.000     -2.969      0.003
    EMPLOY1            0.002      0.013      0.137      0.891
    EMPLOY3            0.020      0.050      0.393      0.694
    EMPLOY2            0.099      0.041      2.394      0.017
    INC_Z             -0.066      0.010     -6.525      0.000

 ELDERLY    ON
    SEX                0.106      0.022      4.720      0.000
    AGE                0.012      0.002      5.224      0.000
    EDU1               0.157      0.036      4.390      0.000
    AGE2              -0.001      0.000     -3.845      0.000
    EMPLOY1            0.004      0.017      0.256      0.798
    EMPLOY3           -0.079      0.058     -1.367      0.172
    EMPLOY2            0.119      0.038      3.104      0.002
    INC_Z             -0.063      0.012     -5.355      0.000

 UNEMP      ON
    SEX                0.056      0.022      2.539      0.011
    AGE                0.003      0.004      0.872      0.383
    EDU1               0.050      0.034      1.456      0.145
    AGE2               0.000      0.000     -0.241      0.809
    EMPLOY1            0.045      0.022      2.051      0.040
    EMPLOY3           -0.017      0.073     -0.229      0.819
    EMPLOY2            0.469      0.023     20.052      0.000
    INC_Z             -0.075      0.015     -4.997      0.000

 REDUXINC   ON
    SEX                0.084      0.026      3.163      0.002
    AGE                0.006      0.003      2.277      0.023
    EDU1               0.268      0.041      6.530      0.000
    AGE2               0.000      0.000     -1.515      0.130
    EMPLOY1            0.011      0.027      0.414      0.679
    EMPLOY3            0.026      0.037      0.724      0.469
    EMPLOY2            0.238      0.029      8.119      0.000
    INC_Z             -0.138      0.016     -8.536      0.000

 HOUSING    ON
    SEX                0.105      0.021      4.972      0.000
    AGE               -0.002      0.003     -0.551      0.582
    EDU1               0.120      0.031      3.858      0.000
    AGE2               0.000      0.000      0.566      0.571
    EMPLOY1            0.024      0.019      1.230      0.219
    EMPLOY3           -0.004      0.086     -0.045      0.964
    EMPLOY2            0.294      0.037      8.004      0.000
    INC_Z             -0.085      0.013     -6.417      0.000

 HEALTH   WITH
    JOBS               0.242      0.031      7.726      0.000

 ELDERLY  WITH
    JOBS               0.254      0.028      9.089      0.000
    HEALTH             0.474      0.058      8.234      0.000

 UNEMP    WITH
    JOBS               0.291      0.027     10.717      0.000
    HEALTH             0.246      0.036      6.890      0.000
    ELDERLY            0.290      0.035      8.228      0.000

 REDUXINC WITH
    JOBS               0.324      0.025     12.822      0.000
    HEALTH             0.241      0.037      6.596      0.000
    ELDERLY            0.256      0.032      7.883      0.000
    UNEMP              0.325      0.031     10.437      0.000

 HOUSING  WITH
    JOBS               0.285      0.019     15.001      0.000
    HEALTH             0.254      0.037      6.862      0.000
    ELDERLY            0.285      0.035      8.136      0.000
    UNEMP              0.407      0.034     12.141      0.000
    REDUXINC           0.345      0.025     13.993      0.000

 Residual Variances
    JOBS               0.836      0.043     19.637      0.000
    HEALTH             0.892      0.101      8.836      0.000
    ELDERLY            0.887      0.089      9.972      0.000
    UNEMP              0.842      0.063     13.407      0.000
    REDUXINC           0.869      0.049     17.576      0.000
    HOUSING            0.852      0.050     17.143      0.000

Between Level

 JOBS       ON
    YEAR              -0.074      0.078     -0.950      0.342
    NETMIG             0.004      0.012      0.351      0.726
    SOCX               0.043      0.124      0.347      0.728
    EMPRATE           -0.164      0.129     -1.272      0.203
    FOREIGNPCT        -0.019      0.015     -1.220      0.223

 HEALTH     ON
    YEAR               0.036      0.095      0.377      0.706
    NETMIG             0.004      0.014      0.265      0.791
    SOCX               0.035      0.115      0.303      0.762
    EMPRATE           -0.023      0.172     -0.133      0.894
    FOREIGNPCT        -0.013      0.023     -0.543      0.587

 ELDERLY    ON
    YEAR              -0.033      0.099     -0.337      0.736
    NETMIG             0.009      0.013      0.738      0.460
    SOCX               0.115      0.102      1.131      0.258
    EMPRATE           -0.028      0.175     -0.162      0.871
    FOREIGNPCT        -0.017      0.020     -0.838      0.402

 UNEMP      ON
    YEAR              -0.236      0.101     -2.332      0.020
    NETMIG             0.032      0.012      2.683      0.007
    SOCX               0.334      0.113      2.955      0.003
    EMPRATE           -0.065      0.185     -0.353      0.724
    FOREIGNPCT        -0.026      0.014     -1.843      0.065

 REDUXINC   ON
    YEAR              -0.033      0.063     -0.527      0.598
    NETMIG             0.009      0.008      1.112      0.266
    SOCX               0.150      0.103      1.447      0.148
    EMPRATE           -0.169      0.089     -1.896      0.058
    FOREIGNPCT        -0.014      0.011     -1.231      0.218

 HOUSING    ON
    YEAR              -0.300      0.090     -3.327      0.001
    NETMIG            -0.008      0.008     -1.017      0.309
    SOCX               0.106      0.083      1.276      0.202
    EMPRATE           -0.421      0.125     -3.366      0.001
    FOREIGNPCT         0.016      0.014      1.216      0.224

 HEALTH   WITH
    JOBS               0.043      0.027      1.616      0.106

 ELDERLY  WITH
    JOBS               0.043      0.022      1.955      0.051
    HEALTH             0.077      0.022      3.468      0.001

 UNEMP    WITH
    JOBS               0.058      0.019      3.112      0.002
    HEALTH             0.049      0.022      2.199      0.028
    ELDERLY            0.059      0.023      2.578      0.010

 REDUXINC WITH
    JOBS               0.047      0.016      3.051      0.002
    HEALTH             0.025      0.018      1.412      0.158
    ELDERLY            0.029      0.014      2.044      0.041
    UNEMP              0.045      0.013      3.429      0.001

 HOUSING  WITH
    JOBS               0.023      0.016      1.468      0.142
    HEALTH             0.049      0.015      3.193      0.001
    ELDERLY            0.054      0.016      3.513      0.000
    UNEMP              0.045      0.019      2.347      0.019
    REDUXINC           0.025      0.009      2.677      0.007

 Intercepts
    JOBS               0.079      0.133      0.595      0.552
    HEALTH            -0.144      0.235     -0.611      0.541
    ELDERLY           -0.455      0.191     -2.381      0.017
    UNEMP             -0.469      0.149     -3.139      0.002
    REDUXINC          -0.341      0.093     -3.690      0.000
    HOUSING           -0.189      0.189     -1.002      0.316

 Residual Variances
    JOBS               0.077      0.022      3.554      0.000
    HEALTH             0.090      0.025      3.648      0.000
    ELDERLY            0.079      0.021      3.797      0.000
    UNEMP              0.088      0.031      2.797      0.005
    REDUXINC           0.044      0.012      3.791      0.000
    HOUSING            0.056      0.013      4.322      0.000


QUALITY OF NUMERICAL RESULTS

     Condition Number for the Information Matrix              0.210E-07
       (ratio of smallest to largest eigenvalue)


CONFIDENCE INTERVALS OF MODEL RESULTS

                  Lower .5%  Lower 2.5%    Lower 5%    Estimate    Upper 5%  Upper 2.5%   Upper .5%

Within Level

 JOBS     ON
    SEX              0.071       0.084       0.091       0.127       0.164       0.171       0.184
    AGE             -0.015      -0.013      -0.011      -0.006       0.000       0.001       0.003
    EDU1             0.174       0.200       0.213       0.282       0.351       0.364       0.390
    AGE2             0.000       0.000       0.000       0.001       0.001       0.001       0.001
    EMPLOY1         -0.050      -0.037      -0.031       0.004       0.039       0.045       0.058
    EMPLOY3          0.053       0.067       0.074       0.111       0.147       0.154       0.168
    EMPLOY2          0.118       0.145       0.160       0.234       0.308       0.322       0.350
    INC_Z           -0.158      -0.151      -0.148      -0.131      -0.114      -0.111      -0.105

 HEALTH   ON
    SEX              0.028       0.037       0.041       0.065       0.088       0.092       0.101
    AGE              0.000       0.001       0.002       0.007       0.011       0.012       0.014
    EDU1             0.006       0.026       0.037       0.093       0.149       0.160       0.181
    AGE2            -0.001      -0.001      -0.001      -0.001       0.000       0.000       0.000
    EMPLOY1         -0.032      -0.024      -0.020       0.002       0.024       0.028       0.036
    EMPLOY3         -0.110      -0.079      -0.063       0.020       0.103       0.119       0.150
    EMPLOY2         -0.008       0.018       0.031       0.099       0.167       0.180       0.206
    INC_Z           -0.093      -0.086      -0.083      -0.066      -0.050      -0.046      -0.040

 ELDERLY  ON
    SEX              0.048       0.062       0.069       0.106       0.143       0.150       0.164
    AGE              0.006       0.008       0.008       0.012       0.016       0.017       0.018
    EDU1             0.065       0.087       0.098       0.157       0.215       0.226       0.248
    AGE2            -0.001      -0.001      -0.001      -0.001       0.000       0.000       0.000
    EMPLOY1         -0.040      -0.029      -0.024       0.004       0.033       0.038       0.049
    EMPLOY3         -0.227      -0.191      -0.173      -0.079       0.016       0.034       0.070
    EMPLOY2          0.020       0.044       0.056       0.119       0.183       0.195       0.218
    INC_Z           -0.094      -0.086      -0.083      -0.063      -0.044      -0.040      -0.033

 UNEMP    ON
    SEX             -0.001       0.013       0.020       0.056       0.092       0.099       0.113
    AGE             -0.007      -0.004      -0.003       0.003       0.010       0.011       0.014
    EDU1            -0.039      -0.017      -0.007       0.050       0.107       0.118       0.139
    AGE2            -0.001      -0.001      -0.001       0.000       0.001       0.001       0.001
    EMPLOY1         -0.012       0.002       0.009       0.045       0.081       0.088       0.102
    EMPLOY3         -0.205      -0.160      -0.137      -0.017       0.104       0.127       0.172
    EMPLOY2          0.409       0.423       0.431       0.469       0.508       0.515       0.529
    INC_Z           -0.114      -0.104      -0.100      -0.075      -0.050      -0.046      -0.036

 REDUXINC ON
    SEX              0.016       0.032       0.040       0.084       0.127       0.136       0.152
    AGE             -0.001       0.001       0.002       0.006       0.011       0.012       0.013
    EDU1             0.162       0.188       0.201       0.268       0.336       0.349       0.374
    AGE2            -0.001      -0.001      -0.001       0.000       0.000       0.000       0.000
    EMPLOY1         -0.059      -0.042      -0.034       0.011       0.057       0.065       0.082
    EMPLOY3         -0.068      -0.045      -0.034       0.026       0.087       0.098       0.121
    EMPLOY2          0.163       0.181       0.190       0.238       0.286       0.295       0.314
    INC_Z           -0.180      -0.170      -0.165      -0.138      -0.112      -0.106      -0.096

 HOUSING  ON
    SEX              0.051       0.064       0.070       0.105       0.140       0.147       0.160
    AGE             -0.010      -0.008      -0.007      -0.002       0.003       0.004       0.006
    EDU1             0.040       0.059       0.069       0.120       0.172       0.182       0.201
    AGE2            -0.001       0.000       0.000       0.000       0.001       0.001       0.001
    EMPLOY1         -0.026      -0.014      -0.008       0.024       0.056       0.062       0.074
    EMPLOY3         -0.225      -0.172      -0.145      -0.004       0.137       0.164       0.217
    EMPLOY2          0.199       0.222       0.234       0.294       0.355       0.366       0.389
    INC_Z           -0.119      -0.111      -0.107      -0.085      -0.063      -0.059      -0.051

 HEALTH   WITH
    JOBS             0.161       0.180       0.190       0.242       0.293       0.303       0.322

 ELDERLY  WITH
    JOBS             0.182       0.200       0.208       0.254       0.300       0.309       0.327
    HEALTH           0.326       0.361       0.379       0.474       0.569       0.587       0.623

 UNEMP    WITH
    JOBS             0.221       0.237       0.246       0.291       0.335       0.344       0.360
    HEALTH           0.154       0.176       0.187       0.246       0.305       0.316       0.338
    ELDERLY          0.199       0.221       0.232       0.290       0.348       0.359       0.381

 REDUXINC WITH
    JOBS             0.259       0.274       0.282       0.324       0.365       0.373       0.389
    HEALTH           0.147       0.169       0.181       0.241       0.301       0.313       0.335
    ELDERLY          0.172       0.192       0.203       0.256       0.310       0.320       0.340
    UNEMP            0.245       0.264       0.274       0.325       0.376       0.386       0.406

 HOUSING  WITH
    JOBS             0.236       0.247       0.253       0.285       0.316       0.322       0.333
    HEALTH           0.159       0.182       0.193       0.254       0.315       0.327       0.350
    ELDERLY          0.195       0.216       0.228       0.285       0.343       0.354       0.375
    UNEMP            0.321       0.342       0.352       0.407       0.463       0.473       0.494
    REDUXINC         0.282       0.297       0.305       0.345       0.386       0.394       0.409

 Residual Variances
    JOBS             0.727       0.753       0.766       0.836       0.906       0.920       0.946
    HEALTH           0.632       0.694       0.726       0.892       1.058       1.090       1.152
    ELDERLY          0.658       0.713       0.741       0.887       1.034       1.062       1.117
    UNEMP            0.680       0.719       0.739       0.842       0.945       0.965       1.004
    REDUXINC         0.742       0.772       0.788       0.869       0.950       0.966       0.996
    HOUSING          0.724       0.755       0.770       0.852       0.934       0.950       0.980

Between Level

 JOBS     ON
    YEAR            -0.275      -0.227      -0.203      -0.074       0.054       0.079       0.127
    NETMIG          -0.027      -0.020      -0.016       0.004       0.025       0.028       0.036
    SOCX            -0.276      -0.200      -0.161       0.043       0.247       0.286       0.362
    EMPRATE         -0.495      -0.416      -0.375      -0.164       0.048       0.089       0.168
    FOREIGNPCT      -0.058      -0.049      -0.044      -0.019       0.007       0.011       0.021

 HEALTH   ON
    YEAR            -0.209      -0.150      -0.120       0.036       0.192       0.222       0.280
    NETMIG          -0.032      -0.023      -0.019       0.004       0.026       0.030       0.039
    SOCX            -0.261      -0.190      -0.154       0.035       0.224       0.260       0.331
    EMPRATE         -0.467      -0.361      -0.307      -0.023       0.261       0.315       0.421
    FOREIGNPCT      -0.072      -0.058      -0.051      -0.013       0.026       0.033       0.047

 ELDERLY  ON
    YEAR            -0.288      -0.227      -0.196      -0.033       0.129       0.161       0.222
    NETMIG          -0.023      -0.015      -0.011       0.009       0.030       0.034       0.041
    SOCX            -0.147      -0.084      -0.052       0.115       0.282       0.314       0.377
    EMPRATE         -0.479      -0.372      -0.317      -0.028       0.260       0.315       0.423
    FOREIGNPCT      -0.068      -0.056      -0.049      -0.017       0.016       0.022       0.035

 UNEMP    ON
    YEAR            -0.497      -0.434      -0.402      -0.236      -0.070      -0.038       0.025
    NETMIG           0.001       0.009       0.012       0.032       0.051       0.055       0.062
    SOCX             0.043       0.113       0.148       0.334       0.520       0.556       0.626
    EMPRATE         -0.543      -0.428      -0.370      -0.065       0.239       0.298       0.412
    FOREIGNPCT      -0.062      -0.053      -0.049      -0.026      -0.003       0.002       0.010

 REDUXINC ON
    YEAR            -0.194      -0.156      -0.136      -0.033       0.070       0.090       0.128
    NETMIG          -0.012      -0.007      -0.004       0.009       0.023       0.025       0.031
    SOCX            -0.117      -0.053      -0.021       0.150       0.320       0.353       0.416
    EMPRATE         -0.399      -0.344      -0.316      -0.169      -0.022       0.006       0.061
    FOREIGNPCT      -0.043      -0.036      -0.033      -0.014       0.005       0.008       0.015

 HOUSING  ON
    YEAR            -0.532      -0.477      -0.448      -0.300      -0.152      -0.123      -0.068
    NETMIG          -0.029      -0.024      -0.022      -0.008       0.005       0.008       0.013
    SOCX            -0.108      -0.057      -0.031       0.106       0.243       0.270       0.321
    EMPRATE         -0.744      -0.667      -0.627      -0.421      -0.215      -0.176      -0.099
    FOREIGNPCT      -0.018      -0.010      -0.006       0.016       0.039       0.043       0.051

 HEALTH   WITH
    JOBS            -0.025      -0.009      -0.001       0.043       0.086       0.095       0.111

 ELDERLY  WITH
    JOBS            -0.014       0.000       0.007       0.043       0.079       0.086       0.099
    HEALTH           0.020       0.034       0.041       0.077       0.114       0.121       0.135

 UNEMP    WITH
    JOBS             0.010       0.022       0.028       0.058       0.089       0.095       0.107
    HEALTH          -0.008       0.005       0.012       0.049       0.085       0.092       0.106
    ELDERLY          0.000       0.014       0.021       0.059       0.097       0.104       0.118

 REDUXINC WITH
    JOBS             0.007       0.017       0.022       0.047       0.073       0.078       0.087
    HEALTH          -0.021      -0.010      -0.004       0.025       0.054       0.060       0.071
    ELDERLY         -0.008       0.001       0.006       0.029       0.053       0.057       0.066
    UNEMP            0.011       0.019       0.023       0.045       0.066       0.070       0.078

 HOUSING  WITH
    JOBS            -0.017      -0.008      -0.003       0.023       0.049       0.053       0.063
    HEALTH           0.009       0.019       0.024       0.049       0.074       0.079       0.089
    ELDERLY          0.015       0.024       0.029       0.054       0.080       0.085       0.094
    UNEMP           -0.004       0.007       0.013       0.045       0.076       0.082       0.094
    REDUXINC         0.001       0.007       0.009       0.025       0.040       0.042       0.048

 Intercepts
    JOBS            -0.264      -0.182      -0.140       0.079       0.299       0.341       0.423
    HEALTH          -0.750      -0.605      -0.531      -0.144       0.243       0.318       0.462
    ELDERLY         -0.947      -0.829      -0.769      -0.455      -0.141      -0.080       0.037
    UNEMP           -0.853      -0.761      -0.714      -0.469      -0.223      -0.176      -0.084
    REDUXINC        -0.580      -0.523      -0.494      -0.341      -0.189      -0.160      -0.103
    HOUSING         -0.676      -0.560      -0.500      -0.189       0.121       0.181       0.297

 Residual Variances
    JOBS             0.021       0.034       0.041       0.077       0.112       0.119       0.132
    HEALTH           0.027       0.042       0.050       0.090       0.131       0.139       0.154
    ELDERLY          0.025       0.038       0.044       0.079       0.113       0.119       0.132
    UNEMP            0.007       0.026       0.036       0.088       0.139       0.149       0.168
    REDUXINC         0.014       0.021       0.025       0.044       0.064       0.067       0.075
    HOUSING          0.023       0.031       0.035       0.056       0.078       0.082       0.090


DIAGRAM INFORMATION

  Mplus diagrams are currently not available for multilevel analysis.
  No diagram output was produced.


     Beginning Time:  17:11:02
        Ending Time:  17:11:45
       Elapsed Time:  00:00:43



MUTHEN & MUTHEN
3463 Stoner Ave.
Los Angeles, CA  90066

Tel: (310) 391-9971
Fax: (310) 391-8971
Web: www.StatModel.com
Support: Support@StatModel.com

Copyright (c) 1998-2018 Muthen & Muthen
