Mplus VERSION 8.2
MUTHEN & MUTHEN
04/08/2021   1:55 PM

INPUT INSTRUCTIONS

    TITLE:
    Team 16 net mig;

    DATA:
    FILE = C:/data/t16.csv;
    LISTWISE = ON;

    VARIABLE:
    NAMES = country wave
    old unemp inc jobs
    female age age2
    eduP eduS eduT      !tertiary as reference
    gdp_o gdp_wb
    stock_wb stock_un
    stock_o
    net_un
    employ
    socx;

    USEVARIABLES = old unemp inc jobs
    female age age2
    eduP eduS
    gdp_o
    net_un
    employ
    socx
    cw;

    MISSING = all (-99);

    !CATEGORICAL = old unemp inc jobs;

    WITHIN = female age age2
    eduP eduS;

    BETWEEN = gdp_o
    net_un
    employ
    socx;

    CLUSTER = cw;

    DEFINE:
    if (old > 4) then old = 3;
    age2 = age2/100;
    gdp_o = gdp_o/1000;
    cw = country * wave;
    net_un = net_un/10;
    unemp = (-1*unemp)+5;
    old = (-1*old)+5;
    inc = (-1*inc)+5;
    jobs = (-1*jobs)+5;

    ANALYSIS:
    TYPE = TWOLEVEL;
    ESTIMATOR = BAYES;
    PROCESSORS = 2;
    !BITERATIONS=(10000);
    !PARAMETERIZATION = THETA;

    MODEL:
    %WITHIN%
    attw by unemp old inc jobs;

    attw on female age age2
    eduP eduS;

    %BETWEEN%
    attb by unemp old inc jobs;

    attb on gdp_o net_un
    employ socx;

    OUTPUT:
    RESIDUAL STDYX TECH1 TECH4;



INPUT READING TERMINATED NORMALLY




Team 16 net mig;

SUMMARY OF ANALYSIS

Number of groups                                                 1
Number of observations                                       39531

Number of dependent variables                                    4
Number of independent variables                                  9
Number of continuous latent variables                            2

Observed dependent variables

  Continuous
   OLD         UNEMP       INC         JOBS

Observed independent variables
   FEMALE      AGE         AGE2        EDUP        EDUS        GDP_O
   NET_UN      EMPLOY      SOCX

Continuous latent variables
   ATTW        ATTB

Variables with special functions

  Cluster variable      CW

  Within variables
   FEMALE      AGE         AGE2        EDUP        EDUS

  Between variables
   GDP_O       NET_UN      EMPLOY      SOCX


Estimator                                                    BAYES
Specifications for Bayesian Estimation
  Point estimate                                            MEDIAN
  Number of Markov chain Monte Carlo (MCMC) chains               2
  Random seed for the first chain                                0
  Starting value information                           UNPERTURBED
  Algorithm used for Markov chain Monte Carlo           GIBBS(PX1)
  Convergence criterion                                  0.500D-01
  Maximum number of iterations                               50000
  K-th iteration used for thinning                               1

Input data file(s)
  C:/data/t16.csv
Input data format  FREE


SUMMARY OF DATA

     Number of clusters                         30

       Size (s)    Cluster ID with Size s

        717        248744
        759        782432
        785        1656956
        834        1059168
        843        1648696
        879        746232
        898        1516536
        943        742512
        954        786352
        964        1105784
        970        247504
        992        493476
       1035        1111324
       1043        1508512
       1069        1500992
       1093        1676640
       1151        417248
       1175        499000
       1193        1153688
       1224        1159468
       1407        553656
       1422        1685040
       1577        501500
       1736        1243720
       1799        71856
       2172        1508976
       2261        1445104
       2286        72216
       2307        1452344
       3043        550896




UNIVARIATE SAMPLE STATISTICS


     UNIVARIATE HIGHER-ORDER MOMENT DESCRIPTIVE STATISTICS

         Variable/         Mean/     Skewness/   Minimum/ % with                Percentiles
        Sample Size      Variance    Kurtosis    Maximum  Min/Max      20%/60%    40%/80%    Median

     OLD                   3.543      -1.197       1.000    0.76%       3.000      3.000      4.000
           39531.000       0.378       1.291       4.000   59.98%       4.000      4.000
     UNEMP                 2.954      -0.541       1.000    5.98%       2.000      3.000      3.000
           39531.000       0.690      -0.176       4.000   26.34%       3.000      4.000
     INC                   2.947      -0.536       1.000   10.64%       2.000      3.000      3.000
           39531.000       0.995      -0.834       4.000   36.57%       3.000      4.000
     JOBS                  2.782      -0.324       1.000   12.86%       2.000      3.000      3.000
           39531.000       1.001      -0.983       4.000   28.65%       3.000      4.000
     FEMALE                0.507      -0.030       0.000   49.26%       0.000      0.000      1.000
           39531.000       0.250      -1.999       1.000   50.74%       1.000      1.000
     AGE                  47.241       0.215      15.000    0.03%      31.000     41.000     46.000
           39531.000     276.188      -0.792      97.000    0.01%      51.000     63.000
     AGE2                 25.079       0.809       2.250    0.03%       9.610     16.810     21.160
           39531.000     274.395       0.020      94.090    0.01%      26.010     39.690
     EDUP                  0.235       1.250       0.000   76.50%       0.000      0.000      0.000
           39531.000       0.180      -0.438       1.000   23.50%       0.000      1.000
     EDUS                  0.430       0.283       0.000   57.01%       0.000      0.000      0.000
           39531.000       0.245      -1.920       1.000   42.99%       1.000      1.000
     GDP_O                31.298       0.514      16.915    3.33%      23.225     26.787     30.564
              30.000      80.672      -0.353      54.083    3.33%      33.103     37.822
     NET_UN                0.383       1.124       0.000    3.33%       0.140      0.230      0.365
              30.000       0.079       1.469       1.270    3.33%       0.390      0.590
     EMPLOY               58.110      -1.255      39.832    3.33%      52.850     57.898     59.225
              30.000      32.695       1.513      65.231    3.33%      60.841     62.393
     SOCX                 20.650       0.602      14.500    3.33%      16.400     18.200     19.500
              30.000      19.442      -0.850      29.800    3.33%      20.800     25.300


THE MODEL ESTIMATION TERMINATED NORMALLY

     USE THE FBITERATIONS OPTION TO INCREASE THE NUMBER OF ITERATIONS BY A FACTOR
     OF AT LEAST TWO TO CHECK CONVERGENCE AND THAT THE PSR VALUE DOES NOT INCREASE.



MODEL FIT INFORMATION

Number of Free Parameters                              29

Bayesian Posterior Predictive Checking using Chi-Square

          95% Confidence Interval for the Difference Between
          the Observed and the Replicated Chi-Square Values

                               1070.884          1155.931

          Posterior Predictive P-Value              0.000

Information Criteria

          Deviance (DIC)                       347012.119
          Estimated Number of Parameters (pD)      28.760



MODEL RESULTS

                                Posterior  One-Tailed         95% C.I.
                    Estimate       S.D.      P-Value   Lower 2.5%  Upper 2.5%  Significance

Within Level

 ATTW     BY
    UNEMP              1.000       0.000      0.000       1.000       1.000
    OLD                0.614       0.008      0.000       0.599       0.630      *
    INC                1.268       0.015      0.000       1.234       1.299      *
    JOBS               1.166       0.015      0.000       1.134       1.191      *

 ATTW       ON
    FEMALE             0.124       0.006      0.000       0.112       0.134      *
    AGE               -0.002       0.001      0.068      -0.004       0.000
    AGE2               0.003       0.001      0.000       0.001       0.005      *
    EDUP               0.275       0.009      0.000       0.257       0.292      *
    EDUS               0.161       0.007      0.000       0.147       0.174      *

 Residual Variances
    OLD                0.245       0.002      0.000       0.241       0.249      *
    UNEMP              0.345       0.003      0.000       0.338       0.352      *
    INC                0.517       0.005      0.000       0.507       0.528      *
    JOBS               0.531       0.005      0.000       0.521       0.542      *
    ATTW               0.225       0.004      0.000       0.218       0.234      *

Between Level

 ATTB     BY
    UNEMP              1.000       0.000      0.000       1.000       1.000
    OLD                0.514       0.116      0.000       0.306       0.775      *
    INC                0.774       0.136      0.000       0.514       1.055      *
    JOBS               1.038       0.138      0.000       0.787       1.312      *

 ATTB       ON
    GDP_O              0.001       0.006      0.412      -0.011       0.014
    NET_UN             0.117       0.195      0.275      -0.291       0.487
    EMPLOY            -0.017       0.005      0.000      -0.027      -0.008      *
    SOCX               0.026       0.009      0.000       0.009       0.044      *

 Intercepts
    OLD                3.611       0.074      0.000       3.498       3.775      *
    UNEMP              3.096       0.095      0.000       2.942       3.270      *
    INC                2.961       0.087      0.000       2.810       3.148      *
    JOBS               2.884       0.110      0.000       2.692       3.109      *

 Residual Variances
    OLD                0.022       0.007      0.000       0.013       0.040      *
    UNEMP              0.009       0.006      0.000       0.001       0.025      *
    INC                0.026       0.010      0.000       0.014       0.055      *
    JOBS               0.024       0.011      0.000       0.011       0.051      *
    ATTB               0.062       0.024      0.000       0.032       0.122      *


STANDARDIZED MODEL RESULTS


STDYX Standardization

                                Posterior  One-Tailed         95% C.I.
                    Estimate       S.D.      P-Value   Lower 2.5%  Upper 2.5%  Significance
Within Level

 ATTW     BY
    UNEMP              0.642       0.005      0.000       0.634       0.652      *
    OLD                0.521       0.005      0.000       0.511       0.530      *
    INC                0.655       0.004      0.000       0.648       0.663      *
    JOBS               0.619       0.005      0.000       0.609       0.627      *

 ATTW       ON
    FEMALE             0.126       0.006      0.000       0.113       0.136      *
    AGE               -0.067       0.037      0.068      -0.127       0.011
    AGE2               0.117       0.037      0.000       0.039       0.177      *
    EDUP               0.236       0.008      0.000       0.222       0.252      *
    EDUS               0.162       0.007      0.000       0.148       0.175      *

 Residual Variances
    OLD                0.728       0.005      0.000       0.719       0.738      *
    UNEMP              0.587       0.006      0.000       0.575       0.598      *
    INC                0.570       0.005      0.000       0.560       0.580      *
    JOBS               0.617       0.006      0.000       0.606       0.629      *
    ATTW               0.929       0.003      0.000       0.923       0.935      *

Between Level

 ATTB     BY
    UNEMP              0.958       0.034      0.000       0.852       0.996      *
    OLD                0.742       0.102      0.000       0.478       0.870      *
    INC                0.839       0.083      0.000       0.611       0.924      *
    JOBS               0.901       0.049      0.000       0.771       0.964      *

 ATTB       ON
    GDP_O              0.043       0.180      0.412      -0.312       0.407
    NET_UN             0.108       0.164      0.275      -0.254       0.390
    EMPLOY            -0.319       0.083      0.000      -0.458      -0.150      *
    SOCX               0.383       0.102      0.000       0.122       0.534      *

 Intercepts
    OLD               16.351       2.262      0.000      12.397      20.894      *
    UNEMP              9.472       1.346      0.000       6.967      12.171      *
    INC               10.079       1.352      0.000       7.639      12.981      *
    JOBS               8.006       1.076      0.000       5.924      10.098      *

 Residual Variances
    OLD                0.449       0.138      0.000       0.242       0.768      *
    UNEMP              0.082       0.064      0.000       0.008       0.272      *
    INC                0.296       0.127      0.000       0.144       0.625      *
    JOBS               0.188       0.086      0.000       0.070       0.402      *
    ATTB               0.637       0.114      0.000       0.432       0.882      *


R-SQUARE

Within Level

                                Posterior  One-Tailed         95% C.I.
    Variable        Estimate       S.D.      P-Value   Lower 2.5%  Upper 2.5%

    OLD                0.272       0.005      0.000       0.261       0.281
    UNEMP              0.413       0.006      0.000       0.401       0.425
    INC                0.430       0.005      0.000       0.419       0.440
    JOBS               0.383       0.006      0.000       0.371       0.394

                                Posterior  One-Tailed         95% C.I.
    Variable        Estimate       S.D.      P-Value   Lower 2.5%  Upper 2.5%

    ATTW               0.071       0.003      0.000       0.065       0.077

Between Level

                                Posterior  One-Tailed         95% C.I.
    Variable        Estimate       S.D.      P-Value   Lower 2.5%  Upper 2.5%

    OLD                0.551       0.138      0.000       0.229       0.757
    UNEMP              0.918       0.064      0.000       0.726       0.992
    INC                0.704       0.127      0.000       0.373       0.854
    JOBS               0.812       0.086      0.000       0.594       0.930

                                Posterior  One-Tailed         95% C.I.
    Variable        Estimate       S.D.      P-Value   Lower 2.5%  Upper 2.5%

    ATTB               0.363       0.114      0.000       0.117       0.562


RESIDUAL OUTPUT


     ESTIMATED MODEL


     WITHIN LEVEL


           Means
              OLD           UNEMP         INC           JOBS          FEMALE
              ________      ________      ________      ________      ________
                0.116         0.190         0.240         0.221         0.507


           Means
              AGE           AGE2          EDUP          EDUS          GDP_O
              ________      ________      ________      ________      ________
               47.241        25.079         0.235         0.430         0.000


           Means
              NET_UN        EMPLOY        SOCX
              ________      ________      ________
                0.000         0.000         0.000


           Covariances
              OLD           UNEMP         INC           JOBS          FEMALE
              ________      ________      ________      ________      ________
 OLD            0.337
 UNEMP          0.149         0.587
 INC            0.189         0.307         0.907
 JOBS           0.173         0.282         0.358         0.860
 FEMALE         0.020         0.033         0.041         0.038         0.250
 AGE            0.463         0.754         0.956         0.879        -0.139
 AGE2           0.497         0.809         1.026         0.943        -0.118
 EDUP           0.023         0.037         0.047         0.043         0.004
 EDUS           0.006         0.011         0.013         0.012         0.004
 GDP_O          0.000         0.000         0.000         0.000         0.000
 NET_UN         0.000         0.000         0.000         0.000         0.000
 EMPLOY         0.000         0.000         0.000         0.000         0.000
 SOCX           0.000         0.000         0.000         0.000         0.000


           Covariances
              AGE           AGE2          EDUP          EDUS          GDP_O
              ________      ________      ________      ________      ________
 AGE          276.188
 AGE2         270.809       274.395
 EDUP           2.097         2.195         0.180
 EDUS          -1.214        -1.197        -0.101         0.245
 GDP_O          0.000         0.000         0.000         0.000         0.000
 NET_UN         0.000         0.000         0.000         0.000         0.000
 EMPLOY         0.000         0.000         0.000         0.000         0.000
 SOCX           0.000         0.000         0.000         0.000         0.000


           Covariances
              NET_UN        EMPLOY        SOCX
              ________      ________      ________
 NET_UN         0.000
 EMPLOY         0.000         0.000
 SOCX           0.000         0.000         0.000


           Correlations
              OLD           UNEMP         INC           JOBS          FEMALE
              ________      ________      ________      ________      ________
 OLD            1.000
 UNEMP          0.335         1.000
 INC            0.341         0.421         1.000
 JOBS           0.322         0.397         0.405         1.000
 FEMALE         0.069         0.085         0.087         0.082         1.000
 AGE            0.048         0.059         0.060         0.057        -0.017
 AGE2           0.052         0.064         0.065         0.061        -0.014
 EDUP           0.093         0.114         0.116         0.110         0.021
 EDUS           0.023         0.028         0.028         0.027         0.017
 GDP_O          0.000         0.000         0.000         0.000         0.000
 NET_UN         0.000         0.000         0.000         0.000         0.000
 EMPLOY         0.000         0.000         0.000         0.000         0.000
 SOCX           0.000         0.000         0.000         0.000         0.000


           Correlations
              AGE           AGE2          EDUP          EDUS          GDP_O
              ________      ________      ________      ________      ________
 AGE            1.000
 AGE2           0.984         1.000
 EDUP           0.298         0.312         1.000
 EDUS          -0.148        -0.146        -0.481         1.000
 GDP_O          0.000         0.000         0.000         0.000         0.000
 NET_UN         0.000         0.000         0.000         0.000         0.000
 EMPLOY         0.000         0.000         0.000         0.000         0.000
 SOCX           0.000         0.000         0.000         0.000         0.000


           Correlations
              NET_UN        EMPLOY        SOCX
              ________      ________      ________
 NET_UN         0.000
 EMPLOY         0.000         0.000
 SOCX           0.000         0.000         0.000


     BETWEEN LEVEL


           Means
              OLD           UNEMP         INC           JOBS          FEMALE
              ________      ________      ________      ________      ________
                3.418         2.720         2.670         2.494         0.000


           Means
              AGE           AGE2          EDUP          EDUS          GDP_O
              ________      ________      ________      ________      ________
                0.000         0.000         0.000         0.000        31.298


           Means
              NET_UN        EMPLOY        SOCX
              ________      ________      ________
                0.383        58.110        20.650


           Covariances
              OLD           UNEMP         INC           JOBS          FEMALE
              ________      ________      ________      ________      ________
 OLD            0.046
 UNEMP          0.046         0.099
 INC            0.036         0.069         0.080
 JOBS           0.048         0.093         0.072         0.121
 FEMALE         0.000         0.000         0.000         0.000         0.000
 AGE            0.000         0.000         0.000         0.000         0.000
 AGE2           0.000         0.000         0.000         0.000         0.000
 EDUP           0.000         0.000         0.000         0.000         0.000
 EDUS           0.000         0.000         0.000         0.000         0.000
 GDP_O         -0.178        -0.347        -0.268        -0.360         0.000
 NET_UN        -0.003        -0.005        -0.004        -0.005         0.000
 EMPLOY        -0.376        -0.732        -0.566        -0.760         0.000
 SOCX           0.327         0.637         0.492         0.661         0.000


           Covariances
              AGE           AGE2          EDUP          EDUS          GDP_O
              ________      ________      ________      ________      ________
 AGE            0.000
 AGE2           0.000         0.000
 EDUP           0.000         0.000         0.000
 EDUS           0.000         0.000         0.000         0.000
 GDP_O          0.000         0.000         0.000         0.000        80.672
 NET_UN         0.000         0.000         0.000         0.000         0.588
 EMPLOY         0.000         0.000         0.000         0.000        27.346
 SOCX           0.000         0.000         0.000         0.000        -2.264


           Covariances
              NET_UN        EMPLOY        SOCX
              ________      ________      ________
 NET_UN         0.079
 EMPLOY         0.411        32.695
 SOCX          -0.308        -9.724        19.443


           Correlations
              OLD           UNEMP         INC           JOBS          FEMALE
              ________      ________      ________      ________      ________
 OLD            1.000
 UNEMP          0.686         1.000
 INC            0.591         0.782         1.000
 JOBS           0.644         0.852         0.734         1.000
 FEMALE         0.000         0.000         0.000         0.000         0.000
 AGE            0.000         0.000         0.000         0.000         0.000
 AGE2           0.000         0.000         0.000         0.000         0.000
 EDUP           0.000         0.000         0.000         0.000         0.000
 EDUS           0.000         0.000         0.000         0.000         0.000
 GDP_O         -0.093        -0.123        -0.106        -0.115         0.000
 NET_UN        -0.043        -0.057        -0.049        -0.054         0.000
 EMPLOY        -0.308        -0.407        -0.351        -0.382         0.000
 SOCX           0.347         0.459         0.395         0.431         0.000


           Correlations
              AGE           AGE2          EDUP          EDUS          GDP_O
              ________      ________      ________      ________      ________
 AGE            0.000
 AGE2           0.000         0.000
 EDUP           0.000         0.000         0.000
 EDUS           0.000         0.000         0.000         0.000
 GDP_O          0.000         0.000         0.000         0.000         1.000
 NET_UN         0.000         0.000         0.000         0.000         0.233
 EMPLOY         0.000         0.000         0.000         0.000         0.532
 SOCX           0.000         0.000         0.000         0.000        -0.057


           Correlations
              NET_UN        EMPLOY        SOCX
              ________      ________      ________
 NET_UN         1.000
 EMPLOY         0.256         1.000
 SOCX          -0.248        -0.386         1.000


TECHNICAL 1 OUTPUT


     PARAMETER SPECIFICATION FOR WITHIN


           NU
              OLD           UNEMP         INC           JOBS          FEMALE
              ________      ________      ________      ________      ________
                    0             0             0             0             0


           NU
              AGE           AGE2          EDUP          EDUS
              ________      ________      ________      ________
                    0             0             0             0


           LAMBDA
              ATTW          FEMALE        AGE           AGE2          EDUP
              ________      ________      ________      ________      ________
 OLD                1             0             0             0             0
 UNEMP              0             0             0             0             0
 INC                2             0             0             0             0
 JOBS               3             0             0             0             0
 FEMALE             0             0             0             0             0
 AGE                0             0             0             0             0
 AGE2               0             0             0             0             0
 EDUP               0             0             0             0             0
 EDUS               0             0             0             0             0


           LAMBDA
              EDUS
              ________
 OLD                0
 UNEMP              0
 INC                0
 JOBS               0
 FEMALE             0
 AGE                0
 AGE2               0
 EDUP               0
 EDUS               0


           THETA
              OLD           UNEMP         INC           JOBS          FEMALE
              ________      ________      ________      ________      ________
 OLD                4
 UNEMP              0             5
 INC                0             0             6
 JOBS               0             0             0             7
 FEMALE             0             0             0             0             0
 AGE                0             0             0             0             0
 AGE2               0             0             0             0             0
 EDUP               0             0             0             0             0
 EDUS               0             0             0             0             0


           THETA
              AGE           AGE2          EDUP          EDUS
              ________      ________      ________      ________
 AGE                0
 AGE2               0             0
 EDUP               0             0             0
 EDUS               0             0             0             0


           ALPHA
              ATTW          FEMALE        AGE           AGE2          EDUP
              ________      ________      ________      ________      ________
                    0             0             0             0             0


           ALPHA
              EDUS
              ________
                    0


           BETA
              ATTW          FEMALE        AGE           AGE2          EDUP
              ________      ________      ________      ________      ________
 ATTW               0             8             9            10            11
 FEMALE             0             0             0             0             0
 AGE                0             0             0             0             0
 AGE2               0             0             0             0             0
 EDUP               0             0             0             0             0
 EDUS               0             0             0             0             0


           BETA
              EDUS
              ________
 ATTW              12
 FEMALE             0
 AGE                0
 AGE2               0
 EDUP               0
 EDUS               0


           PSI
              ATTW          FEMALE        AGE           AGE2          EDUP
              ________      ________      ________      ________      ________
 ATTW              13
 FEMALE             0             0
 AGE                0             0             0
 AGE2               0             0             0             0
 EDUP               0             0             0             0             0
 EDUS               0             0             0             0             0


           PSI
              EDUS
              ________
 EDUS               0


     PARAMETER SPECIFICATION FOR BETWEEN


           NU
              OLD           UNEMP         INC           JOBS          GDP_O
              ________      ________      ________      ________      ________
                   14            15            16            17             0


           NU
              NET_UN        EMPLOY        SOCX
              ________      ________      ________
                    0             0             0


           LAMBDA
              ATTB          GDP_O         NET_UN        EMPLOY        SOCX
              ________      ________      ________      ________      ________
 OLD               18             0             0             0             0
 UNEMP              0             0             0             0             0
 INC               19             0             0             0             0
 JOBS              20             0             0             0             0
 GDP_O              0             0             0             0             0
 NET_UN             0             0             0             0             0
 EMPLOY             0             0             0             0             0
 SOCX               0             0             0             0             0


           THETA
              OLD           UNEMP         INC           JOBS          GDP_O
              ________      ________      ________      ________      ________
 OLD               21
 UNEMP              0            22
 INC                0             0            23
 JOBS               0             0             0            24
 GDP_O              0             0             0             0             0
 NET_UN             0             0             0             0             0
 EMPLOY             0             0             0             0             0
 SOCX               0             0             0             0             0


           THETA
              NET_UN        EMPLOY        SOCX
              ________      ________      ________
 NET_UN             0
 EMPLOY             0             0
 SOCX               0             0             0


           ALPHA
              ATTB          GDP_O         NET_UN        EMPLOY        SOCX
              ________      ________      ________      ________      ________
                    0             0             0             0             0


           BETA
              ATTB          GDP_O         NET_UN        EMPLOY        SOCX
              ________      ________      ________      ________      ________
 ATTB               0            25            26            27            28
 GDP_O              0             0             0             0             0
 NET_UN             0             0             0             0             0
 EMPLOY             0             0             0             0             0
 SOCX               0             0             0             0             0


           PSI
              ATTB          GDP_O         NET_UN        EMPLOY        SOCX
              ________      ________      ________      ________      ________
 ATTB              29
 GDP_O              0             0
 NET_UN             0             0             0
 EMPLOY             0             0             0             0
 SOCX               0             0             0             0             0


     STARTING VALUES FOR WITHIN


           NU
              OLD           UNEMP         INC           JOBS          FEMALE
              ________      ________      ________      ________      ________
                0.000         0.000         0.000         0.000         0.000


           NU
              AGE           AGE2          EDUP          EDUS
              ________      ________      ________      ________
                0.000         0.000         0.000         0.000


           LAMBDA
              ATTW          FEMALE        AGE           AGE2          EDUP
              ________      ________      ________      ________      ________
 OLD            1.000         0.000         0.000         0.000         0.000
 UNEMP          1.000         0.000         0.000         0.000         0.000
 INC            1.000         0.000         0.000         0.000         0.000
 JOBS           1.000         0.000         0.000         0.000         0.000
 FEMALE         0.000         1.000         0.000         0.000         0.000
 AGE            0.000         0.000         1.000         0.000         0.000
 AGE2           0.000         0.000         0.000         1.000         0.000
 EDUP           0.000         0.000         0.000         0.000         1.000
 EDUS           0.000         0.000         0.000         0.000         0.000


           LAMBDA
              EDUS
              ________
 OLD            0.000
 UNEMP          0.000
 INC            0.000
 JOBS           0.000
 FEMALE         0.000
 AGE            0.000
 AGE2           0.000
 EDUP           0.000
 EDUS           1.000


           THETA
              OLD           UNEMP         INC           JOBS          FEMALE
              ________      ________      ________      ________      ________
 OLD            0.189
 UNEMP          0.000         0.345
 INC            0.000         0.000         0.497
 JOBS           0.000         0.000         0.000         0.500
 FEMALE         0.000         0.000         0.000         0.000         0.000
 AGE            0.000         0.000         0.000         0.000         0.000
 AGE2           0.000         0.000         0.000         0.000         0.000
 EDUP           0.000         0.000         0.000         0.000         0.000
 EDUS           0.000         0.000         0.000         0.000         0.000


           THETA
              AGE           AGE2          EDUP          EDUS
              ________      ________      ________      ________
 AGE            0.000
 AGE2           0.000         0.000
 EDUP           0.000         0.000         0.000
 EDUS           0.000         0.000         0.000         0.000


           ALPHA
              ATTW          FEMALE        AGE           AGE2          EDUP
              ________      ________      ________      ________      ________
                0.000         0.000         0.000         0.000         0.000


           ALPHA
              EDUS
              ________
                0.000


           BETA
              ATTW          FEMALE        AGE           AGE2          EDUP
              ________      ________      ________      ________      ________
 ATTW           0.000         0.000         0.000         0.000         0.000
 FEMALE         0.000         0.000         0.000         0.000         0.000
 AGE            0.000         0.000         0.000         0.000         0.000
 AGE2           0.000         0.000         0.000         0.000         0.000
 EDUP           0.000         0.000         0.000         0.000         0.000
 EDUS           0.000         0.000         0.000         0.000         0.000


           BETA
              EDUS
              ________
 ATTW           0.000
 FEMALE         0.000
 AGE            0.000
 AGE2           0.000
 EDUP           0.000
 EDUS           0.000


           PSI
              ATTW          FEMALE        AGE           AGE2          EDUP
              ________      ________      ________      ________      ________
 ATTW           1.000
 FEMALE         0.000         0.125
 AGE            0.000         0.000       138.094
 AGE2           0.000         0.000         0.000       137.198
 EDUP           0.000         0.000         0.000         0.000         0.090
 EDUS           0.000         0.000         0.000         0.000         0.000


           PSI
              EDUS
              ________
 EDUS           0.123


     STARTING VALUES FOR BETWEEN


           NU
              OLD           UNEMP         INC           JOBS          GDP_O
              ________      ________      ________      ________      ________
                3.543         2.954         2.947         2.782         0.000


           NU
              NET_UN        EMPLOY        SOCX
              ________      ________      ________
                0.000         0.000         0.000


           LAMBDA
              ATTB          GDP_O         NET_UN        EMPLOY        SOCX
              ________      ________      ________      ________      ________
 OLD            1.000         0.000         0.000         0.000         0.000
 UNEMP          1.000         0.000         0.000         0.000         0.000
 INC            1.000         0.000         0.000         0.000         0.000
 JOBS           1.000         0.000         0.000         0.000         0.000
 GDP_O          0.000         1.000         0.000         0.000         0.000
 NET_UN         0.000         0.000         1.000         0.000         0.000
 EMPLOY         0.000         0.000         0.000         1.000         0.000
 SOCX           0.000         0.000         0.000         0.000         1.000


           THETA
              OLD           UNEMP         INC           JOBS          GDP_O
              ________      ________      ________      ________      ________
 OLD            0.189
 UNEMP          0.000         0.345
 INC            0.000         0.000         0.497
 JOBS           0.000         0.000         0.000         0.500
 GDP_O          0.000         0.000         0.000         0.000         0.000
 NET_UN         0.000         0.000         0.000         0.000         0.000
 EMPLOY         0.000         0.000         0.000         0.000         0.000
 SOCX           0.000         0.000         0.000         0.000         0.000


           THETA
              NET_UN        EMPLOY        SOCX
              ________      ________      ________
 NET_UN         0.000
 EMPLOY         0.000         0.000
 SOCX           0.000         0.000         0.000


           ALPHA
              ATTB          GDP_O         NET_UN        EMPLOY        SOCX
              ________      ________      ________      ________      ________
                0.000         0.000         0.000         0.000         0.000


           BETA
              ATTB          GDP_O         NET_UN        EMPLOY        SOCX
              ________      ________      ________      ________      ________
 ATTB           0.000         0.000         0.000         0.000         0.000
 GDP_O          0.000         0.000         0.000         0.000         0.000
 NET_UN         0.000         0.000         0.000         0.000         0.000
 EMPLOY         0.000         0.000         0.000         0.000         0.000
 SOCX           0.000         0.000         0.000         0.000         0.000


           PSI
              ATTB          GDP_O         NET_UN        EMPLOY        SOCX
              ________      ________      ________      ________      ________
 ATTB           1.000
 GDP_O          0.000        38.478
 NET_UN         0.000         0.000         0.045
 EMPLOY         0.000         0.000         0.000        20.108
 SOCX           0.000         0.000         0.000         0.000         9.489



     PRIORS FOR ALL PARAMETERS            PRIOR MEAN      PRIOR VARIANCE     PRIOR STD. DEV.

     Parameter 1~N(0.000,infinity)           0.0000            infinity            infinity
     Parameter 2~N(0.000,infinity)           0.0000            infinity            infinity
     Parameter 3~N(0.000,infinity)           0.0000            infinity            infinity
     Parameter 4~IG(-1.000,0.000)          infinity            infinity            infinity
     Parameter 5~IG(-1.000,0.000)          infinity            infinity            infinity
     Parameter 6~IG(-1.000,0.000)          infinity            infinity            infinity
     Parameter 7~IG(-1.000,0.000)          infinity            infinity            infinity
     Parameter 8~N(0.000,infinity)           0.0000            infinity            infinity
     Parameter 9~N(0.000,infinity)           0.0000            infinity            infinity
     Parameter 10~N(0.000,infinity)          0.0000            infinity            infinity
     Parameter 11~N(0.000,infinity)          0.0000            infinity            infinity
     Parameter 12~N(0.000,infinity)          0.0000            infinity            infinity
     Parameter 13~IG(-1.000,0.000)         infinity            infinity            infinity
     Parameter 14~N(0.000,infinity)          0.0000            infinity            infinity
     Parameter 15~N(0.000,infinity)          0.0000            infinity            infinity
     Parameter 16~N(0.000,infinity)          0.0000            infinity            infinity
     Parameter 17~N(0.000,infinity)          0.0000            infinity            infinity
     Parameter 18~N(0.000,infinity)          0.0000            infinity            infinity
     Parameter 19~N(0.000,infinity)          0.0000            infinity            infinity
     Parameter 20~N(0.000,infinity)          0.0000            infinity            infinity
     Parameter 21~IG(-1.000,0.000)         infinity            infinity            infinity
     Parameter 22~IG(-1.000,0.000)         infinity            infinity            infinity
     Parameter 23~IG(-1.000,0.000)         infinity            infinity            infinity
     Parameter 24~IG(-1.000,0.000)         infinity            infinity            infinity
     Parameter 25~N(0.000,infinity)          0.0000            infinity            infinity
     Parameter 26~N(0.000,infinity)          0.0000            infinity            infinity
     Parameter 27~N(0.000,infinity)          0.0000            infinity            infinity
     Parameter 28~N(0.000,infinity)          0.0000            infinity            infinity
     Parameter 29~IG(-1.000,0.000)         infinity            infinity            infinity


TECHNICAL 4 OUTPUT


     ESTIMATES DERIVED FROM THE MODEL FOR WITHIN


           ESTIMATED MEANS FOR THE LATENT VARIABLES
              ATTW          ATTB          FEMALE        AGE           AGE2
              ________      ________      ________      ________      ________
                0.190         0.000         0.507        47.241        25.079


           ESTIMATED MEANS FOR THE LATENT VARIABLES
              EDUP          EDUS          GDP_O         NET_UN        EMPLOY
              ________      ________      ________      ________      ________
                0.235         0.430         0.000         0.000         0.000


           ESTIMATED MEANS FOR THE LATENT VARIABLES
              SOCX
              ________
                0.000


           ESTIMATED COVARIANCE MATRIX FOR THE LATENT VARIABLES
              ATTW          ATTB          FEMALE        AGE           AGE2
              ________      ________      ________      ________      ________
 ATTW           0.242
 ATTB           0.000         0.000
 FEMALE         0.033         0.000         0.250
 AGE            0.754         0.000        -0.139       276.188
 AGE2           0.809         0.000        -0.118       270.809       274.395
 EDUP           0.037         0.000         0.004         2.097         2.195
 EDUS           0.011         0.000         0.004        -1.214        -1.197
 GDP_O          0.000         0.000         0.000         0.000         0.000
 NET_UN         0.000         0.000         0.000         0.000         0.000
 EMPLOY         0.000         0.000         0.000         0.000         0.000
 SOCX           0.000         0.000         0.000         0.000         0.000


           ESTIMATED COVARIANCE MATRIX FOR THE LATENT VARIABLES
              EDUP          EDUS          GDP_O         NET_UN        EMPLOY
              ________      ________      ________      ________      ________
 EDUP           0.180
 EDUS          -0.101         0.245
 GDP_O          0.000         0.000         0.000
 NET_UN         0.000         0.000         0.000         0.000
 EMPLOY         0.000         0.000         0.000         0.000         0.000
 SOCX           0.000         0.000         0.000         0.000         0.000


           ESTIMATED COVARIANCE MATRIX FOR THE LATENT VARIABLES
              SOCX
              ________
 SOCX           0.000


           ESTIMATED CORRELATION MATRIX FOR THE LATENT VARIABLES
              ATTW          ATTB          FEMALE        AGE           AGE2
              ________      ________      ________      ________      ________
 ATTW           1.000
 ATTB           0.000         0.000
 FEMALE         0.133         0.000         1.000
 AGE            0.092         0.000        -0.017         1.000
 AGE2           0.099         0.000        -0.014         0.984         1.000
 EDUP           0.178         0.000         0.021         0.298         0.312
 EDUS           0.043         0.000         0.017        -0.148        -0.146
 GDP_O          0.000         0.000         0.000         0.000         0.000
 NET_UN         0.000         0.000         0.000         0.000         0.000
 EMPLOY         0.000         0.000         0.000         0.000         0.000
 SOCX           0.000         0.000         0.000         0.000         0.000


           ESTIMATED CORRELATION MATRIX FOR THE LATENT VARIABLES
              EDUP          EDUS          GDP_O         NET_UN        EMPLOY
              ________      ________      ________      ________      ________
 EDUP           1.000
 EDUS          -0.481         1.000
 GDP_O          0.000         0.000         0.000
 NET_UN         0.000         0.000         0.000         0.000
 EMPLOY         0.000         0.000         0.000         0.000         0.000
 SOCX           0.000         0.000         0.000         0.000         0.000


           ESTIMATED CORRELATION MATRIX FOR THE LATENT VARIABLES
              SOCX
              ________
 SOCX           0.000


     ESTIMATES DERIVED FROM THE MODEL FOR BETWEEN


           ESTIMATED MEANS FOR THE LATENT VARIABLES
              ATTW          ATTB          FEMALE        AGE           AGE2
              ________      ________      ________      ________      ________
                0.000        -0.376         0.000         0.000         0.000


           ESTIMATED MEANS FOR THE LATENT VARIABLES
              EDUP          EDUS          GDP_O         NET_UN        EMPLOY
              ________      ________      ________      ________      ________
                0.000         0.000        31.298         0.383        58.110


           ESTIMATED MEANS FOR THE LATENT VARIABLES
              SOCX
              ________
               20.650


           ESTIMATED COVARIANCE MATRIX FOR THE LATENT VARIABLES
              ATTW          ATTB          FEMALE        AGE           AGE2
              ________      ________      ________      ________      ________
 ATTW           0.000
 ATTB           0.000         0.090
 FEMALE         0.000         0.000         0.000
 AGE            0.000         0.000         0.000         0.000
 AGE2           0.000         0.000         0.000         0.000         0.000
 EDUP           0.000         0.000         0.000         0.000         0.000
 EDUS           0.000         0.000         0.000         0.000         0.000
 GDP_O          0.000        -0.347         0.000         0.000         0.000
 NET_UN         0.000        -0.005         0.000         0.000         0.000
 EMPLOY         0.000        -0.732         0.000         0.000         0.000
 SOCX           0.000         0.637         0.000         0.000         0.000


           ESTIMATED COVARIANCE MATRIX FOR THE LATENT VARIABLES
              EDUP          EDUS          GDP_O         NET_UN        EMPLOY
              ________      ________      ________      ________      ________
 EDUP           0.000
 EDUS           0.000         0.000
 GDP_O          0.000         0.000        80.672
 NET_UN         0.000         0.000         0.588         0.079
 EMPLOY         0.000         0.000        27.346         0.411        32.695
 SOCX           0.000         0.000        -2.264        -0.308        -9.724


           ESTIMATED COVARIANCE MATRIX FOR THE LATENT VARIABLES
              SOCX
              ________
 SOCX          19.443


           ESTIMATED CORRELATION MATRIX FOR THE LATENT VARIABLES
              ATTW          ATTB          FEMALE        AGE           AGE2
              ________      ________      ________      ________      ________
 ATTW           0.000
 ATTB           0.000         1.000
 FEMALE         0.000         0.000         0.000
 AGE            0.000         0.000         0.000         0.000
 AGE2           0.000         0.000         0.000         0.000         0.000
 EDUP           0.000         0.000         0.000         0.000         0.000
 EDUS           0.000         0.000         0.000         0.000         0.000
 GDP_O          0.000        -0.129         0.000         0.000         0.000
 NET_UN         0.000        -0.060         0.000         0.000         0.000
 EMPLOY         0.000        -0.427         0.000         0.000         0.000
 SOCX           0.000         0.482         0.000         0.000         0.000


           ESTIMATED CORRELATION MATRIX FOR THE LATENT VARIABLES
              EDUP          EDUS          GDP_O         NET_UN        EMPLOY
              ________      ________      ________      ________      ________
 EDUP           0.000
 EDUS           0.000         0.000
 GDP_O          0.000         0.000         1.000
 NET_UN         0.000         0.000         0.233         1.000
 EMPLOY         0.000         0.000         0.532         0.256         1.000
 SOCX           0.000         0.000        -0.057        -0.248        -0.386


           ESTIMATED CORRELATION MATRIX FOR THE LATENT VARIABLES
              SOCX
              ________
 SOCX           1.000


DIAGRAM INFORMATION

  Mplus diagrams are currently not available for multilevel analysis.
  No diagram output was produced.


     Beginning Time:  13:55:58
        Ending Time:  13:56:13
       Elapsed Time:  00:00:15



MUTHEN & MUTHEN
3463 Stoner Ave.
Los Angeles, CA  90066

Tel: (310) 391-9971
Fax: (310) 391-8971
Web: www.StatModel.com
Support: Support@StatModel.com

Copyright (c) 1998-2018 Muthen & Muthen
