Mplus VERSION 8.2
MUTHEN & MUTHEN
01/04/2020   3:56 PM

INPUT INSTRUCTIONS

  DATA: file is C:/data/t41.dat;

  VARIABLE:

  NAMES ARE coun_year
  V1_n
  ID
  CASEID
  COUNTRY
  ISO
  JOBS
  HEALTH
  OLD
  UNEMP
  INCOME
  HOUSING
  SEX
  AGE
  AGE_CAT
  DK_AGE
  MARITAL
  Mar_1
  Mar_2
  Mar_3
  Mar_4
  Mar_5
  DEGREE
  ATTEND
  ATTEND_C
  ATT_1
  ATT_2
  ATT_3
  URBRURAL
  URBRURAL_R
  UR_1
  UR_2
  UR_3
  HOMPOP
  MAINSTAT
  EMP_1
  EMP_2
  CHILD
  LIB
  SOC
  CONS
  WEIGHT
  deg_1
  deg_2
  deg_3
  mignet_un10
  migstock_wb
  migstock_un
  mignet_un
  socx_oecd
  wdi_unempilo
  AV_stock_un
  AV_net_un
  AV_socx_oecd
  AV_wdi_unempilo
  AV_mignet_un10
  C_Y_stock_un
  C_Y_net_un
  C_Y_socx_oecd
  C_Y_wdi_unemplilo
  C_Y_mignet_un10
  age_2
  age_3
  age_4
  age_5
  age_6
  age_7
  ;

  USEVARIABLES ARE AGE_CAT
  SEX
  V1_n
  HOMPOP
  EMP_1
  deg_3
  C_Y_stock_un
  AV_stock_un
  Sum_scale_welfare
  ;

  missing are all (-9999);

  cluster = country coun_year;

  weight is weight;

  Within = AGE_CAT
  SEX
  V1_n
  HOMPOP
  EMP_1
  deg_3
  ;

  Between = (coun_year) C_Y_stock_un (country) AV_stock_un;



  DEFINE:
  Sum_scale_welfare = (JOBS + HEALTH + OLD + UNEMP + INCOME + HOUSING) / 6;

  ANALYSIS:

  type = threelevel;
  estimator = MLR;

  MODEL:

  %within%
  sum_scale_welfare on AGE_CAT
  SEX
  V1_n
  HOMPOP
  EMP_1
  deg_3
  ;

  %Between coun_year%
  sum_scale_welfare on C_Y_stock_un;

  %Between country%
  sum_scale_welfare on AV_stock_un;

  output: sampstat; cinterval;



*** WARNING in VARIABLE command
  Note that only the first 8 characters of variable names are used in the output.
  Shorten variable names to avoid any confusion.
*** WARNING
  Data set contains cases with missing on x-variables.
  These cases were not included in the analysis.
  Number of cases with missing on x-variables:  3795
*** WARNING
  Data set contains cases with missing on all variables except
  x-variables.  These cases were not included in the analysis.
  Number of cases with missing on all variables except x-variables:  4881
   3 WARNING(S) FOUND IN THE INPUT INSTRUCTIONS




SUMMARY OF ANALYSIS

Number of groups                                                 1
Number of observations                                       31123

Number of dependent variables                                    1
Number of independent variables                                  8
Number of continuous latent variables                            0

Observed dependent variables

  Continuous
   SUM_SCALE_

Observed independent variables
   AGE_CAT     SEX         V1_N        HOMPOP      EMP_1       DEG_3
   C_Y_STOC    AV_STOCK

Variables with special functions

  Cluster variables     COUNTRY   COUN_YEA
  Weight variable (cluster-size scaling)
    WEIGHT

  Within variables
   AGE_CAT     SEX         V1_N        HOMPOP      EMP_1       DEG_3

  Level 2 between variables
   C_Y_STOC

  Level 3 between variables
   AV_STOCK


Estimator                                                      MLR
Information matrix                                        OBSERVED
Maximum number of iterations                                   100
Convergence criterion                                    0.100D-05
Maximum number of EM iterations                                500
Convergence criteria for the EM algorithm
  Loglikelihood change                                   0.100D-02
  Relative loglikelihood change                          0.100D-05
  Derivative                                             0.100D-03
Minimum variance                                         0.100D-03
Maximum number of steepest descent iterations                   20
Maximum number of iterations for H1                           2000
Convergence criterion for H1                             0.100D-02
Optimization algorithm                                         EMA

Input data file(s)
  C:/data/t41.dat
Input data format  FREE


SUMMARY OF DATA

     Number of missing data patterns             1
     Number of COUN_YEAR clusters               28
     Number of COUNTRY clusters                 17

     Average cluster size for COUN_YEAR level     1111.536

     Estimated Intraclass Correlations for the Y Variables for COUN_YEAR level

                Intraclass
     Variable  Correlation

     SUM_SCAL     0.011

     Average cluster size for COUNTRY level     1830.765

     Estimated Intraclass Correlations for the Y Variables for COUNTRY level

                Intraclass
     Variable  Correlation

     SUM_SCAL     0.141


COVARIANCE COVERAGE OF DATA

Minimum covariance coverage value   0.100


     PROPORTION OF DATA PRESENT


           Covariance Coverage
              SUM_SCAL      AGE_CAT       SEX           V1_N          HOMPOP
              ________      ________      ________      ________      ________
 SUM_SCAL       1.000
 AGE_CAT        1.000         1.000
 SEX            1.000         1.000         1.000
 V1_N           1.000         1.000         1.000         1.000
 HOMPOP         1.000         1.000         1.000         1.000         1.000
 EMP_1          1.000         1.000         1.000         1.000         1.000
 DEG_3          1.000         1.000         1.000         1.000         1.000
 C_Y_STOC       1.000         1.000         1.000         1.000         1.000
 AV_STOCK       1.000         1.000         1.000         1.000         1.000


           Covariance Coverage
              EMP_1         DEG_3         C_Y_STOC      AV_STOCK
              ________      ________      ________      ________
 EMP_1          1.000
 DEG_3          1.000         1.000
 C_Y_STOC       1.000         1.000         1.000
 AV_STOCK       1.000         1.000         1.000         1.000


SAMPLE STATISTICS

NOTE:  The sample statistics for within and between refer to the
       maximum-likelihood estimated within and between covariance
       matrices, respectively.


     ESTIMATED SAMPLE STATISTICS FOR WITHIN


           Means
              SUM_SCAL      AGE_CAT       SEX           V1_N          HOMPOP
              ________      ________      ________      ________      ________
                0.000        48.043         1.502         0.446         2.789


           Means
              EMP_1         DEG_3         C_Y_STOC      AV_STOCK
              ________      ________      ________      ________
                0.614         0.482         0.000         0.000


           Covariances
              SUM_SCAL      AGE_CAT       SEX           V1_N          HOMPOP
              ________      ________      ________      ________      ________
 SUM_SCAL       0.265
 AGE_CAT       -0.304       245.761
 SEX           -0.028        -0.281         0.250
 V1_N           0.012         0.373        -0.004         0.247
 HOMPOP         0.024        -7.008        -0.001        -0.030         1.933
 EMP_1          0.029        -2.493        -0.023        -0.008         0.110
 DEG_3          0.035        -0.648        -0.003         0.036         0.000
 C_Y_STOC       0.000         0.000         0.000         0.000         0.000
 AV_STOCK       0.000         0.000         0.000         0.000         0.000


           Covariances
              EMP_1         DEG_3         C_Y_STOC      AV_STOCK
              ________      ________      ________      ________
 EMP_1          0.237
 DEG_3          0.046         0.250
 C_Y_STOC       0.000         0.000         0.000
 AV_STOCK       0.000         0.000         0.000         0.000


           Correlations
              SUM_SCAL      AGE_CAT       SEX           V1_N          HOMPOP
              ________      ________      ________      ________      ________
 SUM_SCAL       1.000
 AGE_CAT       -0.038         1.000
 SEX           -0.109        -0.036         1.000
 V1_N           0.047         0.048        -0.015         1.000
 HOMPOP         0.033        -0.321        -0.001        -0.044         1.000
 EMP_1          0.116        -0.327        -0.095        -0.032         0.162
 DEG_3          0.138        -0.083        -0.012         0.145         0.000
 C_Y_STOC       0.000         0.000         0.000         0.000         0.000
 AV_STOCK       0.000         0.000         0.000         0.000         0.000


           Correlations
              EMP_1         DEG_3         C_Y_STOC      AV_STOCK
              ________      ________      ________      ________
 EMP_1          1.000
 DEG_3          0.188         1.000
 C_Y_STOC       0.000         0.000         0.000
 AV_STOCK       0.000         0.000         0.000         0.000


     ESTIMATED SAMPLE STATISTICS FOR BETWEEN COUN_YEAR


           Means
              SUM_SCAL      AGE_CAT       SEX           V1_N          HOMPOP
              ________      ________      ________      ________      ________
                0.000         0.000         0.000         0.000         0.000


           Means
              EMP_1         DEG_3         C_Y_STOC      AV_STOCK
              ________      ________      ________      ________
                0.000         0.000        -0.032         0.000


           Covariances
              SUM_SCAL      AGE_CAT       SEX           V1_N          HOMPOP
              ________      ________      ________      ________      ________
 SUM_SCAL       0.003
 AGE_CAT        0.000         0.000
 SEX            0.000         0.000         0.000
 V1_N           0.000         0.000         0.000         0.000
 HOMPOP         0.000         0.000         0.000         0.000         0.000
 EMP_1          0.000         0.000         0.000         0.000         0.000
 DEG_3          0.000         0.000         0.000         0.000         0.000
 C_Y_STOC      -0.022         0.000         0.000         0.000         0.000
 AV_STOCK       0.000         0.000         0.000         0.000         0.000


           Covariances
              EMP_1         DEG_3         C_Y_STOC      AV_STOCK
              ________      ________      ________      ________
 EMP_1          0.000
 DEG_3          0.000         0.000
 C_Y_STOC       0.000         0.000         2.475
 AV_STOCK       0.000         0.000         0.000         0.000


           Correlations
              SUM_SCAL      AGE_CAT       SEX           V1_N          HOMPOP
              ________      ________      ________      ________      ________
 SUM_SCAL       1.000
 AGE_CAT        0.000         0.000
 SEX            0.000         0.000         0.000
 V1_N           0.000         0.000         0.000         0.000
 HOMPOP         0.000         0.000         0.000         0.000         0.000
 EMP_1          0.000         0.000         0.000         0.000         0.000
 DEG_3          0.000         0.000         0.000         0.000         0.000
 C_Y_STOC      -0.244         0.000         0.000         0.000         0.000
 AV_STOCK       0.000         0.000         0.000         0.000         0.000


           Correlations
              EMP_1         DEG_3         C_Y_STOC      AV_STOCK
              ________      ________      ________      ________
 EMP_1          0.000
 DEG_3          0.000         0.000
 C_Y_STOC       0.000         0.000         1.000
 AV_STOCK       0.000         0.000         0.000         0.000


     ESTIMATED SAMPLE STATISTICS FOR BETWEEN COUNTRY


           Means
              SUM_SCAL      AGE_CAT       SEX           V1_N          HOMPOP
              ________      ________      ________      ________      ________
                1.884         0.000         0.000         0.000         0.000


           Means
              EMP_1         DEG_3         C_Y_STOC      AV_STOCK
              ________      ________      ________      ________
                0.000         0.000         0.000        13.491


           Covariances
              SUM_SCAL      AGE_CAT       SEX           V1_N          HOMPOP
              ________      ________      ________      ________      ________
 SUM_SCAL       0.044
 AGE_CAT        0.000         0.000
 SEX            0.000         0.000         0.000
 V1_N           0.000         0.000         0.000         0.000
 HOMPOP         0.000         0.000         0.000         0.000         0.000
 EMP_1          0.000         0.000         0.000         0.000         0.000
 DEG_3          0.000         0.000         0.000         0.000         0.000
 C_Y_STOC       0.000         0.000         0.000         0.000         0.000
 AV_STOCK       0.409         0.000         0.000         0.000         0.000


           Covariances
              EMP_1         DEG_3         C_Y_STOC      AV_STOCK
              ________      ________      ________      ________
 EMP_1          0.000
 DEG_3          0.000         0.000
 C_Y_STOC       0.000         0.000         0.000
 AV_STOCK       0.000         0.000         0.000        43.315


           Correlations
              SUM_SCAL      AGE_CAT       SEX           V1_N          HOMPOP
              ________      ________      ________      ________      ________
 SUM_SCAL       1.000
 AGE_CAT        0.000         0.000
 SEX            0.000         0.000         0.000
 V1_N           0.000         0.000         0.000         0.000
 HOMPOP         0.000         0.000         0.000         0.000         0.000
 EMP_1          0.000         0.000         0.000         0.000         0.000
 DEG_3          0.000         0.000         0.000         0.000         0.000
 C_Y_STOC       0.000         0.000         0.000         0.000         0.000
 AV_STOCK       0.296         0.000         0.000         0.000         0.000


           Correlations
              EMP_1         DEG_3         C_Y_STOC      AV_STOCK
              ________      ________      ________      ________
 EMP_1          0.000
 DEG_3          0.000         0.000
 C_Y_STOC       0.000         0.000         0.000
 AV_STOCK       0.000         0.000         0.000         1.000


     MAXIMUM LOG-LIKELIHOOD VALUE FOR THE UNRESTRICTED (H1) MODEL IS -22940.314


UNIVARIATE SAMPLE STATISTICS


     UNIVARIATE HIGHER-ORDER MOMENT DESCRIPTIVE STATISTICS

         Variable/         Mean/     Skewness/   Minimum/ % with                Percentiles
        Sample Size      Variance    Kurtosis    Maximum  Min/Max      20%/60%    40%/80%    Median

     SUM_SCALE_WELFA       1.858       0.458       1.000    9.72%       1.333      1.667      1.833
           31123.000       0.324      -0.129       4.000    0.12%       2.000      2.333
     AGE_CAT              48.043      -0.103      22.000    8.54%      31.000     41.000     51.000
           31123.000     245.761      -1.188      70.000   20.25%      51.000     70.000
     SEX                   1.502      -0.009       1.000   49.37%       1.000      1.000      2.000
           31123.000       0.250      -2.000       2.000   50.63%       2.000      2.000
     V1_N                  0.446       0.216       0.000   55.37%       0.000      0.000      0.000
           31123.000       0.247      -1.953       1.000   44.63%       1.000      1.000
     HOMPOP                2.789       1.029       0.000    0.15%       2.000      2.000      2.000
           31123.000       1.933       2.249      17.000    0.00%       3.000      4.000
     EMP_1                 0.614      -0.469       0.000   40.01%       0.000      0.000      1.000
           31123.000       0.237      -1.780       1.000   59.99%       1.000      1.000
     DEG_3                 0.482       0.074       0.000   51.39%       0.000      0.000      0.000
           31123.000       0.250      -1.995       1.000   48.61%       1.000      1.000
     C_Y_STOCK_UN         -0.032       0.092      -3.270    3.57%      -1.170     -0.880     -0.285
              28.000       2.475      -0.718       3.280    3.57%       0.510      1.180
     AV_STOCK_UN          13.491       0.498       1.650    5.88%       7.790     11.190     11.640
              17.000      43.315      -0.224      26.700    5.88%      12.000     19.900


THE MODEL ESTIMATION TERMINATED NORMALLY



MODEL FIT INFORMATION

Number of Free Parameters                       12

Loglikelihood

          H0 Value                      -22940.313
          H0 Scaling Correction Factor      8.3341
            for MLR
          H1 Value                      -22940.314
          H1 Scaling Correction Factor      8.3341
            for MLR

Information Criteria

          Akaike (AIC)                   45904.626
          Bayesian (BIC)                 46004.775
          Sample-Size Adjusted BIC       45966.639
            (n* = (n + 2) / 24)

Chi-Square Test of Model Fit

          Value                              0.000*
          Degrees of Freedom                     0
          P-Value                           1.0000
          Scaling Correction Factor         1.0000
            for MLR

*   The chi-square value for MLM, MLMV, MLR, ULSMV, WLSM and WLSMV cannot be used
    for chi-square difference testing in the regular way.  MLM, MLR and WLSM
    chi-square difference testing is described on the Mplus website.  MLMV, WLSMV,
    and ULSMV difference testing is done using the DIFFTEST option.

RMSEA (Root Mean Square Error Of Approximation)

          Estimate                           0.000

CFI/TLI

          CFI                                1.000
          TLI                                1.000

Chi-Square Test of Model Fit for the Baseline Model

          Value                            295.154
          Degrees of Freedom                     8
          P-Value                           0.0000

SRMR (Standardized Root Mean Square Residual)

          Value for Within                   0.000
          Value for Between Level 2          0.004
          Value for Between Level 3          0.001



MODEL RESULTS

                                                    Two-Tailed
                    Estimate       S.E.  Est./S.E.    P-Value

Within Level

 SUM_SCALE_ ON
    AGE_CAT            0.000      0.001      0.039      0.969
    SEX               -0.102      0.014     -7.374      0.000
    V1_N               0.033      0.045      0.742      0.458
    HOMPOP             0.008      0.004      2.122      0.034
    EMP_1              0.087      0.011      7.750      0.000
    DEG_3              0.120      0.012      9.661      0.000

 Residual Variances
    SUM_SCALE_         0.255      0.017     15.039      0.000

Between COUN_YEAR Level

 SUM_SCALE_ ON
    C_Y_STOCK_        -0.009      0.011     -0.769      0.442

 Residual Variances
    SUM_SCALE_         0.003      0.001      2.899      0.004

Between COUNTRY Level

 SUM_SCALE_ ON
    AV_STOCK_U         0.009      0.009      1.044      0.297

 Intercepts
    SUM_SCALE_         1.761      0.148     11.894      0.000

 Residual Variances
    SUM_SCALE_         0.040      0.016      2.467      0.014


QUALITY OF NUMERICAL RESULTS

     Condition Number for the Information Matrix              0.138E-07
       (ratio of smallest to largest eigenvalue)


CONFIDENCE INTERVALS OF MODEL RESULTS

                  Lower .5%  Lower 2.5%    Lower 5%    Estimate    Upper 5%  Upper 2.5%   Upper .5%

Within Level

 SUM_SCAL ON
    AGE_CAT         -0.001      -0.001      -0.001       0.000       0.001       0.001       0.001
    SEX             -0.138      -0.129      -0.125      -0.102      -0.079      -0.075      -0.067
    V1_N            -0.082      -0.055      -0.040       0.033       0.107       0.121       0.149
    HOMPOP          -0.002       0.001       0.002       0.008       0.014       0.015       0.018
    EMP_1            0.058       0.065       0.068       0.087       0.105       0.109       0.116
    DEG_3            0.088       0.096       0.100       0.120       0.141       0.145       0.152

 Residual Variances
    SUM_SCALE_       0.211       0.221       0.227       0.255       0.283       0.288       0.298

Between COUN_YEAR Level

 SUM_SCAL ON
    C_Y_STOCK_      -0.038      -0.031      -0.028      -0.009       0.010       0.014       0.021

 Residual Variances
    SUM_SCALE_       0.000       0.001       0.001       0.003       0.005       0.005       0.006

Between COUNTRY Level

 SUM_SCAL ON
    AV_STOCK_U      -0.014      -0.008      -0.005       0.009       0.024       0.027       0.033

 Intercepts
    SUM_SCALE_       1.379       1.471       1.517       1.761       2.004       2.051       2.142

 Residual Variances
    SUM_SCALE_      -0.002       0.008       0.013       0.040       0.067       0.072       0.082


DIAGRAM INFORMATION

  Mplus diagrams are currently not available for multilevel analysis.
  No diagram output was produced.


     Beginning Time:  15:56:32
        Ending Time:  15:56:36
       Elapsed Time:  00:00:04



MUTHEN & MUTHEN
3463 Stoner Ave.
Los Angeles, CA  90066

Tel: (310) 391-9971
Fax: (310) 391-8971
Web: www.StatModel.com
Support: Support@StatModel.com

Copyright (c) 1998-2018 Muthen & Muthen
